{"/Users/PlayerOne/Desktop/t5-crs/Frontend/Mobile/Dedale/src/components/CoordinatesDisplay.tsx": {"path":"/Users/PlayerOne/Desktop/t5-crs/Frontend/Mobile/Dedale/src/components/CoordinatesDisplay.tsx","statementMap":{"0":{"start":{"line":20,"column":32},"end":{"line":20,"column":65}},"1":{"start":{"line":22,"column":2},"end":{"line":31,"column":41}},"2":{"start":{"line":23,"column":4},"end":{"line":30,"column":5}},"3":{"start":{"line":24,"column":27},"end":{"line":27,"column":7}},"4":{"start":{"line":25,"column":21},"end":{"line":25,"column":68}},"5":{"start":{"line":26,"column":8},"end":{"line":26,"column":47}},"6":{"start":{"line":29,"column":6},"end":{"line":29,"column":21}},"7":{"start":{"line":33,"column":2},"end":{"line":74,"column":4}}},"fnMap":{"0":{"name":"CoordinatesDisplay","decl":{"start":{"line":13,"column":24},"end":{"line":13,"column":42}},"loc":{"start":{"line":19,"column":28},"end":{"line":75,"column":1}},"line":19},"1":{"name":"(anonymous_1)","decl":{"start":{"line":22,"column":12},"end":{"line":22,"column":13}},"loc":{"start":{"line":22,"column":18},"end":{"line":31,"column":3}},"line":22},"2":{"name":"(anonymous_2)","decl":{"start":{"line":24,"column":27},"end":{"line":24,"column":28}},"loc":{"start":{"line":24,"column":39},"end":{"line":27,"column":7}},"line":24}},"branchMap":{"0":{"loc":{"start":{"line":16,"column":2},"end":{"line":16,"column":24}},"type":"default-arg","locations":[{"start":{"line":16,"column":20},"end":{"line":16,"column":24}}],"line":16},"1":{"loc":{"start":{"line":17,"column":2},"end":{"line":17,"column":20}},"type":"default-arg","locations":[{"start":{"line":17,"column":16},"end":{"line":17,"column":20}}],"line":17},"2":{"loc":{"start":{"line":23,"column":4},"end":{"line":30,"column":5}},"type":"if","locations":[{"start":{"line":23,"column":4},"end":{"line":30,"column":5}},{"start":{},"end":{}}],"line":23},"3":{"loc":{"start":{"line":26,"column":19},"end":{"line":26,"column":45}},"type":"binary-expr","locations":[{"start":{"line":26,"column":19},"end":{"line":26,"column":23}},{"start":{"line":26,"column":27},"end":{"line":26,"column":45}}],"line":26},"4":{"loc":{"start":{"line":36,"column":7},"end":{"line":43,"column":7}},"type":"binary-expr","locations":[{"start":{"line":36,"column":7},"end":{"line":36,"column":18}},{"start":{"line":37,"column":8},"end":{"line":42,"column":15}}],"line":36},"5":{"loc":{"start":{"line":46,"column":7},"end":{"line":72,"column":7}},"type":"binary-expr","locations":[{"start":{"line":46,"column":7},"end":{"line":46,"column":22}},{"start":{"line":47,"column":8},"end":{"line":71,"column":15}}],"line":46}},"s":{"0":0,"1":0,"2":0,"3":0,"4":0,"5":0,"6":0,"7":0},"f":{"0":0,"1":0,"2":0},"b":{"0":[0],"1":[0],"2":[0,0],"3":[0,0],"4":[0,0],"5":[0,0]},"_coverageSchema":"1a1c01bbd47fc00a2c39e90264f33305004495a9","hash":"d50b30d3aac5cc9dba0ce4664019349cc012fd0a"}
,"/Users/PlayerOne/Desktop/t5-crs/Frontend/Mobile/Dedale/src/components/CustomButton.tsx": {"path":"/Users/PlayerOne/Desktop/t5-crs/Frontend/Mobile/Dedale/src/components/CustomButton.tsx","statementMap":{"0":{"start":{"line":18,"column":28},"end":{"line":29,"column":3}},"1":{"start":{"line":19,"column":4},"end":{"line":28,"column":5}},"2":{"start":{"line":21,"column":8},"end":{"line":21,"column":53}},"3":{"start":{"line":23,"column":8},"end":{"line":23,"column":53}},"4":{"start":{"line":25,"column":8},"end":{"line":25,"column":46}},"5":{"start":{"line":27,"column":8},"end":{"line":27,"column":48}},"6":{"start":{"line":31,"column":2},"end":{"line":46,"column":4}}},"fnMap":{"0":{"name":"CustomButton","decl":{"start":{"line":11,"column":24},"end":{"line":11,"column":36}},"loc":{"start":{"line":17,"column":22},"end":{"line":47,"column":1}},"line":17},"1":{"name":"(anonymous_1)","decl":{"start":{"line":18,"column":28},"end":{"line":18,"column":29}},"loc":{"start":{"line":18,"column":34},"end":{"line":29,"column":3}},"line":18}},"branchMap":{"0":{"loc":{"start":{"line":14,"column":2},"end":{"line":14,"column":21}},"type":"default-arg","locations":[{"start":{"line":14,"column":12},"end":{"line":14,"column":21}}],"line":14},"1":{"loc":{"start":{"line":15,"column":2},"end":{"line":15,"column":18}},"type":"default-arg","locations":[{"start":{"line":15,"column":13},"end":{"line":15,"column":18}}],"line":15},"2":{"loc":{"start":{"line":16,"column":2},"end":{"line":16,"column":19}},"type":"default-arg","locations":[{"start":{"line":16,"column":14},"end":{"line":16,"column":19}}],"line":16},"3":{"loc":{"start":{"line":19,"column":4},"end":{"line":28,"column":5}},"type":"switch","locations":[{"start":{"line":20,"column":6},"end":{"line":21,"column":53}},{"start":{"line":22,"column":6},"end":{"line":23,"column":53}},{"start":{"line":24,"column":6},"end":{"line":25,"column":46}},{"start":{"line":26,"column":6},"end":{"line":27,"column":48}}],"line":19},"4":{"loc":{"start":{"line":38,"column":10},"end":{"line":38,"column":38}},"type":"cond-expr","locations":[{"start":{"line":38,"column":21},"end":{"line":38,"column":33}},{"start":{"line":38,"column":36},"end":{"line":38,"column":38}}],"line":38},"5":{"loc":{"start":{"line":39,"column":10},"end":{"line":39,"column":35}},"type":"cond-expr","locations":[{"start":{"line":39,"column":22},"end":{"line":39,"column":30}},{"start":{"line":39,"column":33},"end":{"line":39,"column":35}}],"line":39}},"s":{"0":0,"1":0,"2":0,"3":0,"4":0,"5":0,"6":0},"f":{"0":0,"1":0},"b":{"0":[0],"1":[0],"2":[0],"3":[0,0,0,0],"4":[0,0],"5":[0,0]},"_coverageSchema":"1a1c01bbd47fc00a2c39e90264f33305004495a9","hash":"69c72e0c5b4589a1c191eefb61b8a29c5468f6af"}
,"/Users/PlayerOne/Desktop/t5-crs/Frontend/Mobile/Dedale/src/components/EventItem.tsx": {"path":"/Users/PlayerOne/Desktop/t5-crs/Frontend/Mobile/Dedale/src/components/EventItem.tsx","statementMap":{"0":{"start":{"line":15,"column":2},"end":{"line":15,"column":37}},"1":{"start":{"line":23,"column":25},"end":{"line":74,"column":3}},"2":{"start":{"line":25,"column":4},"end":{"line":48,"column":5}},"3":{"start":{"line":26,"column":26},"end":{"line":26,"column":48}},"4":{"start":{"line":27,"column":6},"end":{"line":47,"column":7}},"5":{"start":{"line":29,"column":10},"end":{"line":33,"column":12}},"6":{"start":{"line":35,"column":10},"end":{"line":39,"column":12}},"7":{"start":{"line":42,"column":10},"end":{"line":46,"column":12}},"8":{"start":{"line":51,"column":16},"end":{"line":51,"column":26}},"9":{"start":{"line":52,"column":22},"end":{"line":52,"column":47}},"10":{"start":{"line":53,"column":20},"end":{"line":53,"column":43}},"11":{"start":{"line":55,"column":4},"end":{"line":73,"column":5}},"12":{"start":{"line":56,"column":6},"end":{"line":60,"column":8}},"13":{"start":{"line":61,"column":11},"end":{"line":73,"column":5}},"14":{"start":{"line":62,"column":6},"end":{"line":66,"column":8}},"15":{"start":{"line":68,"column":6},"end":{"line":72,"column":8}},"16":{"start":{"line":76,"column":17},"end":{"line":76,"column":33}},"17":{"start":{"line":78,"column":2},"end":{"line":126,"column":4}},"18":{"start":{"line":80,"column":21},"end":{"line":80,"column":35}}},"fnMap":{"0":{"name":"hasCalculatedStatus","decl":{"start":{"line":12,"column":9},"end":{"line":12,"column":28}},"loc":{"start":{"line":14,"column":28},"end":{"line":16,"column":1}},"line":14},"1":{"name":"EventItem","decl":{"start":{"line":18,"column":24},"end":{"line":18,"column":33}},"loc":{"start":{"line":22,"column":19},"end":{"line":127,"column":1}},"line":22},"2":{"name":"(anonymous_2)","decl":{"start":{"line":23,"column":25},"end":{"line":23,"column":26}},"loc":{"start":{"line":23,"column":31},"end":{"line":74,"column":3}},"line":23},"3":{"name":"(anonymous_3)","decl":{"start":{"line":80,"column":15},"end":{"line":80,"column":16}},"loc":{"start":{"line":80,"column":21},"end":{"line":80,"column":35}},"line":80}},"branchMap":{"0":{"loc":{"start":{"line":21,"column":2},"end":{"line":21,"column":17}},"type":"default-arg","locations":[{"start":{"line":21,"column":13},"end":{"line":21,"column":17}}],"line":21},"1":{"loc":{"start":{"line":25,"column":4},"end":{"line":48,"column":5}},"type":"if","locations":[{"start":{"line":25,"column":4},"end":{"line":48,"column":5}},{"start":{},"end":{}}],"line":25},"2":{"loc":{"start":{"line":27,"column":6},"end":{"line":47,"column":7}},"type":"switch","locations":[{"start":{"line":28,"column":8},"end":{"line":33,"column":12}},{"start":{"line":34,"column":8},"end":{"line":39,"column":12}},{"start":{"line":40,"column":8},"end":{"line":40,"column":21}},{"start":{"line":41,"column":8},"end":{"line":46,"column":12}}],"line":27},"3":{"loc":{"start":{"line":55,"column":4},"end":{"line":73,"column":5}},"type":"if","locations":[{"start":{"line":55,"column":4},"end":{"line":73,"column":5}},{"start":{"line":61,"column":11},"end":{"line":73,"column":5}}],"line":55},"4":{"loc":{"start":{"line":61,"column":11},"end":{"line":73,"column":5}},"type":"if","locations":[{"start":{"line":61,"column":11},"end":{"line":73,"column":5}},{"start":{"line":67,"column":11},"end":{"line":73,"column":5}}],"line":61},"5":{"loc":{"start":{"line":104,"column":9},"end":{"line":108,"column":9}},"type":"binary-expr","locations":[{"start":{"line":104,"column":9},"end":{"line":104,"column":17}},{"start":{"line":105,"column":10},"end":{"line":107,"column":17}}],"line":104}},"s":{"0":0,"1":0,"2":0,"3":0,"4":0,"5":0,"6":0,"7":0,"8":0,"9":0,"10":0,"11":0,"12":0,"13":0,"14":0,"15":0,"16":0,"17":0,"18":0},"f":{"0":0,"1":0,"2":0,"3":0},"b":{"0":[0],"1":[0,0],"2":[0,0,0,0],"3":[0,0],"4":[0,0],"5":[0,0]},"_coverageSchema":"1a1c01bbd47fc00a2c39e90264f33305004495a9","hash":"e3c1867bb6b4c3309e502e7a2c8609349dd7ec36"}
,"/Users/PlayerOne/Desktop/t5-crs/Frontend/Mobile/Dedale/src/components/Map.tsx": {"path":"/Users/PlayerOne/Desktop/t5-crs/Frontend/Mobile/Dedale/src/components/Map.tsx","statementMap":{"0":{"start":{"line":19,"column":24},"end":{"line":58,"column":1}},"1":{"start":{"line":20,"column":2},"end":{"line":20,"column":45}},"2":{"start":{"line":20,"column":33},"end":{"line":20,"column":45}},"3":{"start":{"line":22,"column":18},"end":{"line":22,"column":28}},"4":{"start":{"line":24,"column":2},"end":{"line":33,"column":3}},"5":{"start":{"line":25,"column":24},"end":{"line":25,"column":54}},"6":{"start":{"line":26,"column":4},"end":{"line":26,"column":34}},"7":{"start":{"line":26,"column":22},"end":{"line":26,"column":34}},"8":{"start":{"line":28,"column":19},"end":{"line":31,"column":6}},"9":{"start":{"line":29,"column":25},"end":{"line":29,"column":59}},"10":{"start":{"line":30,"column":6},"end":{"line":30,"column":47}},"11":{"start":{"line":32,"column":4},"end":{"line":32,"column":52}},"12":{"start":{"line":35,"column":2},"end":{"line":44,"column":3}},"13":{"start":{"line":36,"column":24},"end":{"line":36,"column":50}},"14":{"start":{"line":37,"column":4},"end":{"line":37,"column":34}},"15":{"start":{"line":37,"column":22},"end":{"line":37,"column":34}},"16":{"start":{"line":39,"column":19},"end":{"line":42,"column":6}},"17":{"start":{"line":40,"column":25},"end":{"line":40,"column":59}},"18":{"start":{"line":41,"column":6},"end":{"line":41,"column":47}},"19":{"start":{"line":43,"column":4},"end":{"line":43,"column":55}},"20":{"start":{"line":46,"column":2},"end":{"line":55,"column":3}},"21":{"start":{"line":47,"column":24},"end":{"line":47,"column":50}},"22":{"start":{"line":48,"column":4},"end":{"line":48,"column":34}},"23":{"start":{"line":48,"column":22},"end":{"line":48,"column":34}},"24":{"start":{"line":50,"column":23},"end":{"line":50,"column":67}},"25":{"start":{"line":51,"column":4},"end":{"line":54,"column":6}},"26":{"start":{"line":57,"column":2},"end":{"line":57,"column":14}},"27":{"start":{"line":77,"column":17},"end":{"line":87,"column":3}},"28":{"start":{"line":89,"column":32},"end":{"line":94,"column":3}},"29":{"start":{"line":96,"column":44},"end":{"line":98,"column":3}},"30":{"start":{"line":100,"column":4},"end":{"line":100,"column":24}},"31":{"start":{"line":101,"column":36},"end":{"line":101,"column":76}},"32":{"start":{"line":102,"column":42},"end":{"line":102,"column":76}},"33":{"start":{"line":104,"column":25},"end":{"line":104,"column":59}},"34":{"start":{"line":105,"column":17},"end":{"line":105,"column":49}},"35":{"start":{"line":106,"column":30},"end":{"line":106,"column":40}},"36":{"start":{"line":107,"column":52},"end":{"line":107,"column":63}},"37":{"start":{"line":108,"column":60},"end":{"line":108,"column":75}},"38":{"start":{"line":110,"column":2},"end":{"line":130,"column":47}},"39":{"start":{"line":111,"column":4},"end":{"line":129,"column":5}},"40":{"start":{"line":112,"column":21},"end":{"line":112,"column":51}},"41":{"start":{"line":113,"column":6},"end":{"line":113,"column":27}},"42":{"start":{"line":115,"column":6},"end":{"line":126,"column":7}},"43":{"start":{"line":116,"column":27},"end":{"line":116,"column":36}},"44":{"start":{"line":117,"column":8},"end":{"line":125,"column":10}},"45":{"start":{"line":128,"column":6},"end":{"line":128,"column":23}},"46":{"start":{"line":132,"column":2},"end":{"line":138,"column":43}},"47":{"start":{"line":133,"column":4},"end":{"line":137,"column":5}},"48":{"start":{"line":134,"column":6},"end":{"line":134,"column":58}},"49":{"start":{"line":136,"column":6},"end":{"line":136,"column":26}},"50":{"start":{"line":140,"column":2},"end":{"line":197,"column":9}},"51":{"start":{"line":141,"column":23},"end":{"line":193,"column":5}},"52":{"start":{"line":142,"column":27},"end":{"line":142,"column":32}},"53":{"start":{"line":143,"column":28},"end":{"line":150,"column":15}},"54":{"start":{"line":144,"column":8},"end":{"line":149,"column":9}},"55":{"start":{"line":145,"column":10},"end":{"line":145,"column":61}},"56":{"start":{"line":146,"column":10},"end":{"line":146,"column":42}},"57":{"start":{"line":147,"column":10},"end":{"line":147,"column":43}},"58":{"start":{"line":148,"column":10},"end":{"line":148,"column":32}},"59":{"start":{"line":152,"column":6},"end":{"line":192,"column":7}},"60":{"start":{"line":153,"column":27},"end":{"line":153,"column":77}},"61":{"start":{"line":154,"column":8},"end":{"line":165,"column":9}},"62":{"start":{"line":155,"column":10},"end":{"line":158,"column":12}},"63":{"start":{"line":159,"column":10},"end":{"line":163,"column":11}},"64":{"start":{"line":160,"column":12},"end":{"line":160,"column":44}},"65":{"start":{"line":161,"column":12},"end":{"line":161,"column":45}},"66":{"start":{"line":162,"column":12},"end":{"line":162,"column":34}},"67":{"start":{"line":164,"column":10},"end":{"line":164,"column":17}},"68":{"start":{"line":167,"column":8},"end":{"line":189,"column":9}},"69":{"start":{"line":168,"column":22},"end":{"line":170,"column":12}},"70":{"start":{"line":172,"column":37},"end":{"line":177,"column":11}},"71":{"start":{"line":179,"column":10},"end":{"line":179,"column":39}},"72":{"start":{"line":180,"column":10},"end":{"line":180,"column":43}},"73":{"start":{"line":181,"column":10},"end":{"line":181,"column":32}},"74":{"start":{"line":183,"column":10},"end":{"line":183,"column":56}},"75":{"start":{"line":184,"column":10},"end":{"line":188,"column":11}},"76":{"start":{"line":185,"column":12},"end":{"line":185,"column":44}},"77":{"start":{"line":186,"column":12},"end":{"line":186,"column":45}},"78":{"start":{"line":187,"column":12},"end":{"line":187,"column":34}},"79":{"start":{"line":191,"column":8},"end":{"line":191,"column":36}},"80":{"start":{"line":195,"column":4},"end":{"line":195,"column":17}},"81":{"start":{"line":199,"column":31},"end":{"line":211,"column":3}},"82":{"start":{"line":200,"column":4},"end":{"line":210,"column":5}},"83":{"start":{"line":201,"column":6},"end":{"line":209,"column":8}},"84":{"start":{"line":213,"column":2},"end":{"line":223,"column":3}},"85":{"start":{"line":214,"column":4},"end":{"line":222,"column":6}},"86":{"start":{"line":225,"column":2},"end":{"line":315,"column":4}},"87":{"start":{"line":231,"column":10},"end":{"line":233,"column":11}},"88":{"start":{"line":232,"column":12},"end":{"line":232,"column":77}},"89":{"start":{"line":249,"column":12},"end":{"line":253,"column":14}},"90":{"start":{"line":256,"column":25},"end":{"line":256,"column":43}},"91":{"start":{"line":257,"column":10},"end":{"line":257,"column":35}},"92":{"start":{"line":257,"column":23},"end":{"line":257,"column":35}},"93":{"start":{"line":259,"column":24},"end":{"line":259,"column":53}},"94":{"start":{"line":261,"column":10},"end":{"line":277,"column":11}},"95":{"start":{"line":262,"column":30},"end":{"line":266,"column":25}},"96":{"start":{"line":265,"column":29},"end":{"line":265,"column":46}},"97":{"start":{"line":268,"column":12},"end":{"line":276,"column":14}},"98":{"start":{"line":279,"column":10},"end":{"line":288,"column":11}},"99":{"start":{"line":280,"column":12},"end":{"line":287,"column":14}},"100":{"start":{"line":290,"column":10},"end":{"line":298,"column":11}},"101":{"start":{"line":291,"column":12},"end":{"line":297,"column":14}},"102":{"start":{"line":300,"column":10},"end":{"line":300,"column":22}},"103":{"start":{"line":318,"column":15},"end":{"line":338,"column":2}}},"fnMap":{"0":{"name":"(anonymous_0)","decl":{"start":{"line":19,"column":24},"end":{"line":19,"column":25}},"loc":{"start":{"line":19,"column":41},"end":{"line":58,"column":1}},"line":19},"1":{"name":"(anonymous_1)","decl":{"start":{"line":28,"column":49},"end":{"line":28,"column":50}},"loc":{"start":{"line":28,"column":59},"end":{"line":31,"column":5}},"line":28},"2":{"name":"(anonymous_2)","decl":{"start":{"line":39,"column":49},"end":{"line":39,"column":50}},"loc":{"start":{"line":39,"column":59},"end":{"line":42,"column":5}},"line":39},"3":{"name":"OfflineMap","decl":{"start":{"line":69,"column":24},"end":{"line":69,"column":34}},"loc":{"start":{"line":76,"column":20},"end":{"line":316,"column":1}},"line":76},"4":{"name":"(anonymous_4)","decl":{"start":{"line":110,"column":18},"end":{"line":110,"column":19}},"loc":{"start":{"line":110,"column":24},"end":{"line":130,"column":3}},"line":110},"5":{"name":"(anonymous_5)","decl":{"start":{"line":132,"column":18},"end":{"line":132,"column":19}},"loc":{"start":{"line":132,"column":24},"end":{"line":138,"column":3}},"line":132},"6":{"name":"(anonymous_6)","decl":{"start":{"line":140,"column":18},"end":{"line":140,"column":19}},"loc":{"start":{"line":140,"column":24},"end":{"line":197,"column":3}},"line":140},"7":{"name":"(anonymous_7)","decl":{"start":{"line":141,"column":23},"end":{"line":141,"column":24}},"loc":{"start":{"line":141,"column":35},"end":{"line":193,"column":5}},"line":141},"8":{"name":"(anonymous_8)","decl":{"start":{"line":143,"column":39},"end":{"line":143,"column":40}},"loc":{"start":{"line":143,"column":45},"end":{"line":150,"column":7}},"line":143},"9":{"name":"(anonymous_9)","decl":{"start":{"line":199,"column":31},"end":{"line":199,"column":32}},"loc":{"start":{"line":199,"column":37},"end":{"line":211,"column":3}},"line":199},"10":{"name":"(anonymous_10)","decl":{"start":{"line":230,"column":13},"end":{"line":230,"column":14}},"loc":{"start":{"line":230,"column":22},"end":{"line":234,"column":9}},"line":230},"11":{"name":"(anonymous_11)","decl":{"start":{"line":248,"column":24},"end":{"line":248,"column":25}},"loc":{"start":{"line":249,"column":12},"end":{"line":253,"column":14}},"line":249},"12":{"name":"(anonymous_12)","decl":{"start":{"line":255,"column":26},"end":{"line":255,"column":27}},"loc":{"start":{"line":255,"column":43},"end":{"line":301,"column":9}},"line":255},"13":{"name":"(anonymous_13)","decl":{"start":{"line":265,"column":20},"end":{"line":265,"column":21}},"loc":{"start":{"line":265,"column":29},"end":{"line":265,"column":46}},"line":265}},"branchMap":{"0":{"loc":{"start":{"line":20,"column":2},"end":{"line":20,"column":45}},"type":"if","locations":[{"start":{"line":20,"column":2},"end":{"line":20,"column":45}},{"start":{},"end":{}}],"line":20},"1":{"loc":{"start":{"line":20,"column":6},"end":{"line":20,"column":31}},"type":"binary-expr","locations":[{"start":{"line":20,"column":6},"end":{"line":20,"column":10}},{"start":{"line":20,"column":14},"end":{"line":20,"column":31}}],"line":20},"2":{"loc":{"start":{"line":24,"column":2},"end":{"line":33,"column":3}},"type":"if","locations":[{"start":{"line":24,"column":2},"end":{"line":33,"column":3}},{"start":{},"end":{}}],"line":24},"3":{"loc":{"start":{"line":26,"column":4},"end":{"line":26,"column":34}},"type":"if","locations":[{"start":{"line":26,"column":4},"end":{"line":26,"column":34}},{"start":{},"end":{}}],"line":26},"4":{"loc":{"start":{"line":35,"column":2},"end":{"line":44,"column":3}},"type":"if","locations":[{"start":{"line":35,"column":2},"end":{"line":44,"column":3}},{"start":{},"end":{}}],"line":35},"5":{"loc":{"start":{"line":37,"column":4},"end":{"line":37,"column":34}},"type":"if","locations":[{"start":{"line":37,"column":4},"end":{"line":37,"column":34}},{"start":{},"end":{}}],"line":37},"6":{"loc":{"start":{"line":46,"column":2},"end":{"line":55,"column":3}},"type":"if","locations":[{"start":{"line":46,"column":2},"end":{"line":55,"column":3}},{"start":{},"end":{}}],"line":46},"7":{"loc":{"start":{"line":48,"column":4},"end":{"line":48,"column":34}},"type":"if","locations":[{"start":{"line":48,"column":4},"end":{"line":48,"column":34}},{"start":{},"end":{}}],"line":48},"8":{"loc":{"start":{"line":73,"column":2},"end":{"line":73,"column":28}},"type":"default-arg","locations":[{"start":{"line":73,"column":23},"end":{"line":73,"column":28}}],"line":73},"9":{"loc":{"start":{"line":74,"column":2},"end":{"line":74,"column":21}},"type":"default-arg","locations":[{"start":{"line":74,"column":16},"end":{"line":74,"column":21}}],"line":74},"10":{"loc":{"start":{"line":105,"column":17},"end":{"line":105,"column":49}},"type":"binary-expr","locations":[{"start":{"line":105,"column":17},"end":{"line":105,"column":31}},{"start":{"line":105,"column":35},"end":{"line":105,"column":49}}],"line":105},"11":{"loc":{"start":{"line":111,"column":4},"end":{"line":129,"column":5}},"type":"if","locations":[{"start":{"line":111,"column":4},"end":{"line":129,"column":5}},{"start":{"line":127,"column":11},"end":{"line":129,"column":5}}],"line":111},"12":{"loc":{"start":{"line":111,"column":8},"end":{"line":111,"column":57}},"type":"binary-expr","locations":[{"start":{"line":111,"column":8},"end":{"line":111,"column":23}},{"start":{"line":111,"column":27},"end":{"line":111,"column":57}}],"line":111},"13":{"loc":{"start":{"line":115,"column":6},"end":{"line":126,"column":7}},"type":"if","locations":[{"start":{"line":115,"column":6},"end":{"line":126,"column":7}},{"start":{},"end":{}}],"line":115},"14":{"loc":{"start":{"line":115,"column":10},"end":{"line":115,"column":45}},"type":"binary-expr","locations":[{"start":{"line":115,"column":10},"end":{"line":115,"column":27}},{"start":{"line":115,"column":31},"end":{"line":115,"column":45}}],"line":115},"15":{"loc":{"start":{"line":133,"column":4},"end":{"line":137,"column":5}},"type":"if","locations":[{"start":{"line":133,"column":4},"end":{"line":137,"column":5}},{"start":{"line":135,"column":11},"end":{"line":137,"column":5}}],"line":133},"16":{"loc":{"start":{"line":133,"column":8},"end":{"line":133,"column":61}},"type":"binary-expr","locations":[{"start":{"line":133,"column":8},"end":{"line":133,"column":23}},{"start":{"line":133,"column":27},"end":{"line":133,"column":61}}],"line":133},"17":{"loc":{"start":{"line":144,"column":8},"end":{"line":149,"column":9}},"type":"if","locations":[{"start":{"line":144,"column":8},"end":{"line":149,"column":9}},{"start":{},"end":{}}],"line":144},"18":{"loc":{"start":{"line":154,"column":8},"end":{"line":165,"column":9}},"type":"if","locations":[{"start":{"line":154,"column":8},"end":{"line":165,"column":9}},{"start":{},"end":{}}],"line":154},"19":{"loc":{"start":{"line":159,"column":10},"end":{"line":163,"column":11}},"type":"if","locations":[{"start":{"line":159,"column":10},"end":{"line":163,"column":11}},{"start":{},"end":{}}],"line":159},"20":{"loc":{"start":{"line":184,"column":10},"end":{"line":188,"column":11}},"type":"if","locations":[{"start":{"line":184,"column":10},"end":{"line":188,"column":11}},{"start":{},"end":{}}],"line":184},"21":{"loc":{"start":{"line":200,"column":4},"end":{"line":210,"column":5}},"type":"if","locations":[{"start":{"line":200,"column":4},"end":{"line":210,"column":5}},{"start":{},"end":{}}],"line":200},"22":{"loc":{"start":{"line":200,"column":8},"end":{"line":200,"column":39}},"type":"binary-expr","locations":[{"start":{"line":200,"column":8},"end":{"line":200,"column":22}},{"start":{"line":200,"column":26},"end":{"line":200,"column":39}}],"line":200},"23":{"loc":{"start":{"line":213,"column":2},"end":{"line":223,"column":3}},"type":"if","locations":[{"start":{"line":213,"column":2},"end":{"line":223,"column":3}},{"start":{},"end":{}}],"line":213},"24":{"loc":{"start":{"line":213,"column":6},"end":{"line":213,"column":46}},"type":"binary-expr","locations":[{"start":{"line":213,"column":6},"end":{"line":213,"column":28}},{"start":{"line":213,"column":32},"end":{"line":213,"column":46}}],"line":213},"25":{"loc":{"start":{"line":231,"column":10},"end":{"line":233,"column":11}},"type":"if","locations":[{"start":{"line":231,"column":10},"end":{"line":233,"column":11}},{"start":{},"end":{}}],"line":231},"26":{"loc":{"start":{"line":231,"column":14},"end":{"line":231,"column":43}},"type":"binary-expr","locations":[{"start":{"line":231,"column":14},"end":{"line":231,"column":20}},{"start":{"line":231,"column":24},"end":{"line":231,"column":43}}],"line":231},"27":{"loc":{"start":{"line":247,"column":9},"end":{"line":254,"column":12}},"type":"binary-expr","locations":[{"start":{"line":247,"column":9},"end":{"line":247,"column":28}},{"start":{"line":248,"column":10},"end":{"line":254,"column":12}}],"line":247},"28":{"loc":{"start":{"line":257,"column":10},"end":{"line":257,"column":35}},"type":"if","locations":[{"start":{"line":257,"column":10},"end":{"line":257,"column":35}},{"start":{},"end":{}}],"line":257},"29":{"loc":{"start":{"line":261,"column":10},"end":{"line":277,"column":11}},"type":"if","locations":[{"start":{"line":261,"column":10},"end":{"line":277,"column":11}},{"start":{},"end":{}}],"line":261},"30":{"loc":{"start":{"line":279,"column":10},"end":{"line":288,"column":11}},"type":"if","locations":[{"start":{"line":279,"column":10},"end":{"line":288,"column":11}},{"start":{},"end":{}}],"line":279},"31":{"loc":{"start":{"line":290,"column":10},"end":{"line":298,"column":11}},"type":"if","locations":[{"start":{"line":290,"column":10},"end":{"line":298,"column":11}},{"start":{},"end":{}}],"line":290},"32":{"loc":{"start":{"line":304,"column":7},"end":{"line":308,"column":7}},"type":"binary-expr","locations":[{"start":{"line":304,"column":8},"end":{"line":304,"column":21}},{"start":{"line":304,"column":25},"end":{"line":304,"column":42}},{"start":{"line":305,"column":8},"end":{"line":307,"column":15}}],"line":304},"33":{"loc":{"start":{"line":309,"column":7},"end":{"line":313,"column":7}},"type":"binary-expr","locations":[{"start":{"line":309,"column":7},"end":{"line":309,"column":19}},{"start":{"line":310,"column":8},"end":{"line":312,"column":15}}],"line":309}},"s":{"0":2,"1":5,"2":1,"3":4,"4":4,"5":1,"6":1,"7":0,"8":1,"9":5,"10":5,"11":1,"12":3,"13":1,"14":1,"15":0,"16":1,"17":3,"18":3,"19":1,"20":2,"21":1,"22":1,"23":0,"24":1,"25":1,"26":1,"27":0,"28":0,"29":0,"30":0,"31":0,"32":0,"33":0,"34":0,"35":0,"36":0,"37":0,"38":0,"39":0,"40":0,"41":0,"42":0,"43":0,"44":0,"45":0,"46":0,"47":0,"48":0,"49":0,"50":0,"51":0,"52":0,"53":0,"54":0,"55":0,"56":0,"57":0,"58":0,"59":0,"60":0,"61":0,"62":0,"63":0,"64":0,"65":0,"66":0,"67":0,"68":0,"69":0,"70":0,"71":0,"72":0,"73":0,"74":0,"75":0,"76":0,"77":0,"78":0,"79":0,"80":0,"81":0,"82":0,"83":0,"84":0,"85":0,"86":0,"87":0,"88":0,"89":0,"90":0,"91":0,"92":0,"93":0,"94":0,"95":0,"96":0,"97":0,"98":0,"99":0,"100":0,"101":0,"102":0,"103":2},"f":{"0":5,"1":5,"2":3,"3":0,"4":0,"5":0,"6":0,"7":0,"8":0,"9":0,"10":0,"11":0,"12":0,"13":0},"b":{"0":[1,4],"1":[5,4],"2":[1,3],"3":[0,1],"4":[1,2],"5":[0,1],"6":[1,1],"7":[0,1],"8":[0],"9":[0],"10":[0,0],"11":[0,0],"12":[0,0],"13":[0,0],"14":[0,0],"15":[0,0],"16":[0,0],"17":[0,0],"18":[0,0],"19":[0,0],"20":[0,0],"21":[0,0],"22":[0,0],"23":[0,0],"24":[0,0],"25":[0,0],"26":[0,0],"27":[0,0],"28":[0,0],"29":[0,0],"30":[0,0],"31":[0,0],"32":[0,0,0],"33":[0,0]},"_coverageSchema":"1a1c01bbd47fc00a2c39e90264f33305004495a9","hash":"d226e2cf3e333ac2e1f348ef346dc8921f26db0b"}
,"/Users/PlayerOne/Desktop/t5-crs/Frontend/Mobile/Dedale/src/components/ObstacleSelector.tsx": {"path":"/Users/PlayerOne/Desktop/t5-crs/Frontend/Mobile/Dedale/src/components/ObstacleSelector.tsx","statementMap":{"0":{"start":{"line":41,"column":13},"end":{"line":41,"column":26}},"1":{"start":{"line":42,"column":54},"end":{"line":44,"column":3}},"2":{"start":{"line":46,"column":4},"end":{"line":46,"column":50}},"3":{"start":{"line":47,"column":46},"end":{"line":47,"column":61}},"4":{"start":{"line":48,"column":42},"end":{"line":48,"column":77}},"5":{"start":{"line":49,"column":46},"end":{"line":49,"column":59}},"6":{"start":{"line":51,"column":2},"end":{"line":60,"column":34}},"7":{"start":{"line":52,"column":4},"end":{"line":58,"column":5}},"8":{"start":{"line":53,"column":6},"end":{"line":53,"column":27}},"9":{"start":{"line":54,"column":6},"end":{"line":54,"column":45}},"10":{"start":{"line":55,"column":6},"end":{"line":55,"column":28}},"11":{"start":{"line":56,"column":6},"end":{"line":56,"column":29}},"12":{"start":{"line":57,"column":6},"end":{"line":57,"column":31}},"13":{"start":{"line":62,"column":29},"end":{"line":72,"column":3}},"14":{"start":{"line":63,"column":4},"end":{"line":71,"column":5}},"15":{"start":{"line":64,"column":20},"end":{"line":64,"column":78}},"16":{"start":{"line":65,"column":6},"end":{"line":65,"column":41}},"17":{"start":{"line":67,"column":6},"end":{"line":70,"column":8}},"18":{"start":{"line":74,"column":28},"end":{"line":89,"column":3}},"19":{"start":{"line":75,"column":4},"end":{"line":75,"column":30}},"20":{"start":{"line":75,"column":23},"end":{"line":75,"column":30}},"21":{"start":{"line":77,"column":19},"end":{"line":77,"column":48}},"22":{"start":{"line":79,"column":42},"end":{"line":83,"column":5}},"23":{"start":{"line":85,"column":4},"end":{"line":85,"column":62}},"24":{"start":{"line":86,"column":4},"end":{"line":86,"column":26}},"25":{"start":{"line":87,"column":4},"end":{"line":87,"column":27}},"26":{"start":{"line":88,"column":4},"end":{"line":88,"column":29}},"27":{"start":{"line":91,"column":31},"end":{"line":93,"column":3}},"28":{"start":{"line":92,"column":4},"end":{"line":92,"column":74}},"29":{"start":{"line":92,"column":60},"end":{"line":92,"column":71}},"30":{"start":{"line":95,"column":21},"end":{"line":99,"column":3}},"31":{"start":{"line":96,"column":4},"end":{"line":96,"column":30}},"32":{"start":{"line":97,"column":4},"end":{"line":97,"column":29}},"33":{"start":{"line":98,"column":4},"end":{"line":98,"column":14}},"34":{"start":{"line":101,"column":23},"end":{"line":107,"column":3}},"35":{"start":{"line":102,"column":4},"end":{"line":102,"column":29}},"36":{"start":{"line":103,"column":4},"end":{"line":103,"column":26}},"37":{"start":{"line":104,"column":4},"end":{"line":104,"column":27}},"38":{"start":{"line":105,"column":4},"end":{"line":105,"column":29}},"39":{"start":{"line":106,"column":4},"end":{"line":106,"column":14}},"40":{"start":{"line":109,"column":2},"end":{"line":245,"column":4}},"41":{"start":{"line":128,"column":29},"end":{"line":128,"column":63}},"42":{"start":{"line":144,"column":20},"end":{"line":158,"column":32}},"43":{"start":{"line":147,"column":24},"end":{"line":147,"column":50}},"44":{"start":{"line":148,"column":24},"end":{"line":148,"column":49}},"45":{"start":{"line":200,"column":18},"end":{"line":213,"column":25}},"46":{"start":{"line":208,"column":37},"end":{"line":208,"column":64}}},"fnMap":{"0":{"name":"ObstacleSelector","decl":{"start":{"line":34,"column":24},"end":{"line":34,"column":40}},"loc":{"start":{"line":40,"column":26},"end":{"line":246,"column":1}},"line":40},"1":{"name":"(anonymous_1)","decl":{"start":{"line":51,"column":12},"end":{"line":51,"column":13}},"loc":{"start":{"line":51,"column":18},"end":{"line":60,"column":3}},"line":51},"2":{"name":"(anonymous_2)","decl":{"start":{"line":62,"column":29},"end":{"line":62,"column":30}},"loc":{"start":{"line":62,"column":35},"end":{"line":72,"column":3}},"line":62},"3":{"name":"(anonymous_3)","decl":{"start":{"line":74,"column":28},"end":{"line":74,"column":29}},"loc":{"start":{"line":74,"column":34},"end":{"line":89,"column":3}},"line":74},"4":{"name":"(anonymous_4)","decl":{"start":{"line":91,"column":31},"end":{"line":91,"column":32}},"loc":{"start":{"line":91,"column":50},"end":{"line":93,"column":3}},"line":91},"5":{"name":"(anonymous_5)","decl":{"start":{"line":92,"column":50},"end":{"line":92,"column":51}},"loc":{"start":{"line":92,"column":60},"end":{"line":92,"column":71}},"line":92},"6":{"name":"(anonymous_6)","decl":{"start":{"line":95,"column":21},"end":{"line":95,"column":22}},"loc":{"start":{"line":95,"column":27},"end":{"line":99,"column":3}},"line":95},"7":{"name":"(anonymous_7)","decl":{"start":{"line":101,"column":23},"end":{"line":101,"column":24}},"loc":{"start":{"line":101,"column":29},"end":{"line":107,"column":3}},"line":101},"8":{"name":"(anonymous_8)","decl":{"start":{"line":128,"column":23},"end":{"line":128,"column":24}},"loc":{"start":{"line":128,"column":29},"end":{"line":128,"column":63}},"line":128},"9":{"name":"(anonymous_9)","decl":{"start":{"line":143,"column":42},"end":{"line":143,"column":43}},"loc":{"start":{"line":144,"column":20},"end":{"line":158,"column":32}},"line":144},"10":{"name":"(anonymous_10)","decl":{"start":{"line":146,"column":31},"end":{"line":146,"column":32}},"loc":{"start":{"line":146,"column":37},"end":{"line":149,"column":23}},"line":146},"11":{"name":"(anonymous_11)","decl":{"start":{"line":199,"column":39},"end":{"line":199,"column":40}},"loc":{"start":{"line":200,"column":18},"end":{"line":213,"column":25}},"line":200},"12":{"name":"(anonymous_12)","decl":{"start":{"line":208,"column":31},"end":{"line":208,"column":32}},"loc":{"start":{"line":208,"column":37},"end":{"line":208,"column":64}},"line":208}},"branchMap":{"0":{"loc":{"start":{"line":38,"column":2},"end":{"line":38,"column":23}},"type":"default-arg","locations":[{"start":{"line":38,"column":21},"end":{"line":38,"column":23}}],"line":38},"1":{"loc":{"start":{"line":39,"column":2},"end":{"line":39,"column":18}},"type":"default-arg","locations":[{"start":{"line":39,"column":13},"end":{"line":39,"column":18}}],"line":39},"2":{"loc":{"start":{"line":52,"column":4},"end":{"line":58,"column":5}},"type":"if","locations":[{"start":{"line":52,"column":4},"end":{"line":58,"column":5}},{"start":{},"end":{}}],"line":52},"3":{"loc":{"start":{"line":65,"column":28},"end":{"line":65,"column":39}},"type":"binary-expr","locations":[{"start":{"line":65,"column":28},"end":{"line":65,"column":33}},{"start":{"line":65,"column":37},"end":{"line":65,"column":39}}],"line":65},"4":{"loc":{"start":{"line":75,"column":4},"end":{"line":75,"column":30}},"type":"if","locations":[{"start":{"line":75,"column":4},"end":{"line":75,"column":30}},{"start":{},"end":{}}],"line":75},"5":{"loc":{"start":{"line":77,"column":19},"end":{"line":77,"column":48}},"type":"binary-expr","locations":[{"start":{"line":77,"column":19},"end":{"line":77,"column":43}},{"start":{"line":77,"column":47},"end":{"line":77,"column":48}}],"line":77},"6":{"loc":{"start":{"line":119,"column":13},"end":{"line":119,"column":74}},"type":"cond-expr","locations":[{"start":{"line":119,"column":24},"end":{"line":119,"column":48}},{"start":{"line":119,"column":51},"end":{"line":119,"column":74}}],"line":119},"7":{"loc":{"start":{"line":132,"column":27},"end":{"line":132,"column":75}},"type":"cond-expr","locations":[{"start":{"line":132,"column":42},"end":{"line":132,"column":57}},{"start":{"line":132,"column":60},"end":{"line":132,"column":75}}],"line":132},"8":{"loc":{"start":{"line":134,"column":17},"end":{"line":136,"column":49}},"type":"cond-expr","locations":[{"start":{"line":135,"column":20},"end":{"line":135,"column":37}},{"start":{"line":136,"column":20},"end":{"line":136,"column":49}}],"line":134},"9":{"loc":{"start":{"line":140,"column":13},"end":{"line":162,"column":13}},"type":"binary-expr","locations":[{"start":{"line":140,"column":13},"end":{"line":140,"column":27}},{"start":{"line":141,"column":14},"end":{"line":161,"column":21}}],"line":140},"10":{"loc":{"start":{"line":153,"column":23},"end":{"line":157,"column":23}},"type":"binary-expr","locations":[{"start":{"line":153,"column":23},"end":{"line":153,"column":43}},{"start":{"line":154,"column":24},"end":{"line":156,"column":31}}],"line":153},"11":{"loc":{"start":{"line":184,"column":14},"end":{"line":184,"column":59}},"type":"cond-expr","locations":[{"start":{"line":184,"column":29},"end":{"line":184,"column":43}},{"start":{"line":184,"column":46},"end":{"line":184,"column":59}}],"line":184},"12":{"loc":{"start":{"line":216,"column":15},"end":{"line":220,"column":15}},"type":"binary-expr","locations":[{"start":{"line":216,"column":15},"end":{"line":216,"column":45}},{"start":{"line":217,"column":16},"end":{"line":219,"column":23}}],"line":216},"13":{"loc":{"start":{"line":237,"column":17},"end":{"line":237,"column":55}},"type":"cond-expr","locations":[{"start":{"line":237,"column":28},"end":{"line":237,"column":43}},{"start":{"line":237,"column":46},"end":{"line":237,"column":55}}],"line":237}},"s":{"0":0,"1":0,"2":0,"3":0,"4":0,"5":0,"6":0,"7":0,"8":0,"9":0,"10":0,"11":0,"12":0,"13":0,"14":0,"15":0,"16":0,"17":0,"18":0,"19":0,"20":0,"21":0,"22":0,"23":0,"24":0,"25":0,"26":0,"27":0,"28":0,"29":0,"30":0,"31":0,"32":0,"33":0,"34":0,"35":0,"36":0,"37":0,"38":0,"39":0,"40":0,"41":0,"42":0,"43":0,"44":0,"45":0,"46":0},"f":{"0":0,"1":0,"2":0,"3":0,"4":0,"5":0,"6":0,"7":0,"8":0,"9":0,"10":0,"11":0,"12":0},"b":{"0":[0],"1":[0],"2":[0,0],"3":[0,0],"4":[0,0],"5":[0,0],"6":[0,0],"7":[0,0],"8":[0,0],"9":[0,0],"10":[0,0],"11":[0,0],"12":[0,0],"13":[0,0]},"_coverageSchema":"1a1c01bbd47fc00a2c39e90264f33305004495a9","hash":"36aac492dd5d9f56f45650c566d10f57d285d252"}
,"/Users/PlayerOne/Desktop/t5-crs/Frontend/Mobile/Dedale/src/components/PointCard.tsx": {"path":"/Users/PlayerOne/Desktop/t5-crs/Frontend/Mobile/Dedale/src/components/PointCard.tsx","statementMap":{"0":{"start":{"line":34,"column":25},"end":{"line":34,"column":58}},"1":{"start":{"line":36,"column":2},"end":{"line":43,"column":23}},"2":{"start":{"line":37,"column":25},"end":{"line":40,"column":5}},"3":{"start":{"line":38,"column":19},"end":{"line":38,"column":61}},"4":{"start":{"line":39,"column":6},"end":{"line":39,"column":45}},"5":{"start":{"line":42,"column":4},"end":{"line":42,"column":19}},"6":{"start":{"line":45,"column":2},"end":{"line":124,"column":4}}},"fnMap":{"0":{"name":"PointCard","decl":{"start":{"line":21,"column":24},"end":{"line":21,"column":33}},"loc":{"start":{"line":33,"column":19},"end":{"line":125,"column":1}},"line":33},"1":{"name":"(anonymous_1)","decl":{"start":{"line":36,"column":12},"end":{"line":36,"column":13}},"loc":{"start":{"line":36,"column":18},"end":{"line":43,"column":3}},"line":36},"2":{"name":"(anonymous_2)","decl":{"start":{"line":37,"column":25},"end":{"line":37,"column":26}},"loc":{"start":{"line":37,"column":37},"end":{"line":40,"column":5}},"line":37}},"branchMap":{"0":{"loc":{"start":{"line":28,"column":2},"end":{"line":28,"column":27}},"type":"default-arg","locations":[{"start":{"line":28,"column":23},"end":{"line":28,"column":27}}],"line":28},"1":{"loc":{"start":{"line":29,"column":2},"end":{"line":29,"column":23}},"type":"default-arg","locations":[{"start":{"line":29,"column":19},"end":{"line":29,"column":23}}],"line":29},"2":{"loc":{"start":{"line":30,"column":2},"end":{"line":30,"column":28}},"type":"default-arg","locations":[{"start":{"line":30,"column":24},"end":{"line":30,"column":28}}],"line":30},"3":{"loc":{"start":{"line":31,"column":2},"end":{"line":31,"column":31}},"type":"default-arg","locations":[{"start":{"line":31,"column":27},"end":{"line":31,"column":31}}],"line":31},"4":{"loc":{"start":{"line":32,"column":2},"end":{"line":32,"column":20}},"type":"default-arg","locations":[{"start":{"line":32,"column":16},"end":{"line":32,"column":20}}],"line":32},"5":{"loc":{"start":{"line":39,"column":17},"end":{"line":39,"column":43}},"type":"binary-expr","locations":[{"start":{"line":39,"column":17},"end":{"line":39,"column":21}},{"start":{"line":39,"column":25},"end":{"line":39,"column":43}}],"line":39},"6":{"loc":{"start":{"line":57,"column":9},"end":{"line":70,"column":9}},"type":"binary-expr","locations":[{"start":{"line":57,"column":9},"end":{"line":57,"column":20}},{"start":{"line":58,"column":10},"end":{"line":69,"column":17}}],"line":57},"7":{"loc":{"start":{"line":88,"column":13},"end":{"line":92,"column":13}},"type":"binary-expr","locations":[{"start":{"line":88,"column":13},"end":{"line":88,"column":35}},{"start":{"line":89,"column":14},"end":{"line":91,"column":21}}],"line":88},"8":{"loc":{"start":{"line":95,"column":11},"end":{"line":120,"column":18}},"type":"cond-expr","locations":[{"start":{"line":96,"column":12},"end":{"line":119,"column":15}},{"start":{"line":120,"column":14},"end":{"line":120,"column":18}}],"line":95},"9":{"loc":{"start":{"line":95,"column":11},"end":{"line":95,"column":70}},"type":"binary-expr","locations":[{"start":{"line":95,"column":11},"end":{"line":95,"column":25}},{"start":{"line":95,"column":29},"end":{"line":95,"column":47}},{"start":{"line":95,"column":51},"end":{"line":95,"column":70}}],"line":95},"10":{"loc":{"start":{"line":101,"column":17},"end":{"line":108,"column":17}},"type":"binary-expr","locations":[{"start":{"line":101,"column":18},"end":{"line":101,"column":36}},{"start":{"line":101,"column":40},"end":{"line":101,"column":54}},{"start":{"line":102,"column":18},"end":{"line":107,"column":20}}],"line":101},"11":{"loc":{"start":{"line":110,"column":17},"end":{"line":117,"column":17}},"type":"binary-expr","locations":[{"start":{"line":110,"column":17},"end":{"line":110,"column":36}},{"start":{"line":111,"column":18},"end":{"line":116,"column":30}}],"line":110}},"s":{"0":0,"1":0,"2":0,"3":0,"4":0,"5":0,"6":0},"f":{"0":0,"1":0,"2":0},"b":{"0":[0],"1":[0],"2":[0],"3":[0],"4":[0],"5":[0,0],"6":[0,0],"7":[0,0],"8":[0,0],"9":[0,0,0],"10":[0,0,0],"11":[0,0]},"_coverageSchema":"1a1c01bbd47fc00a2c39e90264f33305004495a9","hash":"f22c132ccef822266cb92e99f03a4a7f0cfd7893"}
,"/Users/PlayerOne/Desktop/t5-crs/Frontend/Mobile/Dedale/src/components/WebSocketClient.tsx": {"path":"/Users/PlayerOne/Desktop/t5-crs/Frontend/Mobile/Dedale/src/components/WebSocketClient.tsx","statementMap":{"0":{"start":{"line":13,"column":33},"end":{"line":13,"column":37}},"1":{"start":{"line":14,"column":32},"end":{"line":14,"column":37}},"2":{"start":{"line":15,"column":30},"end":{"line":15,"column":35}},"3":{"start":{"line":19,"column":42},"end":{"line":19,"column":47}},"4":{"start":{"line":24,"column":4},"end":{"line":24,"column":19}},"5":{"start":{"line":25,"column":4},"end":{"line":25,"column":70}},"6":{"start":{"line":36,"column":4},"end":{"line":36,"column":41}},"7":{"start":{"line":37,"column":4},"end":{"line":37,"column":35}},"8":{"start":{"line":38,"column":4},"end":{"line":38,"column":51}},"9":{"start":{"line":45,"column":4},"end":{"line":45,"column":29}},"10":{"start":{"line":46,"column":4},"end":{"line":48,"column":5}},"11":{"start":{"line":47,"column":6},"end":{"line":47,"column":44}},"12":{"start":{"line":55,"column":4},"end":{"line":55,"column":39}},"13":{"start":{"line":57,"column":4},"end":{"line":177,"column":7}},"14":{"start":{"line":58,"column":6},"end":{"line":58,"column":40}},"15":{"start":{"line":60,"column":6},"end":{"line":64,"column":8}},"16":{"start":{"line":61,"column":8},"end":{"line":61,"column":58}},"17":{"start":{"line":62,"column":8},"end":{"line":62,"column":32}},"18":{"start":{"line":63,"column":8},"end":{"line":63,"column":22}},"19":{"start":{"line":66,"column":6},"end":{"line":127,"column":8}},"20":{"start":{"line":67,"column":8},"end":{"line":67,"column":59}},"21":{"start":{"line":68,"column":8},"end":{"line":68,"column":58}},"22":{"start":{"line":71,"column":8},"end":{"line":98,"column":9}},"23":{"start":{"line":72,"column":10},"end":{"line":74,"column":12}},"24":{"start":{"line":75,"column":10},"end":{"line":75,"column":43}},"25":{"start":{"line":76,"column":10},"end":{"line":76,"column":33}},"26":{"start":{"line":77,"column":10},"end":{"line":82,"column":11}},"27":{"start":{"line":78,"column":12},"end":{"line":78,"column":59}},"28":{"start":{"line":79,"column":12},"end":{"line":79,"column":38}},"29":{"start":{"line":81,"column":12},"end":{"line":81,"column":61}},"30":{"start":{"line":83,"column":10},"end":{"line":83,"column":17}},"31":{"start":{"line":84,"column":15},"end":{"line":98,"column":9}},"32":{"start":{"line":85,"column":10},"end":{"line":85,"column":61}},"33":{"start":{"line":86,"column":10},"end":{"line":86,"column":33}},"34":{"start":{"line":87,"column":10},"end":{"line":89,"column":11}},"35":{"start":{"line":88,"column":12},"end":{"line":88,"column":41}},"36":{"start":{"line":90,"column":10},"end":{"line":90,"column":17}},"37":{"start":{"line":91,"column":15},"end":{"line":98,"column":9}},"38":{"start":{"line":92,"column":10},"end":{"line":92,"column":54}},"39":{"start":{"line":93,"column":10},"end":{"line":93,"column":33}},"40":{"start":{"line":94,"column":10},"end":{"line":96,"column":11}},"41":{"start":{"line":95,"column":12},"end":{"line":95,"column":41}},"42":{"start":{"line":97,"column":10},"end":{"line":97,"column":17}},"43":{"start":{"line":101,"column":8},"end":{"line":126,"column":9}},"44":{"start":{"line":102,"column":23},"end":{"line":102,"column":41}},"45":{"start":{"line":105,"column":10},"end":{"line":118,"column":11}},"46":{"start":{"line":106,"column":48},"end":{"line":106,"column":52}},"47":{"start":{"line":107,"column":12},"end":{"line":107,"column":66}},"48":{"start":{"line":108,"column":12},"end":{"line":110,"column":13}},"49":{"start":{"line":109,"column":14},"end":{"line":109,"column":48}},"50":{"start":{"line":111,"column":17},"end":{"line":118,"column":11}},"51":{"start":{"line":113,"column":40},"end":{"line":113,"column":44}},"52":{"start":{"line":114,"column":12},"end":{"line":114,"column":63}},"53":{"start":{"line":115,"column":12},"end":{"line":117,"column":13}},"54":{"start":{"line":116,"column":14},"end":{"line":116,"column":45}},"55":{"start":{"line":120,"column":10},"end":{"line":120,"column":57}},"56":{"start":{"line":121,"column":10},"end":{"line":125,"column":11}},"57":{"start":{"line":122,"column":12},"end":{"line":124,"column":14}},"58":{"start":{"line":129,"column":6},"end":{"line":134,"column":8}},"59":{"start":{"line":130,"column":8},"end":{"line":130,"column":48}},"60":{"start":{"line":131,"column":8},"end":{"line":131,"column":33}},"61":{"start":{"line":132,"column":8},"end":{"line":132,"column":31}},"62":{"start":{"line":133,"column":8},"end":{"line":133,"column":48}},"63":{"start":{"line":136,"column":6},"end":{"line":176,"column":8}},"64":{"start":{"line":137,"column":8},"end":{"line":137,"column":79}},"65":{"start":{"line":140,"column":27},"end":{"line":140,"column":29}},"66":{"start":{"line":141,"column":8},"end":{"line":167,"column":9}},"67":{"start":{"line":143,"column":12},"end":{"line":143,"column":47}},"68":{"start":{"line":144,"column":12},"end":{"line":144,"column":37}},"69":{"start":{"line":145,"column":12},"end":{"line":145,"column":19}},"70":{"start":{"line":147,"column":12},"end":{"line":149,"column":14}},"71":{"start":{"line":151,"column":12},"end":{"line":155,"column":13}},"72":{"start":{"line":152,"column":14},"end":{"line":152,"column":70}},"73":{"start":{"line":153,"column":14},"end":{"line":153,"column":39}},"74":{"start":{"line":154,"column":14},"end":{"line":154,"column":21}},"75":{"start":{"line":156,"column":12},"end":{"line":157,"column":81}},"76":{"start":{"line":158,"column":12},"end":{"line":158,"column":18}},"77":{"start":{"line":160,"column":12},"end":{"line":160,"column":44}},"78":{"start":{"line":161,"column":12},"end":{"line":161,"column":18}},"79":{"start":{"line":163,"column":12},"end":{"line":163,"column":49}},"80":{"start":{"line":164,"column":12},"end":{"line":164,"column":18}},"81":{"start":{"line":166,"column":12},"end":{"line":166,"column":64}},"82":{"start":{"line":169,"column":8},"end":{"line":169,"column":33}},"83":{"start":{"line":170,"column":8},"end":{"line":170,"column":31}},"84":{"start":{"line":173,"column":8},"end":{"line":175,"column":9}},"85":{"start":{"line":174,"column":10},"end":{"line":174,"column":45}},"86":{"start":{"line":184,"column":4},"end":{"line":184,"column":39}},"87":{"start":{"line":191,"column":4},"end":{"line":227,"column":5}},"88":{"start":{"line":192,"column":6},"end":{"line":192,"column":46}},"89":{"start":{"line":193,"column":6},"end":{"line":195,"column":7}},"90":{"start":{"line":194,"column":8},"end":{"line":194,"column":54}},"91":{"start":{"line":197,"column":6},"end":{"line":226,"column":7}},"92":{"start":{"line":198,"column":8},"end":{"line":198,"column":30}},"93":{"start":{"line":199,"column":27},"end":{"line":199,"column":47}},"94":{"start":{"line":200,"column":8},"end":{"line":204,"column":10}},"95":{"start":{"line":205,"column":8},"end":{"line":205,"column":75}},"96":{"start":{"line":207,"column":8},"end":{"line":207,"column":33}},"97":{"start":{"line":208,"column":8},"end":{"line":208,"column":57}},"98":{"start":{"line":209,"column":8},"end":{"line":209,"column":75}},"99":{"start":{"line":212,"column":8},"end":{"line":222,"column":18}},"100":{"start":{"line":213,"column":10},"end":{"line":221,"column":11}},"101":{"start":{"line":214,"column":12},"end":{"line":216,"column":14}},"102":{"start":{"line":217,"column":12},"end":{"line":217,"column":35}},"103":{"start":{"line":218,"column":12},"end":{"line":220,"column":13}},"104":{"start":{"line":219,"column":14},"end":{"line":219,"column":73}},"105":{"start":{"line":224,"column":8},"end":{"line":224,"column":63}},"106":{"start":{"line":225,"column":8},"end":{"line":225,"column":31}},"107":{"start":{"line":234,"column":4},"end":{"line":241,"column":5}},"108":{"start":{"line":235,"column":6},"end":{"line":235,"column":51}},"109":{"start":{"line":236,"column":6},"end":{"line":236,"column":28}},"110":{"start":{"line":238,"column":6},"end":{"line":240,"column":8}},"111":{"start":{"line":248,"column":4},"end":{"line":250,"column":5}},"112":{"start":{"line":249,"column":6},"end":{"line":249,"column":22}},"113":{"start":{"line":259,"column":4},"end":{"line":284,"column":7}},"114":{"start":{"line":260,"column":21},"end":{"line":260,"column":39}},"115":{"start":{"line":262,"column":22},"end":{"line":268,"column":14}},"116":{"start":{"line":263,"column":8},"end":{"line":263,"column":23}},"117":{"start":{"line":264,"column":8},"end":{"line":267,"column":11}},"118":{"start":{"line":270,"column":6},"end":{"line":274,"column":8}},"119":{"start":{"line":271,"column":8},"end":{"line":271,"column":30}},"120":{"start":{"line":272,"column":8},"end":{"line":272,"column":23}},"121":{"start":{"line":273,"column":8},"end":{"line":273,"column":35}},"122":{"start":{"line":276,"column":6},"end":{"line":283,"column":8}},"123":{"start":{"line":277,"column":8},"end":{"line":277,"column":30}},"124":{"start":{"line":278,"column":8},"end":{"line":282,"column":11}}},"fnMap":{"0":{"name":"(anonymous_0)","decl":{"start":{"line":23,"column":2},"end":{"line":23,"column":3}},"loc":{"start":{"line":23,"column":27},"end":{"line":26,"column":3}},"line":23},"1":{"name":"(anonymous_1)","decl":{"start":{"line":31,"column":2},"end":{"line":31,"column":3}},"loc":{"start":{"line":35,"column":10},"end":{"line":39,"column":3}},"line":35},"2":{"name":"(anonymous_2)","decl":{"start":{"line":44,"column":2},"end":{"line":44,"column":3}},"loc":{"start":{"line":44,"column":45},"end":{"line":49,"column":3}},"line":44},"3":{"name":"(anonymous_3)","decl":{"start":{"line":54,"column":2},"end":{"line":54,"column":3}},"loc":{"start":{"line":54,"column":78},"end":{"line":178,"column":3}},"line":54},"4":{"name":"(anonymous_4)","decl":{"start":{"line":57,"column":23},"end":{"line":57,"column":24}},"loc":{"start":{"line":57,"column":44},"end":{"line":177,"column":5}},"line":57},"5":{"name":"(anonymous_5)","decl":{"start":{"line":60,"column":23},"end":{"line":60,"column":24}},"loc":{"start":{"line":60,"column":29},"end":{"line":64,"column":7}},"line":60},"6":{"name":"(anonymous_6)","decl":{"start":{"line":66,"column":26},"end":{"line":66,"column":27}},"loc":{"start":{"line":66,"column":47},"end":{"line":127,"column":7}},"line":66},"7":{"name":"(anonymous_7)","decl":{"start":{"line":129,"column":24},"end":{"line":129,"column":25}},"loc":{"start":{"line":129,"column":38},"end":{"line":134,"column":7}},"line":129},"8":{"name":"(anonymous_8)","decl":{"start":{"line":136,"column":24},"end":{"line":136,"column":25}},"loc":{"start":{"line":136,"column":43},"end":{"line":176,"column":7}},"line":136},"9":{"name":"(anonymous_9)","decl":{"start":{"line":183,"column":2},"end":{"line":183,"column":3}},"loc":{"start":{"line":183,"column":78},"end":{"line":185,"column":3}},"line":183},"10":{"name":"(anonymous_10)","decl":{"start":{"line":190,"column":2},"end":{"line":190,"column":3}},"loc":{"start":{"line":190,"column":57},"end":{"line":228,"column":3}},"line":190},"11":{"name":"(anonymous_11)","decl":{"start":{"line":212,"column":19},"end":{"line":212,"column":20}},"loc":{"start":{"line":212,"column":25},"end":{"line":222,"column":9}},"line":212},"12":{"name":"(anonymous_12)","decl":{"start":{"line":233,"column":2},"end":{"line":233,"column":3}},"loc":{"start":{"line":233,"column":37},"end":{"line":242,"column":3}},"line":233},"13":{"name":"(anonymous_13)","decl":{"start":{"line":247,"column":2},"end":{"line":247,"column":3}},"loc":{"start":{"line":247,"column":23},"end":{"line":251,"column":3}},"line":247},"14":{"name":"(anonymous_14)","decl":{"start":{"line":256,"column":2},"end":{"line":256,"column":3}},"loc":{"start":{"line":258,"column":51},"end":{"line":285,"column":3}},"line":258},"15":{"name":"(anonymous_15)","decl":{"start":{"line":259,"column":23},"end":{"line":259,"column":24}},"loc":{"start":{"line":259,"column":36},"end":{"line":284,"column":5}},"line":259},"16":{"name":"(anonymous_16)","decl":{"start":{"line":262,"column":33},"end":{"line":262,"column":34}},"loc":{"start":{"line":262,"column":39},"end":{"line":268,"column":7}},"line":262},"17":{"name":"(anonymous_17)","decl":{"start":{"line":270,"column":22},"end":{"line":270,"column":23}},"loc":{"start":{"line":270,"column":28},"end":{"line":274,"column":7}},"line":270},"18":{"name":"(anonymous_18)","decl":{"start":{"line":276,"column":23},"end":{"line":276,"column":24}},"loc":{"start":{"line":276,"column":29},"end":{"line":283,"column":7}},"line":276}},"branchMap":{"0":{"loc":{"start":{"line":46,"column":4},"end":{"line":48,"column":5}},"type":"if","locations":[{"start":{"line":46,"column":4},"end":{"line":48,"column":5}},{"start":{},"end":{}}],"line":46},"1":{"loc":{"start":{"line":71,"column":8},"end":{"line":98,"column":9}},"type":"if","locations":[{"start":{"line":71,"column":8},"end":{"line":98,"column":9}},{"start":{"line":84,"column":15},"end":{"line":98,"column":9}}],"line":71},"2":{"loc":{"start":{"line":77,"column":10},"end":{"line":82,"column":11}},"type":"if","locations":[{"start":{"line":77,"column":10},"end":{"line":82,"column":11}},{"start":{"line":80,"column":17},"end":{"line":82,"column":11}}],"line":77},"3":{"loc":{"start":{"line":84,"column":15},"end":{"line":98,"column":9}},"type":"if","locations":[{"start":{"line":84,"column":15},"end":{"line":98,"column":9}},{"start":{"line":91,"column":15},"end":{"line":98,"column":9}}],"line":84},"4":{"loc":{"start":{"line":87,"column":10},"end":{"line":89,"column":11}},"type":"if","locations":[{"start":{"line":87,"column":10},"end":{"line":89,"column":11}},{"start":{},"end":{}}],"line":87},"5":{"loc":{"start":{"line":91,"column":15},"end":{"line":98,"column":9}},"type":"if","locations":[{"start":{"line":91,"column":15},"end":{"line":98,"column":9}},{"start":{},"end":{}}],"line":91},"6":{"loc":{"start":{"line":94,"column":10},"end":{"line":96,"column":11}},"type":"if","locations":[{"start":{"line":94,"column":10},"end":{"line":96,"column":11}},{"start":{},"end":{}}],"line":94},"7":{"loc":{"start":{"line":105,"column":10},"end":{"line":118,"column":11}},"type":"if","locations":[{"start":{"line":105,"column":10},"end":{"line":118,"column":11}},{"start":{"line":111,"column":17},"end":{"line":118,"column":11}}],"line":105},"8":{"loc":{"start":{"line":108,"column":12},"end":{"line":110,"column":13}},"type":"if","locations":[{"start":{"line":108,"column":12},"end":{"line":110,"column":13}},{"start":{},"end":{}}],"line":108},"9":{"loc":{"start":{"line":111,"column":17},"end":{"line":118,"column":11}},"type":"if","locations":[{"start":{"line":111,"column":17},"end":{"line":118,"column":11}},{"start":{},"end":{}}],"line":111},"10":{"loc":{"start":{"line":115,"column":12},"end":{"line":117,"column":13}},"type":"if","locations":[{"start":{"line":115,"column":12},"end":{"line":117,"column":13}},{"start":{},"end":{}}],"line":115},"11":{"loc":{"start":{"line":121,"column":10},"end":{"line":125,"column":11}},"type":"if","locations":[{"start":{"line":121,"column":10},"end":{"line":125,"column":11}},{"start":{},"end":{}}],"line":121},"12":{"loc":{"start":{"line":141,"column":8},"end":{"line":167,"column":9}},"type":"switch","locations":[{"start":{"line":142,"column":10},"end":{"line":145,"column":19}},{"start":{"line":146,"column":10},"end":{"line":158,"column":18}},{"start":{"line":159,"column":10},"end":{"line":161,"column":18}},{"start":{"line":162,"column":10},"end":{"line":164,"column":18}},{"start":{"line":165,"column":10},"end":{"line":166,"column":64}}],"line":141},"13":{"loc":{"start":{"line":151,"column":12},"end":{"line":155,"column":13}},"type":"if","locations":[{"start":{"line":151,"column":12},"end":{"line":155,"column":13}},{"start":{},"end":{}}],"line":151},"14":{"loc":{"start":{"line":173,"column":8},"end":{"line":175,"column":9}},"type":"if","locations":[{"start":{"line":173,"column":8},"end":{"line":175,"column":9}},{"start":{},"end":{}}],"line":173},"15":{"loc":{"start":{"line":173,"column":12},"end":{"line":173,"column":48}},"type":"binary-expr","locations":[{"start":{"line":173,"column":12},"end":{"line":173,"column":32}},{"start":{"line":173,"column":36},"end":{"line":173,"column":48}}],"line":173},"16":{"loc":{"start":{"line":191,"column":4},"end":{"line":227,"column":5}},"type":"if","locations":[{"start":{"line":191,"column":4},"end":{"line":227,"column":5}},{"start":{"line":196,"column":11},"end":{"line":227,"column":5}}],"line":191},"17":{"loc":{"start":{"line":191,"column":8},"end":{"line":191,"column":67}},"type":"binary-expr","locations":[{"start":{"line":191,"column":8},"end":{"line":191,"column":25}},{"start":{"line":191,"column":29},"end":{"line":191,"column":67}}],"line":191},"18":{"loc":{"start":{"line":193,"column":6},"end":{"line":195,"column":7}},"type":"if","locations":[{"start":{"line":193,"column":6},"end":{"line":195,"column":7}},{"start":{},"end":{}}],"line":193},"19":{"loc":{"start":{"line":213,"column":10},"end":{"line":221,"column":11}},"type":"if","locations":[{"start":{"line":213,"column":10},"end":{"line":221,"column":11}},{"start":{},"end":{}}],"line":213},"20":{"loc":{"start":{"line":218,"column":12},"end":{"line":220,"column":13}},"type":"if","locations":[{"start":{"line":218,"column":12},"end":{"line":220,"column":13}},{"start":{},"end":{}}],"line":218},"21":{"loc":{"start":{"line":234,"column":4},"end":{"line":241,"column":5}},"type":"if","locations":[{"start":{"line":234,"column":4},"end":{"line":241,"column":5}},{"start":{"line":237,"column":11},"end":{"line":241,"column":5}}],"line":234},"22":{"loc":{"start":{"line":234,"column":8},"end":{"line":234,"column":35}},"type":"binary-expr","locations":[{"start":{"line":234,"column":8},"end":{"line":234,"column":15}},{"start":{"line":234,"column":19},"end":{"line":234,"column":35}}],"line":234},"23":{"loc":{"start":{"line":248,"column":4},"end":{"line":250,"column":5}},"type":"if","locations":[{"start":{"line":248,"column":4},"end":{"line":250,"column":5}},{"start":{},"end":{}}],"line":248}},"s":{"0":5,"1":5,"2":5,"3":5,"4":5,"5":5,"6":1,"7":1,"8":1,"9":2,"10":2,"11":0,"12":4,"13":4,"14":4,"15":4,"16":3,"17":3,"18":3,"19":4,"20":2,"21":2,"22":2,"23":1,"24":1,"25":1,"26":1,"27":1,"28":1,"29":0,"30":1,"31":1,"32":0,"33":0,"34":0,"35":0,"36":0,"37":1,"38":0,"39":0,"40":0,"41":0,"42":0,"43":1,"44":1,"45":1,"46":0,"47":0,"48":0,"49":0,"50":1,"51":1,"52":1,"53":1,"54":1,"55":0,"56":0,"57":0,"58":4,"59":1,"60":1,"61":1,"62":1,"63":4,"64":0,"65":0,"66":0,"67":0,"68":0,"69":0,"70":0,"71":0,"72":0,"73":0,"74":0,"75":0,"76":0,"77":0,"78":0,"79":0,"80":0,"81":0,"82":0,"83":0,"84":0,"85":0,"86":0,"87":0,"88":0,"89":0,"90":0,"91":0,"92":0,"93":0,"94":0,"95":0,"96":0,"97":0,"98":0,"99":0,"100":0,"101":0,"102":0,"103":0,"104":0,"105":0,"106":0,"107":1,"108":1,"109":1,"110":0,"111":0,"112":0,"113":0,"114":0,"115":0,"116":0,"117":0,"118":0,"119":0,"120":0,"121":0,"122":0,"123":0,"124":0},"f":{"0":5,"1":1,"2":2,"3":4,"4":4,"5":3,"6":2,"7":1,"8":0,"9":0,"10":0,"11":0,"12":1,"13":0,"14":0,"15":0,"16":0,"17":0,"18":0},"b":{"0":[0,2],"1":[1,1],"2":[1,0],"3":[0,1],"4":[0,0],"5":[0,1],"6":[0,0],"7":[0,1],"8":[0,0],"9":[1,0],"10":[1,0],"11":[0,0],"12":[0,0,0,0,0],"13":[0,0],"14":[0,0],"15":[0,0],"16":[0,0],"17":[0,0],"18":[0,0],"19":[0,0],"20":[0,0],"21":[1,0],"22":[1,1],"23":[0,0]},"_coverageSchema":"1a1c01bbd47fc00a2c39e90264f33305004495a9","hash":"78eb3abb22c771136fac259d51d6486a2432f155"}
,"/Users/PlayerOne/Desktop/t5-crs/Frontend/Mobile/Dedale/src/context/EventContext.tsx": {"path":"/Users/PlayerOne/Desktop/t5-crs/Frontend/Mobile/Dedale/src/context/EventContext.tsx","statementMap":{"0":{"start":{"line":29,"column":21},"end":{"line":29,"column":75}},"1":{"start":{"line":35,"column":14},"end":{"line":35,"column":24}},"2":{"start":{"line":36,"column":16},"end":{"line":36,"column":74}},"3":{"start":{"line":38,"column":20},"end":{"line":38,"column":45}},"4":{"start":{"line":39,"column":18},"end":{"line":39,"column":41}},"5":{"start":{"line":42,"column":20},"end":{"line":46,"column":3}},"6":{"start":{"line":47,"column":18},"end":{"line":51,"column":3}},"7":{"start":{"line":53,"column":2},"end":{"line":59,"column":3}},"8":{"start":{"line":54,"column":4},"end":{"line":54,"column":19}},"9":{"start":{"line":55,"column":9},"end":{"line":59,"column":3}},"10":{"start":{"line":56,"column":4},"end":{"line":56,"column":22}},"11":{"start":{"line":58,"column":4},"end":{"line":58,"column":19}},"12":{"start":{"line":68,"column":51},"end":{"line":72,"column":3}},"13":{"start":{"line":74,"column":2},"end":{"line":91,"column":5}},"14":{"start":{"line":77,"column":6},"end":{"line":77,"column":71}},"15":{"start":{"line":78,"column":4},"end":{"line":78,"column":44}},"16":{"start":{"line":78,"column":26},"end":{"line":78,"column":44}},"17":{"start":{"line":81,"column":18},"end":{"line":81,"column":49}},"18":{"start":{"line":82,"column":18},"end":{"line":82,"column":49}},"19":{"start":{"line":84,"column":4},"end":{"line":90,"column":5}},"20":{"start":{"line":86,"column":6},"end":{"line":86,"column":27}},"21":{"start":{"line":89,"column":6},"end":{"line":89,"column":27}},"22":{"start":{"line":95,"column":48},"end":{"line":95,"column":77}},"23":{"start":{"line":96,"column":30},"end":{"line":96,"column":61}},"24":{"start":{"line":97,"column":32},"end":{"line":97,"column":46}},"25":{"start":{"line":99,"column":24},"end":{"line":119,"column":8}},"26":{"start":{"line":100,"column":4},"end":{"line":118,"column":5}},"27":{"start":{"line":101,"column":6},"end":{"line":101,"column":23}},"28":{"start":{"line":102,"column":17},"end":{"line":102,"column":30}},"29":{"start":{"line":103,"column":25},"end":{"line":103,"column":72}},"30":{"start":{"line":106,"column":50},"end":{"line":109,"column":9}},"31":{"start":{"line":106,"column":77},"end":{"line":109,"column":7}},"32":{"start":{"line":112,"column":27},"end":{"line":112,"column":55}},"33":{"start":{"line":113,"column":6},"end":{"line":113,"column":30}},"34":{"start":{"line":115,"column":6},"end":{"line":115,"column":60}},"35":{"start":{"line":117,"column":6},"end":{"line":117,"column":24}},"36":{"start":{"line":121,"column":27},"end":{"line":124,"column":31}},"37":{"start":{"line":122,"column":4},"end":{"line":122,"column":38}},"38":{"start":{"line":122,"column":26},"end":{"line":122,"column":38}},"39":{"start":{"line":123,"column":4},"end":{"line":123,"column":64}},"40":{"start":{"line":123,"column":30},"end":{"line":123,"column":54}},"41":{"start":{"line":127,"column":2},"end":{"line":129,"column":22}},"42":{"start":{"line":128,"column":4},"end":{"line":128,"column":20}},"43":{"start":{"line":131,"column":2},"end":{"line":144,"column":4}},"44":{"start":{"line":148,"column":18},"end":{"line":148,"column":42}},"45":{"start":{"line":149,"column":2},"end":{"line":151,"column":3}},"46":{"start":{"line":150,"column":4},"end":{"line":150,"column":69}},"47":{"start":{"line":152,"column":2},"end":{"line":152,"column":17}}},"fnMap":{"0":{"name":"calculateEventStatus","decl":{"start":{"line":34,"column":9},"end":{"line":34,"column":29}},"loc":{"start":{"line":34,"column":61},"end":{"line":60,"column":1}},"line":34},"1":{"name":"sortEvents","decl":{"start":{"line":67,"column":9},"end":{"line":67,"column":19}},"loc":{"start":{"line":67,"column":66},"end":{"line":92,"column":1}},"line":67},"2":{"name":"(anonymous_2)","decl":{"start":{"line":74,"column":26},"end":{"line":74,"column":27}},"loc":{"start":{"line":74,"column":36},"end":{"line":91,"column":3}},"line":74},"3":{"name":"EventProvider","decl":{"start":{"line":94,"column":16},"end":{"line":94,"column":29}},"loc":{"start":{"line":94,"column":69},"end":{"line":145,"column":1}},"line":94},"4":{"name":"(anonymous_4)","decl":{"start":{"line":99,"column":36},"end":{"line":99,"column":37}},"loc":{"start":{"line":99,"column":42},"end":{"line":119,"column":3}},"line":99},"5":{"name":"(anonymous_5)","decl":{"start":{"line":106,"column":65},"end":{"line":106,"column":66}},"loc":{"start":{"line":106,"column":77},"end":{"line":109,"column":7}},"line":106},"6":{"name":"(anonymous_6)","decl":{"start":{"line":121,"column":39},"end":{"line":121,"column":40}},"loc":{"start":{"line":121,"column":69},"end":{"line":124,"column":3}},"line":121},"7":{"name":"(anonymous_7)","decl":{"start":{"line":123,"column":23},"end":{"line":123,"column":24}},"loc":{"start":{"line":123,"column":30},"end":{"line":123,"column":54}},"line":123},"8":{"name":"(anonymous_8)","decl":{"start":{"line":127,"column":12},"end":{"line":127,"column":13}},"loc":{"start":{"line":127,"column":18},"end":{"line":129,"column":3}},"line":127},"9":{"name":"useEvent","decl":{"start":{"line":147,"column":16},"end":{"line":147,"column":24}},"loc":{"start":{"line":147,"column":27},"end":{"line":153,"column":1}},"line":147}},"branchMap":{"0":{"loc":{"start":{"line":53,"column":2},"end":{"line":59,"column":3}},"type":"if","locations":[{"start":{"line":53,"column":2},"end":{"line":59,"column":3}},{"start":{"line":55,"column":9},"end":{"line":59,"column":3}}],"line":53},"1":{"loc":{"start":{"line":53,"column":6},"end":{"line":53,"column":44}},"type":"binary-expr","locations":[{"start":{"line":53,"column":6},"end":{"line":53,"column":24}},{"start":{"line":53,"column":28},"end":{"line":53,"column":44}}],"line":53},"2":{"loc":{"start":{"line":55,"column":9},"end":{"line":59,"column":3}},"type":"if","locations":[{"start":{"line":55,"column":9},"end":{"line":59,"column":3}},{"start":{"line":57,"column":9},"end":{"line":59,"column":3}}],"line":55},"3":{"loc":{"start":{"line":78,"column":4},"end":{"line":78,"column":44}},"type":"if","locations":[{"start":{"line":78,"column":4},"end":{"line":78,"column":44}},{"start":{},"end":{}}],"line":78},"4":{"loc":{"start":{"line":84,"column":4},"end":{"line":90,"column":5}},"type":"if","locations":[{"start":{"line":84,"column":4},"end":{"line":90,"column":5}},{"start":{"line":87,"column":11},"end":{"line":90,"column":5}}],"line":84},"5":{"loc":{"start":{"line":122,"column":4},"end":{"line":122,"column":38}},"type":"if","locations":[{"start":{"line":122,"column":4},"end":{"line":122,"column":38}},{"start":{},"end":{}}],"line":122},"6":{"loc":{"start":{"line":123,"column":11},"end":{"line":123,"column":63}},"type":"binary-expr","locations":[{"start":{"line":123,"column":11},"end":{"line":123,"column":55}},{"start":{"line":123,"column":59},"end":{"line":123,"column":63}}],"line":123},"7":{"loc":{"start":{"line":149,"column":2},"end":{"line":151,"column":3}},"type":"if","locations":[{"start":{"line":149,"column":2},"end":{"line":151,"column":3}},{"start":{},"end":{}}],"line":149}},"s":{"0":1,"1":0,"2":0,"3":0,"4":0,"5":0,"6":0,"7":0,"8":0,"9":0,"10":0,"11":0,"12":0,"13":0,"14":0,"15":0,"16":0,"17":0,"18":0,"19":0,"20":0,"21":0,"22":0,"23":0,"24":0,"25":0,"26":0,"27":0,"28":0,"29":0,"30":0,"31":0,"32":0,"33":0,"34":0,"35":0,"36":0,"37":0,"38":0,"39":0,"40":0,"41":0,"42":0,"43":0,"44":0,"45":0,"46":0,"47":0},"f":{"0":0,"1":0,"2":0,"3":0,"4":0,"5":0,"6":0,"7":0,"8":0,"9":0},"b":{"0":[0,0],"1":[0,0],"2":[0,0],"3":[0,0],"4":[0,0],"5":[0,0],"6":[0,0],"7":[0,0]},"_coverageSchema":"1a1c01bbd47fc00a2c39e90264f33305004495a9","hash":"e22efc09fbbdadbd29adab82fd8cf1db2db2eb71"}
,"/Users/PlayerOne/Desktop/t5-crs/Frontend/Mobile/Dedale/src/context/GeometriesContext.tsx": {"path":"/Users/PlayerOne/Desktop/t5-crs/Frontend/Mobile/Dedale/src/context/GeometriesContext.tsx","statementMap":{"0":{"start":{"line":18,"column":26},"end":{"line":20,"column":1}},"1":{"start":{"line":23,"column":52},"end":{"line":25,"column":8}},"2":{"start":{"line":26,"column":32},"end":{"line":26,"column":46}},"3":{"start":{"line":28,"column":28},"end":{"line":50,"column":8}},"4":{"start":{"line":29,"column":4},"end":{"line":49,"column":5}},"5":{"start":{"line":30,"column":6},"end":{"line":30,"column":23}},"6":{"start":{"line":31,"column":17},"end":{"line":31,"column":30}},"7":{"start":{"line":32,"column":28},"end":{"line":34,"column":7}},"8":{"start":{"line":36,"column":67},"end":{"line":36,"column":69}},"9":{"start":{"line":37,"column":6},"end":{"line":42,"column":7}},"10":{"start":{"line":38,"column":8},"end":{"line":40,"column":9}},"11":{"start":{"line":39,"column":10},"end":{"line":39,"column":52}},"12":{"start":{"line":41,"column":8},"end":{"line":41,"column":60}},"13":{"start":{"line":44,"column":6},"end":{"line":44,"column":46}},"14":{"start":{"line":46,"column":6},"end":{"line":46,"column":61}},"15":{"start":{"line":48,"column":6},"end":{"line":48,"column":24}},"16":{"start":{"line":52,"column":2},"end":{"line":54,"column":26}},"17":{"start":{"line":53,"column":4},"end":{"line":53,"column":24}},"18":{"start":{"line":56,"column":2},"end":{"line":66,"column":4}},"19":{"start":{"line":70,"column":18},"end":{"line":70,"column":47}},"20":{"start":{"line":71,"column":2},"end":{"line":73,"column":3}},"21":{"start":{"line":72,"column":4},"end":{"line":72,"column":78}},"22":{"start":{"line":74,"column":2},"end":{"line":74,"column":17}}},"fnMap":{"0":{"name":"GeometriesProvider","decl":{"start":{"line":22,"column":16},"end":{"line":22,"column":34}},"loc":{"start":{"line":22,"column":74},"end":{"line":67,"column":1}},"line":22},"1":{"name":"(anonymous_1)","decl":{"start":{"line":28,"column":40},"end":{"line":28,"column":41}},"loc":{"start":{"line":28,"column":52},"end":{"line":50,"column":3}},"line":28},"2":{"name":"(anonymous_2)","decl":{"start":{"line":52,"column":12},"end":{"line":52,"column":13}},"loc":{"start":{"line":52,"column":18},"end":{"line":54,"column":3}},"line":52},"3":{"name":"useGeometries","decl":{"start":{"line":69,"column":16},"end":{"line":69,"column":29}},"loc":{"start":{"line":69,"column":32},"end":{"line":75,"column":1}},"line":69}},"branchMap":{"0":{"loc":{"start":{"line":38,"column":8},"end":{"line":40,"column":9}},"type":"if","locations":[{"start":{"line":38,"column":8},"end":{"line":40,"column":9}},{"start":{},"end":{}}],"line":38},"1":{"loc":{"start":{"line":71,"column":2},"end":{"line":73,"column":3}},"type":"if","locations":[{"start":{"line":71,"column":2},"end":{"line":73,"column":3}},{"start":{},"end":{}}],"line":71}},"s":{"0":2,"1":5,"2":5,"3":5,"4":3,"5":3,"6":3,"7":3,"8":3,"9":3,"10":4,"11":3,"12":4,"13":3,"14":0,"15":3,"16":5,"17":2,"18":5,"19":5,"20":5,"21":0,"22":5},"f":{"0":5,"1":3,"2":2,"3":5},"b":{"0":[3,1],"1":[0,5]},"_coverageSchema":"1a1c01bbd47fc00a2c39e90264f33305004495a9","hash":"de0413b6bf936182487bb990f9c8504cb4eda965"}
,"/Users/PlayerOne/Desktop/t5-crs/Frontend/Mobile/Dedale/src/context/PointsContext.tsx": {"path":"/Users/PlayerOne/Desktop/t5-crs/Frontend/Mobile/Dedale/src/context/PointsContext.tsx","statementMap":{"0":{"start":{"line":18,"column":22},"end":{"line":18,"column":77}},"1":{"start":{"line":21,"column":44},"end":{"line":23,"column":8}},"2":{"start":{"line":24,"column":32},"end":{"line":24,"column":46}},"3":{"start":{"line":26,"column":24},"end":{"line":57,"column":8}},"4":{"start":{"line":27,"column":4},"end":{"line":56,"column":5}},"5":{"start":{"line":28,"column":6},"end":{"line":28,"column":23}},"6":{"start":{"line":29,"column":17},"end":{"line":29,"column":30}},"7":{"start":{"line":31,"column":24},"end":{"line":35,"column":7}},"8":{"start":{"line":36,"column":69},"end":{"line":36,"column":71}},"9":{"start":{"line":37,"column":6},"end":{"line":45,"column":7}},"10":{"start":{"line":38,"column":8},"end":{"line":44,"column":9}},"11":{"start":{"line":40,"column":10},"end":{"line":42,"column":11}},"12":{"start":{"line":41,"column":12},"end":{"line":41,"column":47}},"13":{"start":{"line":43,"column":10},"end":{"line":43,"column":52}},"14":{"start":{"line":47,"column":6},"end":{"line":49,"column":7}},"15":{"start":{"line":48,"column":8},"end":{"line":48,"column":59}},"16":{"start":{"line":48,"column":46},"end":{"line":48,"column":57}},"17":{"start":{"line":51,"column":6},"end":{"line":51,"column":38}},"18":{"start":{"line":53,"column":6},"end":{"line":53,"column":57}},"19":{"start":{"line":55,"column":6},"end":{"line":55,"column":24}},"20":{"start":{"line":59,"column":2},"end":{"line":61,"column":22}},"21":{"start":{"line":60,"column":4},"end":{"line":60,"column":20}},"22":{"start":{"line":63,"column":2},"end":{"line":69,"column":4}},"23":{"start":{"line":73,"column":18},"end":{"line":73,"column":43}},"24":{"start":{"line":74,"column":2},"end":{"line":76,"column":3}},"25":{"start":{"line":75,"column":4},"end":{"line":75,"column":70}},"26":{"start":{"line":77,"column":2},"end":{"line":77,"column":17}}},"fnMap":{"0":{"name":"PointsProvider","decl":{"start":{"line":20,"column":16},"end":{"line":20,"column":30}},"loc":{"start":{"line":20,"column":70},"end":{"line":70,"column":1}},"line":20},"1":{"name":"(anonymous_1)","decl":{"start":{"line":26,"column":36},"end":{"line":26,"column":37}},"loc":{"start":{"line":26,"column":48},"end":{"line":57,"column":3}},"line":26},"2":{"name":"(anonymous_2)","decl":{"start":{"line":48,"column":36},"end":{"line":48,"column":37}},"loc":{"start":{"line":48,"column":46},"end":{"line":48,"column":57}},"line":48},"3":{"name":"(anonymous_3)","decl":{"start":{"line":59,"column":12},"end":{"line":59,"column":13}},"loc":{"start":{"line":59,"column":18},"end":{"line":61,"column":3}},"line":59},"4":{"name":"usePoints","decl":{"start":{"line":72,"column":16},"end":{"line":72,"column":25}},"loc":{"start":{"line":72,"column":28},"end":{"line":78,"column":1}},"line":72}},"branchMap":{"0":{"loc":{"start":{"line":38,"column":8},"end":{"line":44,"column":9}},"type":"if","locations":[{"start":{"line":38,"column":8},"end":{"line":44,"column":9}},{"start":{},"end":{}}],"line":38},"1":{"loc":{"start":{"line":40,"column":10},"end":{"line":42,"column":11}},"type":"if","locations":[{"start":{"line":40,"column":10},"end":{"line":42,"column":11}},{"start":{},"end":{}}],"line":40},"2":{"loc":{"start":{"line":74,"column":2},"end":{"line":76,"column":3}},"type":"if","locations":[{"start":{"line":74,"column":2},"end":{"line":76,"column":3}},{"start":{},"end":{}}],"line":74}},"s":{"0":2,"1":5,"2":5,"3":5,"4":3,"5":3,"6":3,"7":3,"8":3,"9":3,"10":4,"11":4,"12":3,"13":4,"14":3,"15":3,"16":1,"17":3,"18":0,"19":3,"20":5,"21":2,"22":5,"23":5,"24":5,"25":0,"26":5},"f":{"0":5,"1":3,"2":1,"3":2,"4":5},"b":{"0":[4,0],"1":[3,1],"2":[0,5]},"_coverageSchema":"1a1c01bbd47fc00a2c39e90264f33305004495a9","hash":"2cddd0bbf214f2a704259b64462dec4fb8026499"}
,"/Users/PlayerOne/Desktop/t5-crs/Frontend/Mobile/Dedale/src/screens/ConnectEvent.tsx": {"path":"/Users/PlayerOne/Desktop/t5-crs/Frontend/Mobile/Dedale/src/screens/ConnectEvent.tsx","statementMap":{"0":{"start":{"line":16,"column":49},"end":{"line":20,"column":3}},"1":{"start":{"line":22,"column":2},"end":{"line":29,"column":5}},"2":{"start":{"line":24,"column":20},"end":{"line":24,"column":80}},"3":{"start":{"line":25,"column":20},"end":{"line":25,"column":80}},"4":{"start":{"line":26,"column":22},"end":{"line":26,"column":52}},"5":{"start":{"line":27,"column":22},"end":{"line":27,"column":52}},"6":{"start":{"line":28,"column":4},"end":{"line":28,"column":33}},"7":{"start":{"line":33,"column":30},"end":{"line":33,"column":45}},"8":{"start":{"line":34,"column":21},"end":{"line":34,"column":41}},"9":{"start":{"line":35,"column":56},"end":{"line":35,"column":66}},"10":{"start":{"line":36,"column":17},"end":{"line":36,"column":36}},"11":{"start":{"line":38,"column":2},"end":{"line":41,"column":9}},"12":{"start":{"line":39,"column":4},"end":{"line":39,"column":20}},"13":{"start":{"line":43,"column":28},"end":{"line":47,"column":3}},"14":{"start":{"line":44,"column":4},"end":{"line":44,"column":49}},"15":{"start":{"line":45,"column":4},"end":{"line":45,"column":33}},"16":{"start":{"line":46,"column":4},"end":{"line":46,"column":32}},"17":{"start":{"line":49,"column":2},"end":{"line":61,"column":3}},"18":{"start":{"line":50,"column":4},"end":{"line":60,"column":6}},"19":{"start":{"line":53,"column":36},"end":{"line":53,"column":52}},"20":{"start":{"line":63,"column":2},"end":{"line":103,"column":4}},"21":{"start":{"line":73,"column":32},"end":{"line":73,"column":50}},"22":{"start":{"line":75,"column":10},"end":{"line":75,"column":64}},"23":{"start":{"line":94,"column":25},"end":{"line":94,"column":40}}},"fnMap":{"0":{"name":"sortEventsByStatus","decl":{"start":{"line":15,"column":16},"end":{"line":15,"column":34}},"loc":{"start":{"line":15,"column":109},"end":{"line":30,"column":1}},"line":15},"1":{"name":"(anonymous_1)","decl":{"start":{"line":22,"column":26},"end":{"line":22,"column":27}},"loc":{"start":{"line":22,"column":36},"end":{"line":29,"column":3}},"line":22},"2":{"name":"ConnectEvent","decl":{"start":{"line":32,"column":24},"end":{"line":32,"column":36}},"loc":{"start":{"line":32,"column":39},"end":{"line":104,"column":1}},"line":32},"3":{"name":"(anonymous_3)","decl":{"start":{"line":38,"column":12},"end":{"line":38,"column":13}},"loc":{"start":{"line":38,"column":18},"end":{"line":41,"column":3}},"line":38},"4":{"name":"(anonymous_4)","decl":{"start":{"line":43,"column":28},"end":{"line":43,"column":29}},"loc":{"start":{"line":43,"column":68},"end":{"line":47,"column":3}},"line":43},"5":{"name":"(anonymous_5)","decl":{"start":{"line":53,"column":30},"end":{"line":53,"column":31}},"loc":{"start":{"line":53,"column":36},"end":{"line":53,"column":52}},"line":53},"6":{"name":"(anonymous_6)","decl":{"start":{"line":73,"column":22},"end":{"line":73,"column":23}},"loc":{"start":{"line":73,"column":32},"end":{"line":73,"column":50}},"line":73},"7":{"name":"(anonymous_7)","decl":{"start":{"line":74,"column":20},"end":{"line":74,"column":21}},"loc":{"start":{"line":75,"column"
[...]
:{"line":316,"column":32},"end":{"line":316,"column":51}}},"fnMap":{"0":{"name":"checkPointVisibility","decl":{"start":{"line":13,"column":16},"end":{"line":13,"column":36}},"loc":{"start":{"line":16,"column":11},"end":{"line":28,"column":1}},"line":16},"1":{"name":"fetchRouteCoordinates","decl":{"start":{"line":31,"column":22},"end":{"line":31,"column":43}},"loc":{"start":{"line":33,"column":54},"end":{"line":59,"column":1}},"line":33},"2":{"name":"(anonymous_2)","decl":{"start":{"line":35,"column":22},"end":{"line":35,"column":23}},"loc":{"start":{"line":35,"column":30},"end":{"line":35,"column":63}},"line":35},"3":{"name":"(anonymous_3)","decl":{"start":{"line":39,"column":35},"end":{"line":39,"column":36}},"loc":{"start":{"line":39,"column":46},"end":{"line":39,"column":69}},"line":39},"4":{"name":"(anonymous_4)","decl":{"start":{"line":47,"column":8},"end":{"line":47,"column":9}},"loc":{"start":{"line":47,"column":38},"end":{"line":50,"column":9}},"line":47},"5":{"name":"(anonymous_5)","decl":{"start":{"line":58,"column":20},"end":{"line":58,"column":21}},"loc":{"start":{"line":58,"column":28},"end":{"line":58,"column":61}},"line":58},"6":{"name":"RouteNavigation","decl":{"start":{"line":61,"column":24},"end":{"line":61,"column":39}},"loc":{"start":{"line":61,"column":42},"end":{"line":357,"column":1}},"line":61},"7":{"name":"(anonymous_7)","decl":{"start":{"line":65,"column":4},"end":{"line":65,"column":5}},"loc":{"start":{"line":65,"column":10},"end":{"line":65,"column":45}},"line":65},"8":{"name":"(anonymous_8)","decl":{"start":{"line":82,"column":12},"end":{"line":82,"column":13}},"loc":{"start":{"line":82,"column":18},"end":{"line":133,"column":3}},"line":82},"9":{"name":"(anonymous_9)","decl":{"start":{"line":83,"column":23},"end":{"line":83,"column":24}},"loc":{"start":{"line":83,"column":35},"end":{"line":130,"column":5}},"line":83},"10":{"name":"(anonymous_10)","decl":{"start":{"line":97,"column":15},"end":{"line":97,"column":16}},"loc":{"start":{"line":97,"column":26},"end":{"line":97,"column":49}},"line":97},"11":{"name":"(anonymous_11)","decl":{"start":{"line":110,"column":12},"end":{"line":110,"column":13}},"loc":{"start":{"line":110,"column":42},"end":{"line":113,"column":13}},"line":110},"12":{"name":"(anonymous_12)","decl":{"start":{"line":120,"column":23},"end":{"line":120,"column":24}},"loc":{"start":{"line":120,"column":35},"end":{"line":120,"column":76}},"line":120},"13":{"name":"(anonymous_13)","decl":{"start":{"line":127,"column":21},"end":{"line":127,"column":22}},"loc":{"start":{"line":127,"column":33},"end":{"line":127,"column":74}},"line":127},"14":{"name":"(anonymous_14)","decl":{"start":{"line":135,"column":12},"end":{"line":135,"column":13}},"loc":{"start":{"line":135,"column":18},"end":{"line":198,"column":3}},"line":135},"15":{"name":"(anonymous_15)","decl":{"start":{"line":136,"column":31},"end":{"line":136,"column":32}},"loc":{"start":{"line":136,"column":43},"end":{"line":176,"column":5}},"line":136},"16":{"name":"(anonymous_16)","decl":{"start":{"line":187,"column":6},"end":{"line":187,"column":7}},"loc":{"start":{"line":187,"column":15},"end":{"line":192,"column":7}},"line":187},"17":{"name":"(anonymous_17)","decl":{"start":{"line":195,"column":11},"end":{"line":195,"column":12}},"loc":{"start":{"line":195,"column":17},"end":{"line":197,"column":5}},"line":195},"18":{"name":"(anonymous_18)","decl":{"start":{"line":196,"column":25},"end":{"line":196,"column":26}},"loc":{"start":{"line":196,"column":43},"end":{"line":196,"column":64}},"line":196},"19":{"name":"(anonymous_19)","decl":{"start":{"line":200,"column":24},"end":{"line":200,"column":25}},"loc":{"start":{"line":200,"column":30},"end":{"line":218,"column":3}},"line":200},"20":{"name":"(anonymous_20)","decl":{"start":{"line":220,"column":28},"end":{"line":220,"column":29}},"loc":{"start":{"line":220,"column":34},"end":{"line":233,"column":3}},"line":220},"21":{"name":"(anonymous_21)","decl":{"start":{"line":235,"column":37},"end":{"line":235,"column":38}},"loc":{"start":{"line":235,"column":57},"end":{"line":248,"column":3}},"line":235},"22":{"name":"(anonymous_22)","decl":{"start":{"line":250,"column":31},"end":{"line":250,"column":32}},"loc":{"start":{"line":250,"column":37},"end":{"line":259,"column":3}},"line":250},"23":{"name":"(anonymous_23)","decl":{"start":{"line":290,"column":20},"end":{"line":290,"column":21}},"loc":{"start":{"line":291,"column":10},"end":{"line":301,"column":12}},"line":291},"24":{"name":"(anonymous_24)","decl":{"start":{"line":316,"column":26},"end":{"line":316,"column":27}},"loc":{"start":{"line":316,"column":32},"end":{"line":316,"column":51}},"line":316}},"branchMap":{"0":{"loc":{"start":{"line":23,"column":4},"end":{"line":26,"column":21}},"type":"binary-expr","locations":[{"start":{"line":23,"column":4},"end":{"line":23,"column":21}},{"start":{"line":24,"column":4},"end":{"line":24,"column":21}},{"start":{"line":25,"column":4},"end":{"line":25,"column":21}},{"start":{"line":26,"column":4},"end":{"line":26,"column":21}}],"line":23},"1":{"loc":{"start":{"line":34,"column":2},"end":{"line":36,"column":3}},"type":"if","locations":[{"start":{"line":34,"column":2},"end":{"line":36,"column":3}},{"start":{},"end":{}}],"line":34},"2":{"loc":{"start":{"line":45,"column":4},"end":{"line":52,"column":5}},"type":"if","locations":[{"start":{"line":45,"column":4},"end":{"line":52,"column":5}},{"start":{},"end":{}}],"line":45},"3":{"loc":{"start":{"line":45,"column":8},"end":{"line":45,"column":45}},"type":"binary-expr","locations":[{"start":{"line":45,"column":8},"end":{"line":45,"column":19}},{"start":{"line":45,"column":23},"end":{"line":45,"column":45}}],"line":45},"4":{"loc":{"start":{"line":65,"column":10},"end":{"line":65,"column":45}},"type":"binary-expr","locations":[{"start":{"line":65,"column":10},"end":{"line":65,"column":39}},{"start":{"line":65,"column":43},"end":{"line":65,"column":45}}],"line":65},"5":{"loc":{"start":{"line":84,"column":6},"end":{"line":92,"column":7}},"type":"if","locations":[{"start":{"line":84,"column":6},"end":{"line":92,"column":7}},{"start":{},"end":{}}],"line":84},"6":{"loc":{"start":{"line":86,"column":8},"end":{"line":90,"column":9}},"type":"if","locations":[{"start":{"line":86,"column":8},"end":{"line":90,"column":9}},{"start":{},"end":{}}],"line":86},"7":{"loc":{"start":{"line":107,"column":8},"end":{"line":122,"column":9}},"type":"if","locations":[{"start":{"line":107,"column":8},"end":{"line":122,"column":9}},{"start":{"line":116,"column":15},"end":{"line":122,"column":9}}],"line":107},"8":{"loc":{"start":{"line":107,"column":12},"end":{"line":107,"column":71}},"type":"binary-expr","locations":[{"start":{"line":107,"column":12},"end":{"line":107,"column":30}},{"start":{"line":107,"column":34},"end":{"line":107,"column":45}},{"start":{"line":107,"column":49},"end":{"line":107,"column":71}}],"line":107},"9":{"loc":{"start":{"line":138,"column":6},"end":{"line":144,"column":7}},"type":"if","locations":[{"start":{"line":138,"column":6},"end":{"line":144,"column":7}},{"start":{},"end":{}}],"line":138},"10":{"loc":{"start":{"line":159,"column":8},"end":{"line":172,"column":9}},"type":"if","locations":[{"start":{"line":159,"column":8},"end":{"line":172,"column":9}},{"start":{"line":166,"column":15},"end":{"line":172,"column":9}}],"line":159},"11":{"loc":{"start":{"line":201,"column":4},"end":{"line":217,"column":5}},"type":"if","locations":[{"start":{"line":201,"column":4},"end":{"line":217,"column":5}},{"start":{"line":212,"column":11},"end":{"line":217,"column":5}}],"line":201},"12":{"loc":{"start":{"line":221,"column":4},"end":{"line":232,"column":5}},"type":"if","locations":[{"start":{"line":221,"column":4},"end":{"line":232,"column":5}},{"start":{},"end":{}}],"line":221},"13":{"loc":{"start":{"line":242,"column":6},"end":{"line":245,"column":51}},"type":"binary-expr","locations":[{"start":{"line":242,"column":6},"end":{"line":242,"column":50}},{"start":{"line":243,"column":6},"end":{"line":243,"column":50}},{"start":{"line":244,"column":6},"end":{"line":244,"column":51}},{"start":{"line":245,"column":6},"end":{"line":245,"column":51}}],"line":242},"14":{"loc":{"start":{"line":261,"column":2},"end":{"line":267,"column":3}},"type":"if","locations":[{"start":{"line":261,"column":2},"end":{"line":267,"column":3}},{"start":{},"end":{}}],"line":261},"15":{"loc":{"start":{"line":261,"column":6},"end":{"line":261,"column":43}},"type":"binary-expr","locations":[{"start":{"line":261,"column":6},"end":{"line":261,"column":20}},{"start":{"line":261,"column":24},"end":{"line":261,"column":43}}],"line":261},"16":{"loc":{"start":{"line":281,"column":9},"end":{"line":287,"column":9}},"type":"binary-expr","locations":[{"start":{"line":281,"column":9},"end":{"line":281,"column":36}},{"start":{"line":282,"column":10},"end":{"line":286,"column":12}}],"line":281},"17":{"loc":{"start":{"line":294,"column":22},"end":{"line":294,"column":73}},"type":"cond-expr","locations":[{"start":{"line":294,"column":52},"end":{"line":294,"column":61}},{"start":{"line":294,"column":64},"end":{"line":294,"column":73}}],"line":294},"18":{"loc":{"start":{"line":297,"column":14},"end":{"line":299,"column":55}},"type":"cond-expr","locations":[{"start":{"line":298,"column":18},"end":{"line":298,"column":32}},{"start":{"line":299,"column":18},"end":{"line":299,"column":55}}],"line":297},"19":{"loc":{"start":{"line":306,"column":7},"end":{"line":313,"column":7}},"type":"binary-expr","locations":[{"start":{"line":306,"column":7},"end":{"line":306,"column":22}},{"start":{"line":307,"column":8},"end":{"line":312,"column":20}}],"line":306},"20":{"loc":{"start":{"line":336,"column":23},"end":{"line":336,"column":79}},"type":"cond-expr","locations":[{"start":{"line":336,"column":49},"end":{"line":336,"column":67}},{"start":{"line":336,"column":70},"end":{"line":336,"column":79}}],"line":336},"21":{"loc":{"start":{"line":345,"column":14},"end":{"line":347,"column":27}},"type":"cond-expr","locations":[{"start":{"line":346,"column":18},"end":{"line":346,"column":36}},{"start":{"line":347,"column":18},"end":{"line":347,"column":27}}],"line":345}},"s":{"0":2,"1":2,"2":2,"3":2,"4":2,"5":2,"6":0,"7":0,"8":2,"9":2,"10":4,"11":2,"12":2,"13":1,"14":1,"15":1,"16":3,"17":1,"18":1,"19":2,"20":0,"21":0,"22":0,"23":0,"24":0,"25":0,"26":0,"27":0,"28":0,"29":0,"30":0,"31":0,"32":0,"33":0,"34":0,"35":0,"36":0,"37":0,"38":0,"39":0,"40":0,"41":0,"42":0,"43":0,"44":0,"45":0,"46":0,"47":0,"48":0,"49":0,"50":0,"51":0,"52":0,"53":0,"54":0,"55":0,"56":0,"57":0,"58":0,"59":0,"60":0,"61":0,"62":0,"63":0,"64":0,"65":0,"66":0,"67":0,"68":0,"69":0,"70":0,"71":0,"72":0,"73":0,"74":0,"75":0,"76":0,"77":0,"78":0,"79":0,"80":0,"81":0,"82":0,"83":0,"84":0,"85":0,"86":0,"87":0,"88":0,"89":0,"90":0,"91":0,"92":0,"93":0,"94":0,"95":0,"96":0,"97":0,"98":0,"99":0},"f":{"0":2,"1":2,"2":0,"3":4,"4":3,"5":2,"6":0,"7":0,"8":0,"9":0,"10":0,"11":0,"12":0,"13":0,"14":0,"15":0,"16":0,"17":0,"18":0,"19":0,"20":0,"21":0,"22":0,"23":0,"24":0},"b":{"0":[2,2,1,1],"1":[0,2],"2":[1,0],"3":[1,1],"4":[0,0],"5":[0,0],"6":[0,0],"7":[0,0],"8":[0,0,0],"9":[0,0],"10":[0,0],"11":[0,0],"12":[0,0],"13":[0,0,0,0],"14":[0,0],"15":[0,0],"16":[0,0],"17":[0,0],"18":[0,0],"19":[0,0],"20":[0,0],"21":[0,0]},"_coverageSchema":"1a1c01bbd47fc00a2c39e90264f33305004495a9","hash":"820ceeb183b0df9bd4e944540139d5fbd9d76632"}
,"/Users/PlayerOne/Desktop/t5-crs/Frontend/Mobile/Dedale/src/services/Helper.ts": {"path":"/Users/PlayerOne/Desktop/t5-crs/Frontend/Mobile/Dedale/src/services/Helper.ts","statementMap":{"0":{"start":{"line":4,"column":31},"end":{"line":19,"column":1}},"1":{"start":{"line":5,"column":19},"end":{"line":5,"column":69}},"2":{"start":{"line":6,"column":2},"end":{"line":9,"column":3}},"3":{"start":{"line":7,"column":4},"end":{"line":7,"column":82}},"4":{"start":{"line":8,"column":4},"end":{"line":8,"column":16}},"5":{"start":{"line":11,"column":12},"end":{"line":11,"column":54}},"6":{"start":{"line":13,"column":20},"end":{"line":16,"column":3}},"7":{"start":{"line":18,"column":2},"end":{"line":18,"column":19}},"8":{"start":{"line":22,"column":33},"end":{"line":26,"column":1}},"9":{"start":{"line":23,"column":13},"end":{"line":23,"column":20}},"10":{"start":{"line":24,"column":13},"end":{"line":24,"column":20}},"11":{"start":{"line":25,"column":2},"end":{"line":25,"column":38}},"12":{"start":{"line":28,"column":36},"end":{"line":37,"column":1}},"13":{"start":{"line":29,"column":2},"end":{"line":36,"column":3}},"14":{"start":{"line":30,"column":22},"end":{"line":30,"column":81}},"15":{"start":{"line":31,"column":26},"end":{"line":31,"column":299}},"16":{"start":{"line":32,"column":4},"end":{"line":32,"column":25}},"17":{"start":{"line":34,"column":4},"end":{"line":34,"column":56}},"18":{"start":{"line":35,"column":4},"end":{"line":35,"column":16}}},"fnMap":{"0":{"name":"(anonymous_0)","decl":{"start":{"line":4,"column":31},"end":{"line":4,"column":32}},"loc":{"start":{"line":4,"column":43},"end":{"line":19,"column":1}},"line":4},"1":{"name":"(anonymous_1)","decl":{"start":{"line":22,"column":33},"end":{"line":22,"column":34}},"loc":{"start":{"line":22,"column":85},"end":{"line":26,"column":1}},"line":22},"2":{"name":"(anonymous_2)","decl":{"start":{"line":28,"column":36},"end":{"line":28,"column":37}},"loc":{"start":{"line":28,"column":83},"end":{"line":37,"column":1}},"line":28}},"branchMap":{"0":{"loc":{"start":{"line":6,"column":2},"end":{"line":9,"column":3}},"type":"if","locations":[{"start":{"line":6,"column":2},"end":{"line":9,"column":3}},{"start":{},"end":{}}],"line":6},"1":{"loc":{"start":{"line":31,"column":29},"end":{"line":31,"column":68}},"type":"cond-expr","locations":[{"start":{"line":31,"column":44},"end":{"line":31,"column":63}},{"start":{"line":31,"column":66},"end":{"line":31,"column":68}}],"line":31},"2":{"loc":{"start":{"line":31,"column":71},"end":{"line":31,"column":114}},"type":"cond-expr","locations":[{"start":{"line":31,"column":88},"end":{"line":31,"column":109}},{"start":{"line":31,"column":112},"end":{"line":31,"column":114}}],"line":31},"3":{"loc":{"start":{"line":31,"column":117},"end":{"line":31,"column":156}},"type":"cond-expr","locations":[{"start":{"line":31,"column":132},"end":{"line":31,"column":151}},{"start":{"line":31,"column":154},"end":{"line":31,"column":156}}],"line":31},"4":{"loc":{"start":{"line":31,"column":159},"end":{"line":31,"column":202}},"type":"cond-expr","locations":[{"start":{"line":31,"column":176},"end":{"line":31,"column":197}},{"start":{"line":31,"column":200},"end":{"line":31,"column":202}}],"line":31},"5":{"loc":{"start":{"line":31,"column":205},"end":{"line":31,"column":256}},"type":"cond-expr","locations":[{"start":{"line":31,"column":226},"end":{"line":31,"column":251}},{"start":{"line":31,"column":254},"end":{"line":31,"column":256}}],"line":31},"6":{"loc":{"start":{"line":31,"column":259},"end":{"line":31,"column":297}},"type":"cond-expr","locations":[{"start":{"line":31,"column":277},"end":{"line":31,"column":292}},{"start":{"line":31,"column":295},"end":{"line":31,"column":297}}],"line":31}},"s":{"0":1,"1":0,"2":0,"3":0,"4":0,"5":0,"6":0,"7":0,"8":1,"9":0,"10":0,"11":0,"12":1,"13":0,"14":0,"15":0,"16":0,"17":0,"18":0},"f":{"0":0,"1":0,"2":0},"b":{"0":[0,0],"1":[0,0],"2":[0,0],"3":[0,0],"4":[0,0],"5":[0,0],"6":[0,0]},"_coverageSchema":"1a1c01bbd47fc00a2c39e90264f33305004495a9","hash":"68e6421b71c30ccc90f90bbcec3fc38a899ef853"}
,"/Users/PlayerOne/Desktop/t5-crs/Frontend/Mobile/Dedale/src/services/databaseAcces.ts": {"path":"/Users/PlayerOne/Desktop/t5-crs/Frontend/Mobile/Dedale/src/services/databaseAcces.ts","statementMap":{"0":{"start":{"line":1,"column":29},"end":{"line":3,"column":1}},"1":{"start":{"line":2,"column":2},"end":{"line":2,"column":81}},"2":{"start":{"line":5,"column":29},"end":{"line":7,"column":1}},"3":{"start":{"line":6,"column":2},"end":{"line":6,"column":62}},"4":{"start":{"line":9,"column":26},"end":{"line":11,"column":1}},"5":{"start":{"line":10,"column":2},"end":{"line":10,"column":93}},"6":{"start":{"line":13,"column":29},"end":{"line":15,"column":1}},"7":{"start":{"line":14,"column":2},"end":{"line":14,"column":81}},"8":{"start":{"line":17,"column":29},"end":{"line":19,"column":1}},"9":{"start":{"line":18,"column":2},"end":{"line":18,"column":62}},"10":{"start":{"line":21,"column":26},"end":{"line":23,"column":1}},"11":{"start":{"line":22,"column":2},"end":{"line":22,"column":93}},"12":{"start":{"line":25,"column":30},"end":{"line":27,"column":1}},"13":{"start":{"line":26,"column":2},"end":{"line":26,"column":114}},"14":{"start":{"line":29,"column":30},"end":{"line":31,"column":1}},"15":{"start":{"line":30,"column":2},"end":{"line":30,"column":64}},"16":{"start":{"line":33,"column":27},"end":{"line":35,"column":1}},"17":{"start":{"line":34,"column":2},"end":{"line":34,"column":116}},"18":{"start":{"line":37,"column":38},"end":{"line":39,"column":1}},"19":{"start":{"line":38,"column":2},"end":{"line":38,"column":76}},"20":{"start":{"line":41,"column":27},"end":{"line":44,"column":1}},"21":{"start":{"line":42,"column":17},"end":{"line":42,"column":67}},"22":{"start":{"line":43,"column":2},"end":{"line":43,"column":16}},"23":{"start":{"line":46,"column":32},"end":{"line":55,"column":3}},"24":{"start":{"line":47,"column":4},"end":{"line":54,"column":5}},"25":{"start":{"line":48,"column":6},"end":{"line":51,"column":8}},"26":{"start":{"line":53,"column":6},"end":{"line":53,"column":78}}},"fnMap":{"0":{"name":"(anonymous_0)","decl":{"start":{"line":1,"column":29},"end":{"line":1,"column":30}},"loc":{"start":{"line":1,"column":79},"end":{"line":3,"column":1}},"line":1},"1":{"name":"(anonymous_1)","decl":{"start":{"line":5,"column":29},"end":{"line":5,"column":30}},"loc":{"start":{"line":5,"column":61},"end":{"line":7,"column":1}},"line":5},"2":{"name":"(anonymous_2)","decl":{"start":{"line":9,"column":26},"end":{"line":9,"column":27}},"loc":{"start":{"line":9,"column":71},"end":{"line":11,"column":1}},"line":9},"3":{"name":"(anonymous_3)","decl":{"start":{"line":13,"column":29},"end":{"line":13,"column":30}},"loc":{"start":{"line":13,"column":79},"end":{"line":15,"column":1}},"line":13},"4":{"name":"(anonymous_4)","decl":{"start":{"line":17,"column":29},"end":{"line":17,"column":30}},"loc":{"start":{"line":17,"column":61},"end":{"line":19,"column":1}},"line":17},"5":{"name":"(anonymous_5)","decl":{"start":{"line":21,"column":26},"end":{"line":21,"column":27}},"loc":{"start":{"line":21,"column":71},"end":{"line":23,"column":1}},"line":21},"6":{"name":"(anonymous_6)","decl":{"start":{"line":25,"column":30},"end":{"line":25,"column":31}},"loc":{"start":{"line":25,"column":106},"end":{"line":27,"column":1}},"line":25},"7":{"name":"(anonymous_7)","decl":{"start":{"line":29,"column":30},"end":{"line":29,"column":31}},"loc":{"start":{"line":29,"column":63},"end":{"line":31,"column":1}},"line":29},"8":{"name":"(anonymous_8)","decl":{"start":{"line":33,"column":27},"end":{"line":33,"column":28}},"loc":{"start":{"line":33,"column":89},"end":{"line":35,"column":1}},"line":33},"9":{"name":"(anonymous_9)","decl":{"start":{"line":37,"column":38},"end":{"line":37,"column":39}},"loc":{"start":{"line":37,"column":90},"end":{"line":39,"column":1}},"line":37},"10":{"name":"(anonymous_10)","decl":{"start":{"line":41,"column":27},"end":{"line":41,"column":28}},"loc":{"start":{"line":41,"column":52},"end":{"line":44,"column":1}},"line":41},"11":{"name":"(anonymous_11)","decl":{"start":{"line":46,"column":32},"end":{"line":46,"column":33}},"loc":{"start":{"line":46,"column":62},"end":{"line":55,"column":3}},"line":46}},"branchMap":{},"s":{"0":1,"1":0,"2":1,"3":0,"4":1,"5":1,"6":1,"7":0,"8":1,"9":0,"10":1,"11":0,"12":1,"13":0,"14":1,"15":0,"16":1,"17":0,"18":1,"19":1,"20":1,"21":1,"22":1,"23":1,"24":1,"25":1,"26":1},"f":{"0":0,"1":0,"2":1,"3":0,"4":0,"5":0,"6":0,"7":0,"8":0,"9":1,"10":1,"11":1},"b":{},"_coverageSchema":"1a1c01bbd47fc00a2c39e90264f33305004495a9","hash":"6fd6bc4399e2a2f3bb1a81b5e305c5a0adb094c4"}
}
