{"/Users/PlayerOne/T5V2/t5-crs/Frontend/Mobile/Dedale/src/components/CustomButton.tsx": {"path":"/Users/PlayerOne/T5V2/t5-crs/Frontend/Mobile/Dedale/src/components/CustomButton.tsx","statementMap":{"0":{"start":{"line":18,"column":28},"end":{"line":29,"column":3}},"1":{"start":{"line":19,"column":4},"end":{"line":28,"column":5}},"2":{"start":{"line":21,"column":8},"end":{"line":21,"column":53}},"3":{"start":{"line":23,"column":8},"end":{"line":23,"column":53}},"4":{"start":{"line":25,"column":8},"end":{"line":25,"column":46}},"5":{"start":{"line":27,"column":8},"end":{"line":27,"column":48}},"6":{"start":{"line":31,"column":2},"end":{"line":46,"column":4}}},"fnMap":{"0":{"name":"CustomButton","decl":{"start":{"line":11,"column":24},"end":{"line":11,"column":36}},"loc":{"start":{"line":17,"column":22},"end":{"line":47,"column":1}},"line":17},"1":{"name":"(anonymous_1)","decl":{"start":{"line":18,"column":28},"end":{"line":18,"column":29}},"loc":{"start":{"line":18,"column":34},"end":{"line":29,"column":3}},"line":18}},"branchMap":{"0":{"loc":{"start":{"line":14,"column":2},"end":{"line":14,"column":21}},"type":"default-arg","locations":[{"start":{"line":14,"column":12},"end":{"line":14,"column":21}}],"line":14},"1":{"loc":{"start":{"line":15,"column":2},"end":{"line":15,"column":18}},"type":"default-arg","locations":[{"start":{"line":15,"column":13},"end":{"line":15,"column":18}}],"line":15},"2":{"loc":{"start":{"line":16,"column":2},"end":{"line":16,"column":19}},"type":"default-arg","locations":[{"start":{"line":16,"column":14},"end":{"line":16,"column":19}}],"line":16},"3":{"loc":{"start":{"line":19,"column":4},"end":{"line":28,"column":5}},"type":"switch","locations":[{"start":{"line":20,"column":6},"end":{"line":21,"column":53}},{"start":{"line":22,"column":6},"end":{"line":23,"column":53}},{"start":{"line":24,"column":6},"end":{"line":25,"column":46}},{"start":{"line":26,"column":6},"end":{"line":27,"column":48}}],"line":19},"4":{"loc":{"start":{"line":38,"column":10},"end":{"line":38,"column":38}},"type":"cond-expr","locations":[{"start":{"line":38,"column":21},"end":{"line":38,"column":33}},{"start":{"line":38,"column":36},"end":{"line":38,"column":38}}],"line":38},"5":{"loc":{"start":{"line":39,"column":10},"end":{"line":39,"column":35}},"type":"cond-expr","locations":[{"start":{"line":39,"column":22},"end":{"line":39,"column":30}},{"start":{"line":39,"column":33},"end":{"line":39,"column":35}}],"line":39}},"s":{"0":0,"1":0,"2":0,"3":0,"4":0,"5":0,"6":0},"f":{"0":0,"1":0},"b":{"0":[0],"1":[0],"2":[0],"3":[0,0,0,0],"4":[0,0],"5":[0,0]},"_coverageSchema":"1a1c01bbd47fc00a2c39e90264f33305004495a9","hash":"34f18858a30bc279391f2acb0892b13a3263051c"}
,"/Users/PlayerOne/T5V2/t5-crs/Frontend/Mobile/Dedale/src/components/Map.tsx": {"path":"/Users/PlayerOne/T5V2/t5-crs/Frontend/Mobile/Dedale/src/components/Map.tsx","statementMap":{"0":{"start":{"line":19,"column":24},"end":{"line":58,"column":1}},"1":{"start":{"line":20,"column":2},"end":{"line":20,"column":45}},"2":{"start":{"line":20,"column":33},"end":{"line":20,"column":45}},"3":{"start":{"line":22,"column":18},"end":{"line":22,"column":28}},"4":{"start":{"line":24,"column":2},"end":{"line":33,"column":3}},"5":{"start":{"line":25,"column":24},"end":{"line":25,"column":54}},"6":{"start":{"line":26,"column":4},"end":{"line":26,"column":34}},"7":{"start":{"line":26,"column":22},"end":{"line":26,"column":34}},"8":{"start":{"line":28,"column":19},"end":{"line":31,"column":6}},"9":{"start":{"line":29,"column":25},"end":{"line":29,"column":59}},"10":{"start":{"line":30,"column":6},"end":{"line":30,"column":47}},"11":{"start":{"line":32,"column":4},"end":{"line":32,"column":52}},"12":{"start":{"line":35,"column":2},"end":{"line":44,"column":3}},"13":{"start":{"line":36,"column":24},"end":{"line":36,"column":50}},"14":{"start":{"line":37,"column":4},"end":{"line":37,"column":34}},"15":{"start":{"line":37,"column":22},"end":{"line":37,"column":34}},"16":{"start":{"line":39,"column":19},"end":{"line":42,"column":6}},"17":{"start":{"line":40,"column":25},"end":{"line":40,"column":59}},"18":{"start":{"line":41,"column":6},"end":{"line":41,"column":47}},"19":{"start":{"line":43,"column":4},"end":{"line":43,"column":55}},"20":{"start":{"line":46,"column":2},"end":{"line":55,"column":3}},"21":{"start":{"line":47,"column":24},"end":{"line":47,"column":50}},"22":{"start":{"line":48,"column":4},"end":{"line":48,"column":34}},"23":{"start":{"line":48,"column":22},"end":{"line":48,"column":34}},"24":{"start":{"line":50,"column":23},"end":{"line":50,"column":67}},"25":{"start":{"line":51,"column":4},"end":{"line":54,"column":6}},"26":{"start":{"line":57,"column":2},"end":{"line":57,"column":14}},"27":{"start":{"line":77,"column":17},"end":{"line":87,"column":3}},"28":{"start":{"line":89,"column":32},"end":{"line":94,"column":3}},"29":{"start":{"line":96,"column":44},"end":{"line":98,"column":3}},"30":{"start":{"line":100,"column":4},"end":{"line":100,"column":24}},"31":{"start":{"line":101,"column":36},"end":{"line":101,"column":76}},"32":{"start":{"line":102,"column":42},"end":{"line":102,"column":76}},"33":{"start":{"line":104,"column":25},"end":{"line":104,"column":59}},"34":{"start":{"line":105,"column":17},"end":{"line":105,"column":49}},"35":{"start":{"line":106,"column":30},"end":{"line":106,"column":40}},"36":{"start":{"line":107,"column":52},"end":{"line":107,"column":63}},"37":{"start":{"line":108,"column":60},"end":{"line":108,"column":75}},"38":{"start":{"line":110,"column":2},"end":{"line":130,"column":47}},"39":{"start":{"line":111,"column":4},"end":{"line":129,"column":5}},"40":{"start":{"line":112,"column":21},"end":{"line":112,"column":51}},"41":{"start":{"line":113,"column":6},"end":{"line":113,"column":27}},"42":{"start":{"line":115,"column":6},"end":{"line":126,"column":7}},"43":{"start":{"line":116,"column":27},"end":{"line":116,"column":36}},"44":{"start":{"line":117,"column":8},"end":{"line":125,"column":10}},"45":{"start":{"line":128,"column":6},"end":{"line":128,"column":23}},"46":{"start":{"line":132,"column":2},"end":{"line":138,"column":43}},"47":{"start":{"line":133,"column":4},"end":{"line":137,"column":5}},"48":{"start":{"line":134,"column":6},"end":{"line":134,"column":58}},"49":{"start":{"line":136,"column":6},"end":{"line":136,"column":26}},"50":{"start":{"line":140,"column":2},"end":{"line":197,"column":9}},"51":{"start":{"line":141,"column":23},"end":{"line":193,"column":5}},"52":{"start":{"line":142,"column":27},"end":{"line":142,"column":32}},"53":{"start":{"line":143,"column":28},"end":{"line":150,"column":15}},"54":{"start":{"line":144,"column":8},"end":{"line":149,"column":9}},"55":{"start":{"line":145,"column":10},"end":{"line":145,"column":61}},"56":{"start":{"line":146,"column":10},"end":{"line":146,"column":42}},"57":{"start":{"line":147,"column":10},"end":{"line":147,"column":43}},"58":{"start":{"line":148,"column":10},"end":{"line":148,"column":32}},"59":{"start":{"line":152,"column":6},"end":{"line":192,"column":7}},"60":{"start":{"line":153,"column":27},"end":{"line":153,"column":77}},"61":{"start":{"line":154,"column":8},"end":{"line":165,"column":9}},"62":{"start":{"line":155,"column":10},"end":{"line":158,"column":12}},"63":{"start":{"line":159,"column":10},"end":{"line":163,"column":11}},"64":{"start":{"line":160,"column":12},"end":{"line":160,"column":44}},"65":{"start":{"line":161,"column":12},"end":{"line":161,"column":45}},"66":{"start":{"line":162,"column":12},"end":{"line":162,"column":34}},"67":{"start":{"line":164,"column":10},"end":{"line":164,"column":17}},"68":{"start":{"line":167,"column":8},"end":{"line":189,"column":9}},"69":{"start":{"line":168,"column":22},"end":{"line":170,"column":12}},"70":{"start":{"line":172,"column":37},"end":{"line":177,"column":11}},"71":{"start":{"line":179,"column":10},"end":{"line":179,"column":39}},"72":{"start":{"line":180,"column":10},"end":{"line":180,"column":43}},"73":{"start":{"line":181,"column":10},"end":{"line":181,"column":32}},"74":{"start":{"line":183,"column":10},"end":{"line":183,"column":56}},"75":{"start":{"line":184,"column":10},"end":{"line":188,"column":11}},"76":{"start":{"line":185,"column":12},"end":{"line":185,"column":44}},"77":{"start":{"line":186,"column":12},"end":{"line":186,"column":45}},"78":{"start":{"line":187,"column":12},"end":{"line":187,"column":34}},"79":{"start":{"line":191,"column":8},"end":{"line":191,"column":36}},"80":{"start":{"line":195,"column":4},"end":{"line":195,"column":17}},"81":{"start":{"line":199,"column":31},"end":{"line":211,"column":3}},"82":{"start":{"line":200,"column":4},"end":{"line":210,"column":5}},"83":{"start":{"line":201,"column":6},"end":{"line":209,"column":8}},"84":{"start":{"line":213,"column":2},"end":{"line":223,"column":3}},"85":{"start":{"line":214,"column":4},"end":{"line":222,"column":6}},"86":{"start":{"line":225,"column":2},"end":{"line":315,"column":4}},"87":{"start":{"line":231,"column":10},"end":{"line":233,"column":11}},"88":{"start":{"line":232,"column":12},"end":{"line":232,"column":77}},"89":{"start":{"line":249,"column":12},"end":{"line":253,"column":14}},"90":{"start":{"line":256,"column":25},"end":{"line":256,"column":43}},"91":{"start":{"line":257,"column":10},"end":{"line":257,"column":35}},"92":{"start":{"line":257,"column":23},"end":{"line":257,"column":35}},"93":{"start":{"line":259,"column":24},"end":{"line":259,"column":53}},"94":{"start":{"line":261,"column":10},"end":{"line":277,"column":11}},"95":{"start":{"line":262,"column":30},"end":{"line":266,"column":25}},"96":{"start":{"line":265,"column":29},"end":{"line":265,"column":46}},"97":{"start":{"line":268,"column":12},"end":{"line":276,"column":14}},"98":{"start":{"line":279,"column":10},"end":{"line":288,"column":11}},"99":{"start":{"line":280,"column":12},"end":{"line":287,"column":14}},"100":{"start":{"line":290,"column":10},"end":{"line":298,"column":11}},"101":{"start":{"line":291,"column":12},"end":{"line":297,"column":14}},"102":{"start":{"line":300,"column":10},"end":{"line":300,"column":22}},"103":{"start":{"line":318,"column":15},"end":{"line":338,"column":2}}},"fnMap":{"0":{"name":"(anonymous_0)","decl":{"start":{"line":19,"column":24},"end":{"line":19,"column":25}},"loc":{"start":{"line":19,"column":41},"end":{"line":58,"column":1}},"line":19},"1":{"name":"(anonymous_1)","decl":{"start":{"line":28,"column":49},"end":{"line":28,"column":50}},"loc":{"start":{"line":28,"column":59},"end":{"line":31,"column":5}},"line":28},"2":{"name":"(anonymous_2)","decl":{"start":{"line":39,"column":49},"end":{"line":39,"column":50}},"loc":{"start":{"line":39,"column":59},"end":{"line":42,"column":5}},"line":39},"3":{"name":"OfflineMap","decl":{"start":{"line":69,"column":24},"end":{"line":69,"column":34}},"loc":{"start":{"line":76,"column":20},"end":{"line":316,"column":1}},"line":76},"4":{"name":"(anonymous_4)","decl":{"start":{"line":110,"column":18},"end":{"line":110,"column":19}},"loc":{"start":{"line":110,"column":24},"end":{"line":130,"column":3}},"line":110},"5":{"name":"(anonymous_5)","decl":{"start":{"line":132,"column":18},"end":{"line":132,"column":19}},"loc":{"start":{"line":132,"column":24},"end":{"line":138,"column":3}},"line":132},"6":{"name":"(anonymous_6)","decl":{"start":{"line":140,"column":18},"end":{"line":140,"column":19}},"loc":{"start":{"line":140,"column":24},"end":{"line":197,"column":3}},"line":140},"7":{"name":"(anonymous_7)","decl":{"start":{"line":141,"column":23},"end":{"line":141,"column":24}},"loc":{"start":{"line":141,"column":35},"end":{"line":193,"column":5}},"line":141},"8":{"name":"(anonymous_8)","decl":{"start":{"line":143,"column":39},"end":{"line":143,"column":40}},"loc":{"start":{"line":143,"column":45},"end":{"line":150,"column":7}},"line":143},"9":{"name":"(anonymous_9)","decl":{"start":{"line":199,"column":31},"end":{"line":199,"column":32}},"loc":{"start":{"line":199,"column":37},"end":{"line":211,"column":3}},"line":199},"10":{"name":"(anonymous_10)","decl":{"start":{"line":230,"column":13},"end":{"line":230,"column":14}},"loc":{"start":{"line":230,"column":22},"end":{"line":234,"column":9}},"line":230},"11":{"name":"(anonymous_11)","decl":{"start":{"line":248,"column":24},"end":{"line":248,"column":25}},"loc":{"start":{"line":249,"column":12},"end":{"line":253,"column":14}},"line":249},"12":{"name":"(anonymous_12)","decl":{"start":{"line":255,"column":26},"end":{"line":255,"column":27}},"loc":{"start":{"line":255,"column":43},"end":{"line":301,"column":9}},"line":255},"13":{"name":"(anonymous_13)","decl":{"start":{"line":265,"column":20},"end":{"line":265,"column":21}},"loc":{"start":{"line":265,"column":29},"end":{"line":265,"column":46}},"line":265}},"branchMap":{"0":{"loc":{"start":{"line":20,"column":2},"end":{"line":20,"column":45}},"type":"if","locations":[{"start":{"line":20,"column":2},"end":{"line":20,"column":45}},{"start":{},"end":{}}],"line":20},"1":{"loc":{"start":{"line":20,"column":6},"end":{"line":20,"column":31}},"type":"binary-expr","locations":[{"start":{"line":20,"column":6},"end":{"line":20,"column":10}},{"start":{"line":20,"column":14},"end":{"line":20,"column":31}}],"line":20},"2":{"loc":{"start":{"line":24,"column":2},"end":{"line":33,"column":3}},"type":"if","locations":[{"start":{"line":24,"column":2},"end":{"line":33,"column":3}},{"start":{},"end":{}}],"line":24},"3":{"loc":{"start":{"line":26,"column":4},"end":{"line":26,"column":34}},"type":"if","locations":[{"start":{"line":26,"column":4},"end":{"line":26,"column":34}},{"start":{},"end":{}}],"line":26},"4":{"loc":{"start":{"line":35,"column":2},"end":{"line":44,"column":3}},"type":"if","locations":[{"start":{"line":35,"column":2},"end":{"line":44,"column":3}},{"start":{},"end":{}}],"line":35},"5":{"loc":{"start":{"line":37,"column":4},"end":{"line":37,"column":34}},"type":"if","locations":[{"start":{"line":37,"column":4},"end":{"line":37,"column":34}},{"start":{},"end":{}}],"line":37},"6":{"loc":{"start":{"line":46,"column":2},"end":{"line":55,"column":3}},"type":"if","locations":[{"start":{"line":46,"column":2},"end":{"line":55,"column":3}},{"start":{},"end":{}}],"line":46},"7":{"loc":{"start":{"line":48,"column":4},"end":{"line":48,"column":34}},"type":"if","locations":[{"start":{"line":48,"column":4},"end":{"line":48,"column":34}},{"start":{},"end":{}}],"line":48},"8":{"loc":{"start":{"line":73,"column":2},"end":{"line":73,"column":28}},"type":"default-arg","locations":[{"start":{"line":73,"column":23},"end":{"line":73,"column":28}}],"line":73},"9":{"loc":{"start":{"line":74,"column":2},"end":{"line":74,"column":21}},"type":"default-arg","locations":[{"start":{"line":74,"column":16},"end":{"line":74,"column":21}}],"line":74},"10":{"loc":{"start":{"line":105,"column":17},"end":{"line":105,"column":49}},"type":"binary-expr","locations":[{"start":{"line":105,"column":17},"end":{"line":105,"column":31}},{"start":{"line":105,"column":35},"end":{"line":105,"column":49}}],"line":105},"11":{"loc":{"start":{"line":111,"column":4},"end":{"line":129,"column":5}},"type":"if","locations":[{"start":{"line":111,"column":4},"end":{"line":129,"column":5}},{"start":{"line":127,"column":11},"end":{"line":129,"column":5}}],"line":111},"12":{"loc":{"start":{"line":111,"column":8},"end":{"line":111,"column":57}},"type":"binary-expr","locations":[{"start":{"line":111,"column":8},"end":{"line":111,"column":23}},{"start":{"line":111,"column":27},"end":{"line":111,"column":57}}],"line":111},"13":{"loc":{"start":{"line":115,"column":6},"end":{"line":126,"column":7}},"type":"if","locations":[{"start":{"line":115,"column":6},"end":{"line":126,"column":7}},{"start":{},"end":{}}],"line":115},"14":{"loc":{"start":{"line":115,"column":10},"end":{"line":115,"column":45}},"type":"binary-expr","locations":[{"start":{"line":115,"column":10},"end":{"line":115,"column":27}},{"start":{"line":115,"column":31},"end":{"line":115,"column":45}}],"line":115},"15":{"loc":{"start":{"line":133,"column":4},"end":{"line":137,"column":5}},"type":"if","locations":[{"start":{"line":133,"column":4},"end":{"line":137,"column":5}},{"start":{"line":135,"column":11},"end":{"line":137,"column":5}}],"line":133},"16":{"loc":{"start":{"line":133,"column":8},"end":{"line":133,"column":61}},"type":"binary-expr","locations":[{"start":{"line":133,"column":8},"end":{"line":133,"column":23}},{"start":{"line":133,"column":27},"end":{"line":133,"column":61}}],"line":133},"17":{"loc":{"start":{"line":144,"column":8},"end":{"line":149,"column":9}},"type":"if","locations":[{"start":{"line":144,"column":8},"end":{"line":149,"column":9}},{"start":{},"end":{}}],"line":144},"18":{"loc":{"start":{"line":154,"column":8},"end":{"line":165,"column":9}},"type":"if","locations":[{"start":{"line":154,"column":8},"end":{"line":165,"column":9}},{"start":{},"end":{}}],"line":154},"19":{"loc":{"start":{"line":159,"column":10},"end":{"line":163,"column":11}},"type":"if","locations":[{"start":{"line":159,"column":10},"end":{"line":163,"column":11}},{"start":{},"end":{}}],"line":159},"20":{"loc":{"start":{"line":184,"column":10},"end":{"line":188,"column":11}},"type":"if","locations":[{"start":{"line":184,"column":10},"end":{"line":188,"column":11}},{"start":{},"end":{}}],"line":184},"21":{"loc":{"start":{"line":200,"column":4},"end":{"line":210,"column":5}},"type":"if","locations":[{"start":{"line":200,"column":4},"end":{"line":210,"column":5}},{"start":{},"end":{}}],"line":200},"22":{"loc":{"start":{"line":200,"column":8},"end":{"line":200,"column":39}},"type":"binary-expr","locations":[{"start":{"line":200,"column":8},"end":{"line":200,"column":22}},{"start":{"line":200,"column":26},"end":{"line":200,"column":39}}],"line":200},"23":{"loc":{"start":{"line":213,"column":2},"end":{"line":223,"column":3}},"type":"if","locations":[{"start":{"line":213,"column":2},"end":{"line":223,"column":3}},{"start":{},"end":{}}],"line":213},"24":{"loc":{"start":{"line":213,"column":6},"end":{"line":213,"column":46}},"type":"binary-expr","locations":[{"start":{"line":213,"column":6},"end":{"line":213,"column":28}},{"start":{"line":213,"column":32},"end":{"line":213,"column":46}}],"line":213},"25":{"loc":{"start":{"line":231,"column":10},"end":{"line":233,"column":11}},"type":"if","locations":[{"start":{"line":231,"column":10},"end":{"line":233,"column":11}},{"start":{},"end":{}}],"line":231},"26":{"loc":{"start":{"line":231,"column":14},"end":{"line":231,"column":43}},"type":"binary-expr","locations":[{"start":{"line":231,"column":14},"end":{"line":231,"column":20}},{"start":{"line":231,"column":24},"end":{"line":231,"column":43}}],"line":231},"27":{"loc":{"start":{"line":247,"column":9},"end":{"line":254,"column":12}},"type":"binary-expr","locations":[{"start":{"line":247,"column":9},"end":{"line":247,"column":28}},{"start":{"line":248,"column":10},"end":{"line":254,"column":12}}],"line":247},"28":{"loc":{"start":{"line":257,"column":10},"end":{"line":257,"column":35}},"type":"if","locations":[{"start":{"line":257,"column":10},"end":{"line":257,"column":35}},{"start":{},"end":{}}],"line":257},"29":{"loc":{"start":{"line":261,"column":10},"end":{"line":277,"column":11}},"type":"if","locations":[{"start":{"line":261,"column":10},"end":{"line":277,"column":11}},{"start":{},"end":{}}],"line":261},"30":{"loc":{"start":{"line":279,"column":10},"end":{"line":288,"column":11}},"type":"if","locations":[{"start":{"line":279,"column":10},"end":{"line":288,"column":11}},{"start":{},"end":{}}],"line":279},"31":{"loc":{"start":{"line":290,"column":10},"end":{"line":298,"column":11}},"type":"if","locations":[{"start":{"line":290,"column":10},"end":{"line":298,"column":11}},{"start":{},"end":{}}],"line":290},"32":{"loc":{"start":{"line":304,"column":7},"end":{"line":308,"column":7}},"type":"binary-expr","locations":[{"start":{"line":304,"column":8},"end":{"line":304,"column":21}},{"start":{"line":304,"column":25},"end":{"line":304,"column":42}},{"start":{"line":305,"column":8},"end":{"line":307,"column":15}}],"line":304},"33":{"loc":{"start":{"line":309,"column":7},"end":{"line":313,"column":7}},"type":"binary-expr","locations":[{"start":{"line":309,"column":7},"end":{"line":309,"column":19}},{"start":{"line":310,"column":8},"end":{"line":312,"column":15}}],"line":309}},"s":{"0":1,"1":5,"2":1,"3":4,"4":4,"5":1,"6":1,"7":0,"8":1,"9":5,"10":5,"11":1,"12":3,"13":1,"14":1,"15":0,"16":1,"17":3,"18":3,"19":1,"20":2,"21":1,"22":1,"23":0,"24":1,"25":1,"26":1,"27":0,"28":0,"29":0,"30":0,"31":0,"32":0,"33":0,"34":0,"35":0,"36":0,"37":0,"38":0,"39":0,"40":0,"41":0,"42":0,"43":0,"44":0,"45":0,"46":0,"47":0,"48":0,"49":0,"50":0,"51":0,"52":0,"53":0,"54":0,"55":0,"56":0,"57":0,"58":0,"59":0,"60":0,"61":0,"62":0,"63":0,"64":0,"65":0,"66":0,"67":0,"68":0,"69":0,"70":0,"71":0,"72":0,"73":0,"74":0,"75":0,"76":0,"77":0,"78":0,"79":0,"80":0,"81":0,"82":0,"83":0,"84":0,"85":0,"86":0,"87":0,"88":0,"89":0,"90":0,"91":0,"92":0,"93":0,"94":0,"95":0,"96":0,"97":0,"98":0,"99":0,"100":0,"101":0,"102":0,"103":1},"f":{"0":5,"1":5,"2":3,"3":0,"4":0,"5":0,"6":0,"7":0,"8":0,"9":0,"10":0,"11":0,"12":0,"13":0},"b":{"0":[1,4],"1":[5,4],"2":[1,3],"3":[0,1],"4":[1,2],"5":[0,1],"6":[1,1],"7":[0,1],"8":[0],"9":[0],"10":[0,0],"11":[0,0],"12":[0,0],"13":[0,0],"14":[0,0],"15":[0,0],"16":[0,0],"17":[0,0],"18":[0,0],"19":[0,0],"20":[0,0],"21":[0,0],"22":[0,0],"23":[0,0],"24":[0,0],"25":[0,0],"26":[0,0],"27":[0,0],"28":[0,0],"29":[0,0],"30":[0,0],"31":[0,0],"32":[0,0,0],"33":[0,0]},"_coverageSchema":"1a1c01bbd47fc00a2c39e90264f33305004495a9","hash":"2b098a5c423373b6b75821c7558da7653c7dbd68"}
,"/Users/PlayerOne/T5V2/t5-crs/Frontend/Mobile/Dedale/src/components/WebSocketClient.tsx": {"path":"/Users/PlayerOne/T5V2/t5-crs/Frontend/Mobile/Dedale/src/components/WebSocketClient.tsx","statementMap":{"0":{"start":{"line":17,"column":33},"end":{"line":17,"column":37}},"1":{"start":{"line":18,"column":32},"end":{"line":18,"column":37}},"2":{"start":{"line":19,"column":30},"end":{"line":19,"column":35}},"3":{"start":{"line":24,"column":42},"end":{"line":24,"column":47}},"4":{"start":{"line":25,"column":35},"end":{"line":25,"column":40}},"5":{"start":{"line":32,"column":4},"end":{"line":32,"column":19}},"6":{"start":{"line":33,"column":4},"end":{"line":33,"column":70}},"7":{"start":{"line":44,"column":4},"end":{"line":44,"column":41}},"8":{"start":{"line":45,"column":4},"end":{"line":45,"column":35}},"9":{"start":{"line":46,"column":4},"end":{"line":46,"column":51}},"10":{"start":{"line":53,"column":4},"end":{"line":53,"column":29}},"11":{"start":{"line":54,"column":4},"end":{"line":56,"column":5}},"12":{"start":{"line":55,"column":6},"end":{"line":55,"column":44}},"13":{"start":{"line":65,"column":4},"end":{"line":65,"column":39}},"14":{"start":{"line":67,"column":4},"end":{"line":323,"column":7}},"15":{"start":{"line":68,"column":6},"end":{"line":68,"column":40}},"16":{"start":{"line":70,"column":6},"end":{"line":74,"column":8}},"17":{"start":{"line":71,"column":8},"end":{"line":71,"column":58}},"18":{"start":{"line":72,"column":8},"end":{"line":72,"column":32}},"19":{"start":{"line":73,"column":8},"end":{"line":73,"column":22}},"20":{"start":{"line":76,"column":6},"end":{"line":263,"column":8}},"21":{"start":{"line":77,"column":8},"end":{"line":77,"column":59}},"22":{"start":{"line":78,"column":8},"end":{"line":78,"column":58}},"23":{"start":{"line":81,"column":8},"end":{"line":113,"column":9}},"24":{"start":{"line":82,"column":26},"end":{"line":82,"column":44}},"25":{"start":{"line":83,"column":10},"end":{"line":83,"column":51}},"26":{"start":{"line":84,"column":10},"end":{"line":84,"column":56}},"27":{"start":{"line":85,"column":10},"end":{"line":85,"column":66}},"28":{"start":{"line":86,"column":10},"end":{"line":86,"column":68}},"29":{"start":{"line":86,"column":28},"end":{"line":86,"column":68}},"30":{"start":{"line":87,"column":10},"end":{"line":110,"column":11}},"31":{"start":{"line":88,"column":12},"end":{"line":88,"column":76}},"32":{"start":{"line":89,"column":12},"end":{"line":109,"column":13}},"33":{"start":{"line":90,"column":14},"end":{"line":94,"column":16}},"34":{"start":{"line":95,"column":14},"end":{"line":108,"column":15}},"35":{"start":{"line":96,"column":16},"end":{"line":99,"column":18}},"36":{"start":{"line":100,"column":16},"end":{"line":103,"column":18}},"37":{"start":{"line":104,"column":16},"end":{"line":107,"column":18}},"38":{"start":{"line":112,"column":10},"end":{"line":112,"column":54}},"39":{"start":{"line":116,"column":8},"end":{"line":143,"column":9}},"40":{"start":{"line":117,"column":10},"end":{"line":119,"column":12}},"41":{"start":{"line":120,"column":10},"end":{"line":120,"column":43}},"42":{"start":{"line":121,"column":10},"end":{"line":121,"column":33}},"43":{"start":{"line":122,"column":10},"end":{"line":127,"column":11}},"44":{"start":{"line":123,"column":12},"end":{"line":123,"column":59}},"45":{"start":{"line":124,"column":12},"end":{"line":124,"column":38}},"46":{"start":{"line":126,"column":12},"end":{"line":126,"column":61}},"47":{"start":{"line":128,"column":10},"end":{"line":128,"column":17}},"48":{"start":{"line":129,"column":15},"end":{"line":143,"column":9}},"49":{"start":{"line":130,"column":10},"end":{"line":130,"column":61}},"50":{"start":{"line":131,"column":10},"end":{"line":131,"column":33}},"51":{"start":{"line":132,"column":10},"end":{"line":134,"column":11}},"52":{"start":{"line":133,"column":12},"end":{"line":133,"column":41}},"53":{"start":{"line":135,"column":10},"end":{"line":135,"column":17}},"54":{"start":{"line":136,"column":15},"end":{"line":143,"column":9}},"55":{"start":{"line":137,"column":10},"end":{"line":137,"column":54}},"56":{"start":{"line":138,"column":10},"end":{"line":138,"column":33}},"57":{"start":{"line":139,"column":10},"end":{"line":141,"column":11}},"58":{"start":{"line":140,"column":12},"end":{"line":140,"column":41}},"59":{"start":{"line":142,"column":10},"end":{"line":142,"column":17}},"60":{"start":{"line":146,"column":8},"end":{"line":262,"column":9}},"61":{"start":{"line":147,"column":23},"end":{"line":147,"column":41}},"62":{"start":{"line":150,"column":10},"end":{"line":219,"column":11}},"63":{"start":{"line":151,"column":12},"end":{"line":217,"column":13}},"64":{"start":{"line":154,"column":16},"end":{"line":156,"column":18}},"65":{"start":{"line":157,"column":16},"end":{"line":157,"column":22}},"66":{"start":{"line":160,"column":16},"end":{"line":166,"column":17}},"67":{"start":{"line":161,"column":68},"end":{"line":161,"column":77}},"68":{"start":{"line":162,"column":18},"end":{"line":162,"column":77}},"69":{"start":{"line":163,"column":18},"end":{"line":165,"column":19}},"70":{"start":{"line":164,"column":20},"end":{"line":164,"column":51}},"71":{"start":{"line":167,"column":16},"end":{"line":167,"column":22}},"72":{"start":{"line":170,"column":16},"end":{"line":197,"column":17}},"73":{"start":{"line":171,"column":63},"end":{"line":171,"column":72}},"74":{"start":{"line":172,"column":18},"end":{"line":176,"column":20}},"75":{"start":{"line":178,"column":39},"end":{"line":178,"column":69}},"76":{"start":{"line":179,"column":18},"end":{"line":179,"column":79}},"77":{"start":{"line":180,"column":18},"end":{"line":183,"column":20}},"78":{"start":{"line":184,"column":18},"end":{"line":187,"column":20}},"79":{"start":{"line":188,"column":18},"end":{"line":193,"column":19}},"80":{"start":{"line":189,"column":20},"end":{"line":192,"column":22}},"81":{"start":{"line":194,"column":18},"end":{"line":196,"column":19}},"82":{"start":{"line":195,"column":20},"end":{"line":195,"column":52}},"83":{"start":{"line":198,"column":16},"end":{"line":198,"column":22}},"84":{"start":{"line":200,"column":16},"end":{"line":200,"column":63}},"85":{"start":{"line":201,"column":16},"end":{"line":201,"column":42}},"86":{"start":{"line":202,"column":16},"end":{"line":204,"column":17}},"87":{"start":{"line":203,"column":18},"end":{"line":203,"column":41}},"88":{"start":{"line":207,"column":16},"end":{"line":207,"column":22}},"89":{"start":{"line":210,"column":16},"end":{"line":210,"column":63}},"90":{"start":{"line":211,"column":16},"end":{"line":213,"column":17}},"91":{"start":{"line":212,"column":18},"end":{"line":212,"column":47}},"92":{"start":{"line":214,"column":16},"end":{"line":214,"column":22}},"93":{"start":{"line":216,"column":16},"end":{"line":216,"column":70}},"94":{"start":{"line":218,"column":12},"end":{"line":218,"column":19}},"95":{"start":{"line":222,"column":10},"end":{"line":254,"column":11}},"96":{"start":{"line":223,"column":48},"end":{"line":223,"column":52}},"97":{"start":{"line":224,"column":12},"end":{"line":224,"column":66}},"98":{"start":{"line":225,"column":12},"end":{"line":227,"column":13}},"99":{"start":{"line":226,"column":14},"end":{"line":226,"column":48}},"100":{"start":{"line":228,"column":17},"end":{"line":254,"column":11}},"101":{"start":{"line":230,"column":37},"end":{"line":230,"column":47}},"102":{"start":{"line":231,"column":46},"end":{"line":231,"column":57}},"103":{"start":{"line":232,"column":12},"end":{"line":237,"column":14}},"104":{"start":{"line":238,"column":12},"end":{"line":240,"column":13}},"105":{"start":{"line":239,"column":14},"end":{"line":239,"column":46}},"106":{"start":{"line":242,"column":17},"end":{"line":254,"column":11}},"107":{"start":{"line":244,"column":40},"end":{"line":244,"column":44}},"108":{"start":{"line":245,"column":12},"end":{"line":245,"column":79}},"109":{"start":{"line":246,"column":12},"end":{"line":248,"column":13}},"110":{"start":{"line":247,"column":14},"end":{"line":247,"column":45}},"111":{"start":{"line":250,"column":12},"end":{"line":253,"column":14}},"112":{"start":{"line":256,"column":10},"end":{"line":256,"column":57}},"113":{"start":{"line":257,"column":10},"end":{"line":261,"column":11}},"114":{"start":{"line":258,"column":12},"end":{"line":260,"column":14}},"115":{"start":{"line":265,"column":6},"end":{"line":275,"column":8}},"116":{"start":{"line":267,"column":8},"end":{"line":269,"column":9}},"117":{"start":{"line":268,"column":10},"end":{"line":268,"column":62}},"118":{"start":{"line":270,"column":8},"end":{"line":270,"column":33}},"119":{"start":{"line":271,"column":8},"end":{"line":271,"column":31}},"120":{"start":{"line":272,"column":8},"end":{"line":274,"column":9}},"121":{"start":{"line":273,"column":10},"end":{"line":273,"column":50}},"122":{"start":{"line":277,"column":6},"end":{"line":322,"column":8}},"123":{"start":{"line":278,"column":8},"end":{"line":278,"column":79}},"124":{"start":{"line":281,"column":27},"end":{"line":281,"column":29}},"125":{"start":{"line":282,"column":8},"end":{"line":308,"column":9}},"126":{"start":{"line":284,"column":12},"end":{"line":284,"column":47}},"127":{"start":{"line":285,"column":12},"end":{"line":285,"column":37}},"128":{"start":{"line":286,"column":12},"end":{"line":286,"column":19}},"129":{"start":{"line":289,"column":12},"end":{"line":293,"column":13}},"130":{"start":{"line":290,"column":14},"end":{"line":290,"column":71}},"131":{"start":{"line":291,"column":14},"end":{"line":291,"column":39}},"132":{"start":{"line":292,"column":14},"end":{"line":292,"column":21}},"133":{"start":{"line":294,"column":12},"end":{"line":296,"column":14}},"134":{"start":{"line":297,"column":12},"end":{"line":298,"column":81}},"135":{"start":{"line":299,"column":12},"end":{"line":299,"column":18}},"136":{"start":{"line":301,"column":12},"end":{"line":301,"column":44}},"137":{"start":{"line":302,"column":12},"end":{"line":302,"column":18}},"138":{"start":{"line":304,"column":12},"end":{"line":304,"column":49}},"139":{"start":{"line":305,"column":12},"end":{"line":305,"column":18}},"140":{"start":{"line":307,"column":12},"end":{"line":307,"column":64}},"141":{"start":{"line":310,"column":8},"end":{"line":310,"column":33}},"142":{"start":{"line":311,"column":8},"end":{"line":311,"column":31}},"143":{"start":{"line":314,"column":8},"end":{"line":316,"column":9}},"144":{"start":{"line":315,"column":10},"end":{"line":315,"column":33}},"145":{"start":{"line":319,"column":8},"end":{"line":321,"column":9}},"146":{"start":{"line":320,"column":10},"end":{"line":320,"column":45}},"147":{"start":{"line":330,"column":4},"end":{"line":330,"column":39}},"148":{"start":{"line":337,"column":4},"end":{"line":337,"column":36}},"149":{"start":{"line":344,"column":4},"end":{"line":380,"column":5}},"150":{"start":{"line":345,"column":6},"end":{"line":345,"column":46}},"151":{"start":{"line":346,"column":6},"end":{"line":348,"column":7}},"152":{"start":{"line":347,"column":8},"end":{"line":347,"column":54}},"153":{"start":{"line":350,"column":6},"end":{"line":379,"column":7}},"154":{"start":{"line":351,"column":8},"end":{"line":351,"column":30}},"155":{"start":{"line":352,"column":27},"end":{"line":352,"column":47}},"156":{"start":{"line":353,"column":8},"end":{"line":357,"column":10}},"157":{"start":{"line":358,"column":8},"end":{"line":358,"column":75}},"158":{"start":{"line":360,"column":8},"end":{"line":360,"column":33}},"159":{"start":{"line":361,"column":8},"end":{"line":361,"column":57}},"160":{"start":{"line":362,"column":8},"end":{"line":362,"column":75}},"161":{"start":{"line":365,"column":8},"end":{"line":375,"column":18}},"162":{"start":{"line":366,"column":10},"end":{"line":374,"column":11}},"163":{"start":{"line":367,"column":12},"end":{"line":369,"column":14}},"164":{"start":{"line":370,"column":12},"end":{"line":370,"column":35}},"165":{"start":{"line":371,"column":12},"end":{"line":373,"column":13}},"166":{"start":{"line":372,"column":14},"end":{"line":372,"column":73}},"167":{"start":{"line":377,"column":8},"end":{"line":377,"column":63}},"168":{"start":{"line":378,"column":8},"end":{"line":378,"column":31}},"169":{"start":{"line":387,"column":4},"end":{"line":394,"column":5}},"170":{"start":{"line":388,"column":6},"end":{"line":388,"column":51}},"171":{"start":{"line":389,"column":6},"end":{"line":389,"column":28}},"172":{"start":{"line":391,"column":6},"end":{"line":393,"column":8}},"173":{"start":{"line":401,"column":4},"end":{"line":403,"column":5}},"174":{"start":{"line":402,"column":6},"end":{"line":402,"column":22}},"175":{"start":{"line":412,"column":4},"end":{"line":437,"column":7}},"176":{"start":{"line":413,"column":21},"end":{"line":413,"column":39}},"177":{"start":{"line":415,"column":22},"end":{"line":421,"column":14}},"178":{"start":{"line":416,"column":8},"end":{"line":416,"column":23}},"179":{"start":{"line":417,"column":8},"end":{"line":420,"column":11}},"180":{"start":{"line":423,"column":6},"end":{"line":427,"column":8}},"181":{"start":{"line":424,"column":8},"end":{"line":424,"column":30}},"182":{"start":{"line":425,"column":8},"end":{"line":425,"column":23}},"183":{"start":{"line":426,"column":8},"end":{"line":426,"column":35}},"184":{"start":{"line":429,"column":6},"end":{"line":436,"column":8}},"185":{"start":{"line":430,"column":8},"end":{"line":430,"column":30}},"186":{"start":{"line":431,"column":8},"end":{"line":435,"column":11}}},"fnMap":{"0":{"name":"(anonymous_0)","decl":{"start":{"line":31,"column":2},"end":{"line":31,"column":3}},"loc":{"start":{"line":31,"column":27},"end":{"line":34,"column":3}},"line":31},"1":{"name":"(anonymous_1)","decl":{"start":{"line":39,"column":2},"end":{"line":39,"column":3}},"loc":{"start":{"line":43,"column":10},"end":{"line":47,"column":3}},"line":43},"2":{"name":"(anonymous_2)","decl":{"start":{"line":52,"column":2},"end":{"line":52,"column":3}},"loc":{"start":{"line":52,"column":45},"end":{"line":57,"column":3}},"line":52},"3":{"name":"(anonymous_3)","decl":{"start":{"line":62,"column":2},"end":{"line":62,"column":3}},"loc":{"start":{"line":64,"column":22},"end":{"line":324,"column":3}},"line":64},"4":{"name":"(anonymous_4)","decl":{"start":{"line":67,"column":23},"end":{"line":67,"column":24}},"loc":{"start":{"line":67,"column":44},"end":{"line":323,"column":5}},"line":67},"5":{"name":"(anonymous_5)","decl":{"start":{"line":70,"column":23},"end":{"line":70,"column":24}},"loc":{"start":{"line":70,"column":29},"end":{"line":74,"column":7}},"line":70},"6":{"name":"(anonymous_6)","decl":{"start":{"line":76,"column":26},"end":{"line":76,"column":27}},"loc":{"start":{"line":76,"column":47},"end":{"line":263,"column":7}},"line":76},"7":{"name":"(anonymous_7)","decl":{"start":{"line":265,"column":24},"end":{"line":265,"column":25}},"loc":{"start":{"line":265,"column":38},"end":{"line":275,"column":7}},"line":265},"8":{"name":"(anonymous_8)","decl":{"start":{"line":277,"column":24},"end":{"line":277,"column":25}},"loc":{"start":{"line":277,"column":43},"end":{"line":322,"column":7}},"line":277},"9":{"name":"(anonymous_9)","decl":{"start":{"line":329,"column":2},"end":{"line":329,"column":3}},"loc":{"start":{"line":329,"column":78},"end":{"line":331,"column":3}},"line":329},"10":{"name":"(anonymous_10)","decl":{"start":{"line":336,"column":2},"end":{"line":336,"column":3}},"loc":{"start":{"line":336,"column":48},"end":{"line":338,"column":3}},"line":336},"11":{"name":"(anonymous_11)","decl":{"start":{"line":343,"column":2},"end":{"line":343,"column":3}},"loc":{"start":{"line":343,"column":57},"end":{"line":381,"column":3}},"line":343},"12":{"name":"(anonymous_12)","decl":{"start":{"line":365,"column":19},"end":{"line":365,"column":20}},"loc":{"start":{"line":365,"column":25},"end":{"line":375,"column":9}},"line":365},"13":{"name":"(anonymous_13)","decl":{"start":{"line":386,"column":2},"end":{"line":386,"column":3}},"loc":{"start":{"line":386,"column":37},"end":{"line":395,"column":3}},"line":386},"14":{"name":"(anonymous_14)","decl":{"start":{"line":400,"column":2},"end":{"line":400,"column":3}},"loc":{"start":{"line":400,"column":23},"end":{"line":404,"column":3}},"line":400},"15":{"name":"(anonymous_15)","decl":{"start":{"line":409,"column":2},"end":{"line":409,"column":3}},"loc":{"start":{"line":411,"column":51},"end":{"line":438,"column":3}},"line":411},"16":{"name":"(anonymous_16)","decl":{"start":{"line":412,"column":23},"end":{"line":412,"column":24}},"loc":{"start":{"line":412,"column":36},"end":{"line":437,"column":5}},"line":412},"17":{"name":"(anonymous_17)","decl":{"start":{"line":415,"column":33},"end":{"line":415,"column":34}},"loc":{"start":{"line":415,"column":39},"end":{"line":421,"column":7}},"line":415},"18":{"name":"(anonymous_18)","decl":{"start":{"line":423,"column":22},"end":{"line":423,"column":23}},"loc":{"start":{"line":423,"column":28},"end":{"line":427,"column":7}},"line":423},"19":{"name":"(anonymous_19)","decl":{"start":{"line":429,"column":23},"end":{"line":429,"column":24}},"loc":{"start":{"line":429,"column":29},"end":{"line":436,"column":7}},"line":429}},"branchMap":{"0":{"loc":{"start":{"line":54,"column":4},"end":{"line":56,"column":5}},"type":"if","locations":[{"start":{"line":54,"column":4},"end":{"line":56,"column":5}},{"start":{},"end":{}}],"line":54},"1":{"loc":{"start":{"line":86,"column":10},"end":{"line":86,"column":68}},"type":"if","locations":[{"start":{"line":86,"column":10},"end":{"line":86,"column":68}},{"start":{},"end":{}}],"line":86},"2":{"loc":{"start":{"line":87,"column":10},"end":{"line":110,"column":11}},"type":"if","locations":[{"start":{"line":87,"column":10},"end":{"line":110,"column":11}},{"start":{},"end":{}}],"line":87},"3":{"loc":{"start":{"line":88,"column":55},"end":{"line":88,"column":73}},"type":"binary-expr","locations":[{"start":{"line":88,"column":55},"end":{"line":88,"column":67}},{"start":{"line":88,"column":71},"end":{"line":88,"column":73}}],"line":88},"4":{"loc":{"start":{"line":89,"column":12},"end":{"line":109,"column":13}},"type":"if","locations":[{"start":{"line":89,"column":12},"end":{"line":109,"column":13}},{"start":{},"end":{}}],"line":89},"5":{"loc":{"start":{"line":95,"column":14},"end":{"line":108,"column":15}},"type":"if","locations":[{"start":{"line":95,"column":14},"end":{"line":108,"column":15}},{"start":{},"end":{}}],"line":95},"6":{"loc":{"start":{"line":102,"column":18},"end":{"line":102,"column":59}},"type":"binary-expr","locations":[{"start":{"line":102,"column":18},"end":{"line":102,"column":47}},{"start":{"line":102,"column":51},"end":{"line":102,"column":59}}],"line":102},"7":{"loc":{"start":{"line":106,"column":18},"end":{"line":106,"column":61}},"type":"binary-expr","locations":[{"start":{"line":106,"column":18},"end":{"line":106,"column":49}},{"start":{"line":106,"column":53},"end":{"line":106,"column":61}}],"line":106},"8":{"loc":{"start":{"line":116,"column":8},"end":{"line":143,"column":9}},"type":"if","locations":[{"start":{"line":116,"column":8},"end":{"line":143,"column":9}},{"start":{"line":129,"column":15},"end":{"line":143,"column":9}}],"line":116},"9":{"loc":{"start":{"line":122,"column":10},"end":{"line":127,"column":11}},"type":"if","locations":[{"start":{"line":122,"column":10},"end":{"line":127,"column":11}},{"start":{"line":125,"column":17},"end":{"line":127,"column":11}}],"line":122},"10":{"loc":{"start":{"line":129,"column":15},"end":{"line":143,"column":9}},"type":"if","locations":[{"start":{"line":129,"column":15},"end":{"line":143,"column":9}},{"start":{"line":136,"column":15},"end":{"line":143,"column":9}}],"line":129},"11":{"loc":{"start":{"line":132,"column":10},"end":{"line":134,"column":11}},"type":"if","locations":[{"start":{"line":132,"column":10},"end":{"line":134,"column":11}},{"start":{},"end":{}}],"line":132},"12":{"loc":{"start":{"line":136,"column":15},"end":{"line":143,"column":9}},"type":"if","locations":[{"start":{"line":136,"column":15},"end":{"line":143,"column":9}},{"start":{},"end":{}}],"line":136},"13":{"loc":{"start":{"line":139,"column":10},"end":{"line":141,"column":11}},"type":"if","locations":[{"start":{"line":139,"column":10},"end":{"line":141,"column":11}},{"start":{},"end":{}}],"line":139},"14":{"loc":{"start":{"line":150,"column":10},"end":{"line":219,"column":11}},"type":"if","locations":[{"start":{"line":150,"column":10},"end":{"line":219,"column":11}},{"start":{},"end":{}}],"line":150},"15":{"loc":{"start":{"line":151,"column":12},"end":{"line":217,"column":13}},"type":"switch","locations":[{"start":{"line":152,"column":14},"end":{"line":157,"column":22}},{"start":{"line":158,"column":14},"end":{"line":167,"column":22}},{"start":{"line":168,"column":14},"end":{"line":198,"column":22}},{"start":{"line":199,"column":14},"end":{"line":207,"column":22}},{"start":{"line":208,"column":14},"end":{"line":214,"column":22}},{"start":{"line":215,"column":14},"end":{"line":216,"column":70}}],"line":151},"16":{"loc":{"start":{"line":160,"column":16},"end":{"line":166,"column":17}},"type":"if","locations":[{"start":{"line":160,"column":16},"end":{"line":166,"column":17}},{"start":{},"end":{}}],"line":160},"17":{"loc":{"start":{"line":160,"column":20},"end":{"line":160,"column":57}},"type":"binary-expr","locations":[{"start":{"line":160,"column":20},"end":{"line":160,"column":29}},{"start":{"line":160,"column":33},"end":{"line":160,"column":57}}],"line":160},"18":{"loc":{"start":{"line":163,"column":18},"end":{"line":165,"column":19}},"type":"if","locations":[{"start":{"line":163,"column":18},"end":{"line":165,"column":19}},{"start":{},"end":{}}],"line":163},"19":{"loc":{"start":{"line":170,"column":16},"end":{"line":197,"column":17}},"type":"if","locations":[{"start":{"line":170,"column":16},"end":{"line":197,"column":17}},{"start":{},"end":{}}],"line":170},"20":{"loc":{"start":{"line":179,"column":46},"end":{"line":179,"column":77}},"type":"binary-expr","locations":[{"start":{"line":179,"column":46},"end":{"line":179,"column":72}},{"start":{"line":179,"column":76},"end":{"line":179,"column":77}}],"line":179},"21":{"loc":{"start":{"line":182,"column":20},"end":{"line":182,"column":53}},"type":"binary-expr","locations":[{"start":{"line":182,"column":20},"end":{"line":182,"column":48}},{"start":{"line":182,"column":52},"end":{"line":182,"column":53}}],"line":182},"22":{"loc":{"start":{"line":186,"column":20},"end":{"line":186,"column":52}},"type":"binary-expr","locations":[{"start":{"line":186,"column":20},"end":{"line":186,"column":47}},{"start":{"line":186,"column":51},"end":{"line":186,"column":52}}],"line":186},"23":{"loc":{"start":{"line":188,"column":18},"end":{"line":193,"column":19}},"type":"if","locations":[{"start":{"line":188,"column":18},"end":{"line":193,"column":19}},{"start":{},"end":{}}],"line":188},"24":{"loc":{"start":{"line":188,"column":22},"end":{"line":188,"column":77}},"type":"binary-expr","locations":[{"start":{"line":188,"column":22},"end":{"line":188,"column":42}},{"start":{"line":188,"column":46},"end":{"line":188,"column":77}}],"line":188},"25":{"loc":{"start":{"line":194,"column":18},"end":{"line":196,"column":19}},"type":"if","locations":[{"start":{"line":194,"column":18},"end":{"line":196,"column":19}},{"start":{},"end":{}}],"line":194},"26":{"loc":{"start":{"line":202,"column":16},"end":{"line":204,"column":17}},"type":"if","locations":[{"start":{"line":202,"column":16},"end":{"line":204,"column":17}},{"start":{},"end":{}}],"line":202},"27":{"loc":{"start":{"line":211,"column":16},"end":{"line":213,"column":17}},"type":"if","locations":[{"start":{"line":211,"column":16},"end":{"line":213,"column":17}},{"start":{},"end":{}}],"line":211},"28":{"loc":{"start":{"line":222,"column":10},"end":{"line":254,"column":11}},"type":"if","locations":[{"start":{"line":222,"column":10},"end":{"line":254,"column":11}},{"start":{"line":228,"column":17},"end":{"line":254,"column":11}}],"line":222},"29":{"loc":{"start":{"line":225,"column":12},"end":{"line":227,"column":13}},"type":"if","locations":[{"start":{"line":225,"column":12},"end":{"line":227,"column":13}},{"start":{},"end":{}}],"line":225},"30":{"loc":{"start":{"line":228,"column":17},"end":{"line":254,"column":11}},"type":"if","locations":[{"start":{"line":228,"column":17},"end":{"line":254,"column":11}},{"start":{"line":242,"column":17},"end":{"line":254,"column":11}}],"line":228},"31":{"loc":{"start":{"line":228,"column":21},"end":{"line":228,"column":74}},"type":"binary-expr","locations":[{"start":{"line":228,"column":21},"end":{"line":228,"column":45}},{"start":{"line":228,"column":49},"end":{"line":228,"column":74}}],"line":228},"32":{"loc":{"start":{"line":238,"column":12},"end":{"line":240,"column":13}},"type":"if","locations":[{"start":{"line":238,"column":12},"end":{"line":240,"column":13}},{"start":{},"end":{}}],"line":238},"33":{"loc":{"start":{"line":242,"column":17},"end":{"line":254,"column":11}},"type":"if","locations":[{"start":{"line":242,"column":17},"end":{"line":254,"column":11}},{"start":{"line":249,"column":17},"end":{"line":254,"column":11}}],"line":242},"34":{"loc":{"start":{"line":246,"column":12},"end":{"line":248,"column":13}},"type":"if","locations":[{"start":{"line":246,"column":12},"end":{"line":248,"column":13}},{"start":{},"end":{}}],"line":246},"35":{"loc":{"start":{"line":257,"column":10},"end":{"line":261,"column":11}},"type":"if","locations":[{"start":{"line":257,"column":10},"end":{"line":261,"column":11}},{"start":{},"end":{}}],"line":257},"36":{"loc":{"start":{"line":267,"column":8},"end":{"line":269,"column":9}},"type":"if","locations":[{"start":{"line":267,"column":8},"end":{"line":269,"column":9}},{"start":{},"end":{}}],"line":267},"37":{"loc":{"start":{"line":272,"column":8},"end":{"line":274,"column":9}},"type":"if","locations":[{"start":{"line":272,"column":8},"end":{"line":274,"column":9}},{"start":{},"end":{}}],"line":272},"38":{"loc":{"start":{"line":282,"column":8},"end":{"line":308,"column":9}},"type":"switch","locations":[{"start":{"line":283,"column":10},"end":{"line":286,"column":19}},{"start":{"line":287,"column":10},"end":{"line":299,"column":18}},{"start":{"line":300,"column":10},"end":{"line":302,"column":18}},{"start":{"line":303,"column":10},"end":{"line":305,"column":18}},{"start":{"line":306,"column":10},"end":{"line":307,"column":64}}],"line":282},"39":{"loc":{"start":{"line":289,"column":12},"end":{"line":293,"column":13}},"type":"if","locations":[{"start":{"line":289,"column":12},"end":{"line":293,"column":13}},{"start":{},"end":{}}],"line":289},"40":{"loc":{"start":{"line":289,"column":16},"end":{"line":289,"column":63}},"type":"binary-expr","locations":[{"start":{"line":289,"column":16},"end":{"line":289,"column":34}},{"start":{"line":289,"column":38},"end":{"line":289,"column":63}}],"line":289},"41":{"loc":{"start":{"line":314,"column":8},"end":{"line":316,"column":9}},"type":"if","locations":[{"start":{"line":314,"column":8},"end":{"line":316,"column":9}},{"start":{},"end":{}}],"line":314},"42":{"loc":{"start":{"line":319,"column":8},"end":{"line":321,"column":9}},"type":"if","locations":[{"start":{"line":319,"column":8},"end":{"line":321,"column":9}},{"start":{},"end":{}}],"line":319},"43":{"loc":{"start":{"line":319,"column":12},"end":{"line":319,"column":48}},"type":"binary-expr","locations":[{"start":{"line":319,"column":12},"end":{"line":319,"column":32}},{"start":{"line":319,"column":36},"end":{"line":319,"column":48}}],"line":319},"44":{"loc":{"start":{"line":344,"column":4},"end":{"line":380,"column":5}},"type":"if","locations":[{"start":{"line":344,"column":4},"end":{"line":380,"column":5}},{"start":{"line":349,"column":11},"end":{"line":380,"column":5}}],"line":344},"45":{"loc":{"start":{"line":344,"column":8},"end":{"line":344,"column":67}},"type":"binary-expr","locations":[{"start":{"line":344,"column":8},"end":{"line":344,"column":25}},{"start":{"line":344,"column":29},"end":{"line":344,"column":67}}],"line":344},"46":{"loc":{"start":{"line":346,"column":6},"end":{"line":348,"column":7}},"type":"if","locations":[{"start":{"line":346,"column":6},"end":{"line":348,"column":7}},{"start":{},"end":{}}],"line":346},"47":{"loc":{"start":{"line":366,"column":10},"end":{"line":374,"column":11}},"type":"if","locations":[{"start":{"line":366,"column":10},"end":{"line":374,"column":11}},{"start":{},"end":{}}],"line":366},"48":{"loc":{"start":{"line":371,"column":12},"end":{"line":373,"column":13}},"type":"if","locations":[{"start":{"line":371,"column":12},"end":{"line":373,"column":13}},{"start":{},"end":{}}],"line":371},"49":{"loc":{"start":{"line":387,"column":4},"end":{"line":394,"column":5}},"type":"if","locations":[{"start":{"line":387,"column":4},"end":{"line":394,"column":5}},{"start":{"line":390,"column":11},"end":{"line":394,"column":5}}],"line":387},"50":{"loc":{"start":{"line":387,"column":8},"end":{"line":387,"column":35}},"type":"binary-expr","locations":[{"start":{"line":387,"column":8},"end":{"line":387,"column":15}},{"start":{"line":387,"column":19},"end":{"line":387,"column":35}}],"line":387},"51":{"loc":{"start":{"line":401,"column":4},"end":{"line":403,"column":5}},"type":"if","locations":[{"start":{"line":401,"column":4},"end":{"line":403,"column":5}},{"start":{},"end":{}}],"line":401}},"s":{"0":5,"1":5,"2":5,"3":5,"4":5,"5":5,"6":5,"7":1,"8":1,"9":1,"10":2,"11":2,"12":0,"13":4,"14":4,"15":4,"16":4,"17":3,"18":3,"19":3,"20":4,"21":2,"22":2,"23":2,"24":2,"25":1,"26":1,"27":1,"28":1,"29":0,"30":1,"31":0,"32":0,"33":0,"34":0,"35":0,"36":0,"37":0,"38":1,"39":2,"40":1,"41":1,"42":1,"43":1,"44":1,"45":1,"46":0,"47":1,"48":1,"49":0,"50":0,"51":0,"52":0,"53":0,"54":1,"55":0,"56":0,"57":0,"58":0,"59":0,"60":1,"61":1,"62":1,"63":0,"64":0,"65":0,"66":0,"67":0,"68":0,"69":0,"70":0,"71":0,"72":0,"73":0,"74":0,"75":0,"76":0,"77":0,"78":0,"79":0,"80":0,"81":0,"82":0,"83":0,"84":0,"85":0,"86":0,"87":0,"88":0,"89":0,"90":0,"91":0,"92":0,"93":0,"94":0,"95":1,"96":0,"97":0,"98":0,"99":0,"100":1,"101":0,"102":0,"103":0,"104":0,"105":0,"106":1,"107":1,"108":1,"109":1,"110":1,"111":0,"112":0,"113":0,"114":0,"115":4,"116":1,"117":1,"118":1,"119":1,"120":1,"121":1,"122":4,"123":0,"124":0,"125":0,"126":0,"127":0,"128":0,"129":0,"130":0,"131":0,"132":0,"133":0,"134":0,"135":0,"136":0,"137":0,"138":0,"139":0,"140":0,"141":0,"142":0,"143":0,"144":0,"145":0,"146":0,"147":0,"148":0,"149":0,"150":0,"151":0,"152":0,"153":0,"154":0,"155":0,"156":0,"157":0,"158":0,"159":0,"160":0,"161":0,"162":0,"163":0,"164":0,"165":0,"166":0,"167":0,"168":0,"169":1,"170":1,"171":1,"172":0,"173":0,"174":0,"175":0,"176":0,"177":0,"178":0,"179":0,"180":0,"181":0,"182":0,"183":0,"184":0,"185":0,"186":0},"f":{"0":5,"1":1,"2":2,"3":4,"4":4,"5":3,"6":2,"7":1,"8":0,"9":0,"10":0,"11":0,"12":0,"13":1,"14":0,"15":0,"16":0,"17":0,"18":0,"19":0},"b":{"0":[0,2],"1":[0,1],"2":[0,1],"3":[0,0],"4":[0,0],"5":[0,0],"6":[0,0],"7":[0,0],"8":[1,1],"9":[1,0],"10":[0,1],"11":[0,0],"12":[0,1],"13":[0,0],"14":[0,1],"15":[0,0,0,0,0,0],"16":[0,0],"17":[0,0],"18":[0,0],"19":[0,0],"20":[0,0],"21":[0,0],"22":[0,0],"23":[0,0],"24":[0,0],"25":[0,0],"26":[0,0],"27":[0,0],"28":[0,1],"29":[0,0],"30":[0,1],"31":[1,0],"32":[0,0],"33":[1,0],"34":[1,0],"35":[0,0],"36":[1,0],"37":[1,0],"38":[0,0,0,0,0],"39":[0,0],"40":[0,0],"41":[0,0],"42":[0,0],"43":[0,0],"44":[0,0],"45":[0,0],"46":[0,0],"47":[0,0],"48":[0,0],"49":[1,0],"50":[1,1],"51":[0,0]},"_coverageSchema":"1a1c01bbd47fc00a2c39e90264f33305004495a9","hash":"5214502e7416dcdfaee5582c525d3c090789b730"}
,"/Users/PlayerOne/T5V2/t5-crs/Frontend/Mobile/Dedale/src/constants/colors.ts": {"path":"/Users/PlayerOne/T5V2/t5-crs/Frontend/Mobile/Dedale/src/constants/colors.ts","statementMap":{"0":{"start":{"line":2,"column":22},"end":{"line":28,"column":1}}},"fnMap":{},"branchMap":{},"s":{"0":4},"f":{},"b":{},"_coverageSchema":"1a1c01bbd47fc00a2c39e90264f33305004495a9","hash":"3efe18d791b2cd72abc5db69673880bcd09ed08d"}
,"/Users/PlayerOne/T5V2/t5-crs/Frontend/Mobile/Dedale/src/context/EventContext.tsx": {"path":"/Users/PlayerOne/T5V2/t5-crs/Frontend/Mobile/Dedale/src/context/EventContext.tsx","statementMap":{"0":{"start":{"line":29,"column":21},"end":{"line":29,"column":75}},"1":{"start":{"line":35,"column":14},"end":{"line":35,"column":24}},"2":{"start":{"line":36,"column":16},"end":{"line":36,"column":74}},"3":{"start":{"line":38,"column":20},"end":{"line":38,"column":70}},"4":{"start":{"line":39,"column":18},"end":{"line":39,"column":64}},"5":{"start":{"line":42,"column":20},"end":{"line":46,"column":3}},"6":{"start":{"line":47,"column":18},"end":{"line":51,"column":3}},"7":{"start":{"line":53,"column":2},"end":{"line":59,"column":3}},"8":{"start":{"line":54,"column":4},"end":{"line":54,"column":19}},"9":{"start":{"line":55,"column":9},"end":{"line":59,"column":3}},"10":{"start":{"line":56,"column":4},"end":{"line":56,"column":22}},"11":{"start":{"line":58,"column":4},"end":{"line":58,"column":19}},"12":{"start":{"line":68,"column":51},"end":{"line":72,"column":3}},"13":{"start":{"line":74,"column":2},"end":{"line":91,"column":5}},"14":{"start":{"line":77,"column":6},"end":{"line":77,"column":71}},"15":{"start":{"line":78,"column":4},"end":{"line":78,"column":44}},"16":{"start":{"line":78,"column":26},"end":{"line":78,"column":44}},"17":{"start":{"line":81,"column":18},"end":{"line":81,"column":49}},"18":{"start":{"line":82,"column":18},"end":{"line":82,"column":49}},"19":{"start":{"line":84,"column":4},"end":{"line":90,"column":5}},"20":{"start":{"line":86,"column":6},"end":{"line":86,"column":27}},"21":{"start":{"line":89,"column":6},"end":{"line":89,"column":27}},"22":{"start":{"line":95,"column":48},"end":{"line":95,"column":77}},"23":{"start":{"line":96,"column":30},"end":{"line":96,"column":61}},"24":{"start":{"line":97,"column":32},"end":{"line":97,"column":46}},"25":{"start":{"line":99,"column":24},"end":{"line":119,"column":8}},"26":{"start":{"line":100,"column":4},"end":{"line":118,"column":5}},"27":{"start":{"line":101,"column":6},"end":{"line":101,"column":23}},"28":{"start":{"line":102,"column":17},"end":{"line":102,"column":30}},"29":{"start":{"line":103,"column":25},"end":{"line":103,"column":72}},"30":{"start":{"line":106,"column":50},"end":{"line":109,"column":9}},"31":{"start":{"line":106,"column":77},"end":{"line":109,"column":7}},"32":{"start":{"line":112,"column":27},"end":{"line":112,"column":55}},"33":{"start":{"line":113,"column":6},"end":{"line":113,"column":30}},"34":{"start":{"line":115,"column":6},"end":{"line":115,"column":60}},"35":{"start":{"line":117,"column":6},"end":{"line":117,"column":24}},"36":{"start":{"line":121,"column":27},"end":{"line":124,"column":31}},"37":{"start":{"line":122,"column":4},"end":{"line":122,"column":38}},"38":{"start":{"line":122,"column":26},"end":{"line":122,"column":38}},"39":{"start":{"line":123,"column":4},"end":{"line":123,"column":64}},"40":{"start":{"line":123,"column":30},"end":{"line":123,"column":54}},"41":{"start":{"line":127,"column":2},"end":{"line":129,"column":22}},"42":{"start":{"line":128,"column":4},"end":{"line":128,"column":20}},"43":{"start":{"line":131,"column":2},"end":{"line":144,"column":4}},"44":{"start":{"line":148,"column":18},"end":{"line":148,"column":42}},"45":{"start":{"line":149,"column":2},"end":{"line":151,"column":3}},"46":{"start":{"line":150,"column":4},"end":{"line":150,"column":69}},"47":{"start":{"line":152,"column":2},"end":{"line":152,"column":17}}},"fnMap":{"0":{"name":"calculateEventStatus","decl":{"start":{"line":34,"column":9},"end":{"line":34,"column":29}},"loc":{"start":{"line":34,"column":61},"end":{"line":60,"column":1}},"line":34},"1":{"name":"sortEvents","decl":{"start":{"line":67,"column":9},"end":{"line":67,"column":19}},"loc":{"start":{"line":67,"column":66},"end":{"line":92,"column":1}},"line":67},"2":{"name":"(anonymous_2)","decl":{"start":{"line":74,"column":26},"end":{"line":74,"column":27}},"loc":{"start":{"line":74,"column":36},"end":{"line":91,"column":3}},"line":74},"3":{"name":"EventProvider","decl":{"start":{"line":94,"column":16},"end":{"line":94,"column":29}},"loc":{"start":{"line":94,"column":69},"end":{"line":145,"column":1}},"line":94},"4":{"name":"(anonymous_4)","decl":{"start":{"line":99,"column":36},"end":{"line":99,"column":37}},"loc":{"start":{"line":99,"column":42},"end":{"line":119,"column":3}},"line":99},"5":{"name":"(anonymous_5)","decl":{"start":{"line":106,"column":65},"end":{"line":106,"column":66}},"loc":{"start":{"line":106,"column":77},"end":{"line":109,"column":7}},"line":106},"6":{"name":"(anonymous_6)","decl":{"start":{"line":121,"column":39},"end":{"line":121,"column":40}},"loc":{"start":{"line":121,"column":69},"end":{"line":124,"column":3}},"line":121},"7":{"name":"(anonymous_7)","decl":{"start":{"line":123,"column":23},"end":{"line":123,"column":24}},"loc":{"start":{"line":123,"column":30},"end":{"line":123,"column":54}},"line":123},"8":{"name":"(anonymous_8)","decl":{"start":{"line":127,"column":12},"end":{"line":127,"column":13}},"loc":{"start":{"line":127,"column":18},"end":{"line":129,"column":3}},"line":127},"9":{"name":"useEvent","decl":{"start":{"line":147,"column":16},"end":{"line":147,"column":24}},"loc":{"start":{"line":147,"column":27},"end":{"line":153,"column":1}},"line":147}},"branchMap":{"0":{"loc":{"start":{"line":38,"column":29},"end":{"line":38,"column":69}},"type":"binary-expr","locations":[{"start":{"line":38,"column":29},"end":{"line":38,"column":44}},{"start":{"line":38,"column":48},"end":{"line":38,"column":63}},{"start":{"line":38,"column":67},"end":{"line":38,"column":69}}],"line":38},"1":{"loc":{"start":{"line":39,"column":27},"end":{"line":39,"column":63}},"type":"binary-expr","locations":[{"start":{"line":39,"column":27},"end":{"line":39,"column":40}},{"start":{"line":39,"column":44},"end":{"line":39,"column":57}},{"start":{"line":39,"column":61},"end":{"line":39,"column":63}}],"line":39},"2":{"loc":{"start":{"line":53,"column":2},"end":{"line":59,"column":3}},"type":"if","locations":[{"start":{"line":53,"column":2},"end":{"line":59,"column":3}},{"start":{"line":55,"column":9},"end":{"line":59,"column":3}}],"line":53},"3":{"loc":{"start":{"line":53,"column":6},"end":{"line":53,"column":44}},"type":"binary-expr","locations":[{"start":{"line":53,"column":6},"end":{"line":53,"column":24}},{"start":{"line":53,"column":28},"end":{"line":53,"column":44}}],"line":53},"4":{"loc":{"start":{"line":55,"column":9},"end":{"line":59,"column":3}},"type":"if","locations":[{"start":{"line":55,"column":9},"end":{"line":59,"column":3}},{"start":{"line":57,"column":9},"end":{"line":59,"column":3}}],"line":55},"5":{"loc":{"start":{"line":78,"column":4},"end":{"line":78,"column":44}},"type":"if","locations":[{"start":{"line":78,"column":4},"end":{"line":78,"column":44}},{"start":{},"end":{}}],"line":78},"6":{"loc":{"start":{"line":84,"column":4},"end":{"line":90,"column":5}},"type":"if","locations":[{"start":{"line":84,"column":4},"end":{"line":90,"column":5}},{"start":{"line":87,"column":11},"end":{"line":90,"column":5}}],"line":84},"7":{"loc":{"start":{"line":122,"column":4},"end":{"line":122,"column":38}},"type":"if","locations":[{"start":{"line":122,"column":4},"end":{"line":122,"column":38}},{"start":{},"end":{}}],"line":122},"8":{"loc":{"start":{"line":123,"column":11},"end":{"line":123,"column":63}},"type":"binary-expr","locations":[{"start":{"line":123,"column":11},"end":{"line":123,"column":55}},{"start":{"line":123,"column":59},"end":{"line":123,"column":63}}],"line":123},"9":{"loc":{"start":{"line":149,"column":2},"end":{"line":151,"column":3}},"type":"if","locations":[{"start":{"line":149,"column":2},"end":{"line":151,"column":3}},{"start":{},"end":{}}],"line":149}},"s":{"0":1,"1":6,"2":6,"3":6,"4":6,"5":6,"6":6,"7":6,"8":2,"9":4,"10":3,"11":1,"12":4,"13":4,"14":5,"15":5,"16":4,"17":1,"18":1,"19":1,"20":0,"21":1,"22":12,"23":12,"24":12,"25":12,"26":5,"27":5,"28":5,"29":5,"30":4,"31":6,"32":4,"33":4,"34":1,"35":5,"36":12,"37":2,"38":0,"39":2,"40":1,"41":12,"42":5,"43":12,"44":14,"45":14,"46":2,"47":12},"f":{"0":6,"1":4,"2":5,"3":12,"4":5,"5":6,"6":2,"7":1,"8":5,"9":14},"b":{"0":[6,0,0],"1":[6,0,0],"2":[2,4],"3":[6,3],"4":[3,1],"5":[4,1],"6":[0,1],"7":[0,2],"8":[2,1],"9":[2,12]},"_coverageSchema":"1a1c01bbd47fc00a2c39e90264f33305004495a9","hash":"218cba8dcd0d4a99170bca843191f78e7cef3beb"}
,"/Users/PlayerOne/T5V2/t5-crs/Frontend/Mobile/Dedale/src/context/GeometriesContext.tsx": {"path":"/Users/PlayerOne/T5V2/t5-crs/Frontend/Mobile/Dedale/src/context/GeometriesContext.tsx","statementMap":{"0":{"start":{"line":20,"column":26},"end":{"line":22,"column":1}},"1":{"start":{"line":25,"column":52},"end":{"line":27,"column":8}},"2":{"start":{"line":28,"column":32},"end":{"line":28,"column":46}},"3":{"start":{"line":30,"column":28},"end":{"line":78,"column":8}},"4":{"start":{"line":31,"column":4},"end":{"line":77,"column":5}},"5":{"start":{"line":32,"column":6},"end":{"line":32,"column":23}},"6":{"start":{"line":33,"column":17},"end":{"line":33,"column":30}},"7":{"start":{"line":36,"column":26},"end":{"line":38,"column":7}},"8":{"start":{"line":41,"column":23},"end":{"line":43,"column":7}},"9":{"start":{"line":45,"column":68},"end":{"line":45,"column":70}},"10":{"start":{"line":48,"column":6},"end":{"line":59,"column":7}},"11":{"start":{"line":49,"column":8},"end":{"line":58,"column":9}},"12":{"start":{"line":50,"column":26},"end":{"line":50,"column":51}},"13":{"start":{"line":51,"column":10},"end":{"line":53,"column":11}},"14":{"start":{"line":52,"column":12},"end":{"line":52,"column":44}},"15":{"start":{"line":54,"column":10},"end":{"line":57,"column":13}},"16":{"start":{"line":62,"column":6},"end":{"line":70,"column":7}},"17":{"start":{"line":63,"column":8},"end":{"line":69,"column":9}},"18":{"start":{"line":64,"column":26},"end":{"line":64,"column":47}},"19":{"start":{"line":65,"column":10},"end":{"line":67,"column":11}},"20":{"start":{"line":66,"column":12},"end":{"line":66,"column":44}},"21":{"start":{"line":68,"column":10},"end":{"line":68,"column":69}},"22":{"start":{"line":72,"column":6},"end":{"line":72,"column":46}},"23":{"start":{"line":74,"column":6},"end":{"line":74,"column":61}},"24":{"start":{"line":76,"column":6},"end":{"line":76,"column":24}},"25":{"start":{"line":80,"column":2},"end":{"line":82,"column":26}},"26":{"start":{"line":81,"column":4},"end":{"line":81,"column":24}},"27":{"start":{"line":84,"column":2},"end":{"line":94,"column":4}},"28":{"start":{"line":98,"column":18},"end":{"line":98,"column":47}},"29":{"start":{"line":99,"column":2},"end":{"line":101,"column":3}},"30":{"start":{"line":100,"column":4},"end":{"line":100,"column":78}},"31":{"start":{"line":102,"column":2},"end":{"line":102,"column":17}}},"fnMap":{"0":{"name":"GeometriesProvider","decl":{"start":{"line":24,"column":16},"end":{"line":24,"column":34}},"loc":{"start":{"line":24,"column":74},"end":{"line":95,"column":1}},"line":24},"1":{"name":"(anonymous_1)","decl":{"start":{"line":30,"column":40},"end":{"line":30,"column":41}},"loc":{"start":{"line":30,"column":52},"end":{"line":78,"column":3}},"line":30},"2":{"name":"(anonymous_2)","decl":{"start":{"line":80,"column":12},"end":{"line":80,"column":13}},"loc":{"start":{"line":80,"column":18},"end":{"line":82,"column":3}},"line":80},"3":{"name":"useGeometries","decl":{"start":{"line":97,"column":16},"end":{"line":97,"column":29}},"loc":{"start":{"line":97,"column":32},"end":{"line":103,"column":1}},"line":97}},"branchMap":{"0":{"loc":{"start":{"line":49,"column":8},"end":{"line":58,"column":9}},"type":"if","locations":[{"start":{"line":49,"column":8},"end":{"line":58,"column":9}},{"start":{},"end":{}}],"line":49},"1":{"loc":{"start":{"line":51,"column":10},"end":{"line":53,"column":11}},"type":"if","locations":[{"start":{"line":51,"column":10},"end":{"line":53,"column":11}},{"start":{},"end":{}}],"line":51},"2":{"loc":{"start":{"line":63,"column":8},"end":{"line":69,"column":9}},"type":"if","locations":[{"start":{"line":63,"column":8},"end":{"line":69,"column":9}},{"start":{},"end":{}}],"line":63},"3":{"loc":{"start":{"line":65,"column":10},"end":{"line":67,"column":11}},"type":"if","locations":[{"start":{"line":65,"column":10},"end":{"line":67,"column":11}},{"start":{},"end":{}}],"line":65},"4":{"loc":{"start":{"line":99,"column":2},"end":{"line":101,"column":3}},"type":"if","locations":[{"start":{"line":99,"column":2},"end":{"line":101,"column":3}},{"start":{},"end":{}}],"line":99}},"s":{"0":1,"1":5,"2":5,"3":5,"4":3,"5":3,"6":3,"7":3,"8":3,"9":3,"10":3,"11":4,"12":4,"13":4,"14":3,"15":4,"16":3,"17":0,"18":0,"19":0,"20":0,"21":0,"22":3,"23":0,"24":3,"25":5,"26":2,"27":5,"28":5,"29":5,"30":0,"31":5},"f":{"0":5,"1":3,"2":2,"3":5},"b":{"0":[4,0],"1":[3,1],"2":[0,0],"3":[0,0],"4":[0,5]},"_coverageSchema":"1a1c01bbd47fc00a2c39e90264f33305004495a9","hash":"d7ddf593822a740b4bac46bd8a69b4644ac4663b"}
,"/Users/PlayerOne/T5V2/t5-crs/Frontend/Mobile/Dedale/src/context/PointsContext.tsx": {"path":"/Users/PlayerOne/T5V2/t5-crs/Frontend/Mobile/Dedale/src/context/PointsContext.tsx","statementMap":{"0":{"start":{"line":18,"column":22},"end":{"line":18,"column":77}},"1":{"start":{"line":21,"column":44},"end":{"line":23,"column":8}},"2":{"start":{"line":24,"column":32},"end":{"line":24,"column":46}},"3":{"start":{"line":26,"column":24},"end":{"line":55,"column":8}},"4":{"start":{"line":27,"column":4},"end":{"line":54,"column":5}},"5":{"start":{"line":28,"column":6},"end":{"line":28,"column":23}},"6":{"start":{"line":29,"column":17},"end":{"line":29,"column":30}},"7":{"start":{"line":31,"column":24},"end":{"line":33,"column":7}},"8":{"start":{"line":34,"column":69},"end":{"line":34,"column":71}},"9":{"start":{"line":35,"column":6},"end":{"line":43,"column":7}},"10":{"start":{"line":36,"column":8},"end":{"line":42,"column":9}},"11":{"start":{"line":38,"column":10},"end":{"line":40,"column":11}},"12":{"start":{"line":39,"column":12},"end":{"line":39,"column":47}},"13":{"start":{"line":41,"column":10},"end":{"line":41,"column":52}},"14":{"start":{"line":45,"column":6},"end":{"line":47,"column":7}},"15":{"start":{"line":46,"column":8},"end":{"line":46,"column":72}},"16":{"start":{"line":46,"column":46},"end":{"line":46,"column":70}},"17":{"start":{"line":49,"column":6},"end":{"line":49,"column":38}},"18":{"start":{"line":51,"column":6},"end":{"line":51,"column":57}},"19":{"start":{"line":53,"column":6},"end":{"line":53,"column":24}},"20":{"start":{"line":57,"column":2},"end":{"line":59,"column":22}},"21":{"start":{"line":58,"column":4},"end":{"line":58,"column":20}},"22":{"start":{"line":61,"column":2},"end":{"line":67,"column":4}},"23":{"start":{"line":71,"column":18},"end":{"line":71,"column":43}},"24":{"start":{"line":72,"column":2},"end":{"line":74,"column":3}},"25":{"start":{"line":73,"column":4},"end":{"line":73,"column":70}},"26":{"start":{"line":75,"column":2},"end":{"line":75,"column":17}}},"fnMap":{"0":{"name":"PointsProvider","decl":{"start":{"line":20,"column":16},"end":{"line":20,"column":30}},"loc":{"start":{"line":20,"column":70},"end":{"line":68,"column":1}},"line":20},"1":{"name":"(anonymous_1)","decl":{"start":{"line":26,"column":36},"end":{"line":26,"column":37}},"loc":{"start":{"line":26,"column":48},"end":{"line":55,"column":3}},"line":26},"2":{"name":"(anonymous_2)","decl":{"start":{"line":46,"column":36},"end":{"line":46,"column":37}},"loc":{"start":{"line":46,"column":46},"end":{"line":46,"column":70}},"line":46},"3":{"name":"(anonymous_3)","decl":{"start":{"line":57,"column":12},"end":{"line":57,"column":13}},"loc":{"start":{"line":57,"column":18},"end":{"line":59,"column":3}},"line":57},"4":{"name":"usePoints","decl":{"start":{"line":70,"column":16},"end":{"line":70,"column":25}},"loc":{"start":{"line":70,"column":28},"end":{"line":76,"column":1}},"line":70}},"branchMap":{"0":{"loc":{"start":{"line":36,"column":8},"end":{"line":42,"column":9}},"type":"if","locations":[{"start":{"line":36,"column":8},"end":{"line":42,"column":9}},{"start":{},"end":{}}],"line":36},"1":{"loc":{"start":{"line":38,"column":10},"end":{"line":40,"column":11}},"type":"if","locations":[{"start":{"line":38,"column":10},"end":{"line":40,"column":11}},{"start":{},"end":{}}],"line":38},"2":{"loc":{"start":{"line":72,"column":2},"end":{"line":74,"column":3}},"type":"if","locations":[{"start":{"line":72,"column":2},"end":{"line":74,"column":3}},{"start":{},"end":{}}],"line":72}},"s":{"0":1,"1":5,"2":5,"3":5,"4":3,"5":3,"6":3,"7":3,"8":3,"9":3,"10":4,"11":4,"12":3,"13":4,"14":3,"15":3,"16":1,"17":3,"18":0,"19":3,"20":5,"21":2,"22":5,"23":5,"24":5,"25":0,"26":5},"f":{"0":5,"1":3,"2":1,"3":2,"4":5},"b":{"0":[4,0],"1":[3,1],"2":[0,5]},"_coverageSchema":"1a1c01bbd47fc00a2c39e90264f33305004495a9","hash":"928382c5853b87bc573f7a82eb6dc1768fb0dbec"}
,"/Users/PlayerOne/T5V2/t5-crs/Frontend/Mobile/Dedale/src/context/WebSocketContext.tsx": {"path":"/Users/PlayerOne/T5V2/t5-crs/Frontend/Mobile/Dedale/src/context/WebSocketContext.tsx","statementMap":{"0":{"start":{"line":18,"column":25},"end":{"line":20,"column":1}},"1":{"start":{"line":23,"column":34},"end":{"line":23,"column":72}},"2":{"start":{"line":24,"column":40},"end":{"line":24,"column":55}},"3":{"start":{"line":26,"column":20},"end":{"line":49,"column":3}},"4":{"start":{"line":31,"column":4},"end":{"line":34,"column":5}},"5":{"start":{"line":32,"column":6},"end":{"line":32,"column":51}},"6":{"start":{"line":33,"column":6},"end":{"line":33,"column":19}},"7":{"start":{"line":35,"column":4},"end":{"line":38,"column":5}},"8":{"start":{"line":36,"column":6},"end":{"line":36,"column":43}},"9":{"start":{"line":37,"column":6},"end":{"line":37,"column":19}},"10":{"start":{"line":39,"column":4},"end":{"line":48,"column":5}},"11":{"start":{"line":40,"column":6},"end":{"line":40,"column":41}},"12":{"start":{"line":41,"column":6},"end":{"line":41,"column":43}},"13":{"start":{"line":42,"column":6},"end":{"line":42,"column":18}},"14":{"start":{"line":44,"column":6},"end":{"line":46,"column":8}},"15":{"start":{"line":47,"column":6},"end":{"line":47,"column":19}},"16":{"start":{"line":51,"column":2},"end":{"line":57,"column":4}},"17":{"start":{"line":61,"column":18},"end":{"line":61,"column":46}},"18":{"start":{"line":62,"column":2},"end":{"line":64,"column":3}},"19":{"start":{"line":63,"column":4},"end":{"line":63,"column":76}},"20":{"start":{"line":65,"column":2},"end":{"line":65,"column":17}}},"fnMap":{"0":{"name":"WebSocketProvider","decl":{"start":{"line":22,"column":16},"end":{"line":22,"column":33}},"loc":{"start":{"line":22,"column":73},"end":{"line":58,"column":1}},"line":22},"1":{"name":"(anonymous_1)","decl":{"start":{"line":26,"column":20},"end":{"line":26,"column":21}},"loc":{"start":{"line":30,"column":16},"end":{"line":49,"column":3}},"line":30},"2":{"name":"useWebSocket","decl":{"start":{"line":60,"column":16},"end":{"line":60,"column":28}},"loc":{"start":{"line":60,"column":31},"end":{"line":66,"column":1}},"line":60}},"branchMap":{"0":{"loc":{"start":{"line":31,"column":4},"end":{"line":34,"column":5}},"type":"if","locations":[{"start":{"line":31,"column":4},"end":{"line":34,"column":5}},{"start":{},"end":{}}],"line":31},"1":{"loc":{"start":{"line":35,"column":4},"end":{"line":38,"column":5}},"type":"if","locations":[{"start":{"line":35,"column":4},"end":{"line":38,"column":5}},{"start":{},"end":{}}],"line":35},"2":{"loc":{"start":{"line":45,"column":8},"end":{"line":45,"column":73}},"type":"cond-expr","locations":[{"start":{"line":45,"column":33},"end":{"line":45,"column":46}},{"start":{"line":45,"column":49},"end":{"line":45,"column":73}}],"line":45},"3":{"loc":{"start":{"line":62,"column":2},"end":{"line":64,"column":3}},"type":"if","locations":[{"start":{"line":62,"column":2},"end":{"line":64,"column":3}},{"start":{},"end":{}}],"line":62}},"s":{"0":1,"1":10,"2":10,"3":10,"4":4,"5":1,"6":1,"7":3,"8":1,"9":1,"10":2,"11":2,"12":2,"13":1,"14":1,"15":1,"16":10,"17":12,"18":12,"19":2,"20":10},"f":{"0":10,"1":4,"2":12},"b":{"0":[1,3],"1":[1,2],"2":[1,0],"3":[2,10]},"_coverageSchema":"1a1c01bbd47fc00a2c39e90264f33305004495a9","hash":"87a6ca8612f09662270c86ed9d73b62153e8c00e"}
,"/Users/PlayerOne/T5V2/t5-crs/Frontend/Mobile/Dedale/src/screens/ConnectEvent.tsx": {"path":"/Users/PlayerOne/T5V2/t5-crs/Frontend/Mobile/Dedale/src/screens/ConnectEvent.tsx","statementMap":{"0":{"start":{"line":18,"column":49},"end":{"line":22,"column":3}},"1":{"start":{"line":24,"column":2},"end":{"line":38,"column":5}},"2":{"start":{"line":25,"column":20},"end":{"line":29,"column":19}},"3":{"start":{"line":30,"column":20},"end":{"line":34,"column":19}},"4":{"start":{"line":35,"column":22},"end":{"line":35,"column":52}},"5":{"start":{"line":36,"column":22},"end":{"line":36,"column":52}},"6":{"start":{"line":37,"column":4},"end":{"line":37,"column":33}},"7":{"start":{"line":42,"column":30},"end":{"line":42,"column":45}},"8":{"start":{"line":43,"column":21},"end":{"line":43,"column":41}},"9":{"start":{"line":44,"column":56},"end":{"line":44,"column":66}},"10":{"start":{"line":45,"column":17},"end":{"line":45,"column":36}},"11":{"start":{"line":47,"column":2},"end":{"line":49,"column":9}},"12":{"start":{"line":48,"column":4},"end":{"line":48,"column":20}},"13":{"start":{"line":51,"column":28},"end":{"line":107,"column":3}},"14":{"start":{"line":52,"column":15},"end":{"line":52,"column":28}},"15":{"start":{"line":54,"column":23},"end":{"line":57,"column":5}},"16":{"start":{"line":58,"column":26},"end":{"line":61,"column":5}},"17":{"start":{"line":62,"column":22},"end":{"line":65,"column":5}},"18":{"start":{"line":66,"column":22},"end":{"line":69,"column":5}},"19":{"start":{"line":70,"column":25},"end":{"line":75,"column":5}},"20":{"start":{"line":76,"column":28},"end":{"line":80,"column":5}},"21":{"start":{"line":82,"column":4},"end":{"line":82,"column":44}},"22":{"start":{"line":83,"column":4},"end":{"line":83,"column":33}},"23":{"start":{"line":84,"column":4},"end":{"line":84,"column":36}},"24":{"start":{"line":85,"column":4},"end":{"line":85,"column":51}},"25":{"start":{"line":86,"column":4},"end":{"line":86,"column":51}},"26":{"start":{"line":87,"column":4},"end":{"line":87,"column":47}},"27":{"start":{"line":88,"column":4},"end":{"line":88,"column":41}},"28":{"start":{"line":89,"column":29},"end":{"line":89,"column":72}},"29":{"start":{"line":90,"column":4},"end":{"line":92,"column":5}},"30":{"start":{"line":91,"column":6},"end":{"line":91,"column":55}},"31":{"start":{"line":93,"column":4},"end":{"line":93,"column":40}},"32":{"start":{"line":94,"column":4},"end":{"line":94,"column":61}},"33":{"start":{"line":95,"column":4},"end":{"line":95,"column":56}},"34":{"start":{"line":96,"column":4},"end":{"line":96,"column":49}},"35":{"start":{"line":97,"column":4},"end":{"line":97,"column":51}},"36":{"start":{"line":98,"column":4},"end":{"line":98,"column":53}},"37":{"start":{"line":99,"column":4},"end":{"line":99,"column":61}},"38":{"start":{"line":100,"column":4},"end":{"line":100,"column":61}},"39":{"start":{"line":101,"column":4},"end":{"line":101,"column":45}},"40":{"start":{"line":102,"column":4},"end":{"line":102,"column":48}},"41":{"start":{"line":103,"column":4},"end":{"line":103,"column":44}},"42":{"start":{"line":105,"column":4},"end":{"line":105,"column":33}},"43":{"start":{"line":106,"column":4},"end":{"line":106,"column":32}},"44":{"start":{"line":109,"column":2},"end":{"line":124,"column":3}},"45":{"start":{"line":110,"column":4},"end":{"line":123,"column":6}},"46":{"start":{"line":114,"column":27},"end":{"line":114,"column":43}},"47":{"start":{"line":126,"column":2},"end":{"line":168,"column":4}},"48":{"start":{"line":138,"column":32},"end":{"line":138,"column":50}},"49":{"start":{"line":140,"column":10},"end":{"line":140,"column":64}},"50":{"start":{"line":159,"column":25},"end":{"line":159,"column":40}}},"fnMap":{"0":{"name":"sortEventsByStatus","decl":{"start":{"line":15,"column":16},"end":{"line":15,"column":34}},"loc":{"start":{"line":17,"column":35},"end":{"line":39,"column":1}},"line":17},"1":{"name":"(anonymous_1)","decl":{"start":{"line":24,"column":26},"end":{"line":24,"column":27}},"loc":{"start":{"line":24,"column":36},"end":{"line":38,"column":3}},"line":24},"2":{"name":"ConnectEvent","decl":{"start":{"line":41,"column":24},"end":{"line":41,"column":36}},"loc":{"start":{"line":41,"column":39},"end":{"line":169,"column":1}},"line":41},"3":{"name":"(anonymous_3)","decl":{"start":{"line":47,"column":12},"end":{"line":47,"column":13}},"loc":{"start":{"line":47,"column":18},"end":{"line":49,"column":3}},"line":47},"4":{"name":"(anonymous_4)","decl":{"start":{"line":51,"column":28},"end":{"line":51,"column":29}},"loc":{"start":{"line":51,"column":68},"end":{"line":107,"column":3}},"line":51},"5":{"name":"(anonymous_5)","decl":{"start":{"line":114,"column":21},"end":{"line":114,"column":22}},"loc":{"start":{"line":114,"column":27},"end":{"line":114,"column":43}},"line":114},"6":{"name":"(anonymous_6)","decl":{"start":{"line":138,"column":22},"end":{"line":138,"column":23}},"loc":{"start":{"line":138,"column":32},"end":{"line":138,"column":50}},"line":138},"7":{"name":"(anonymous_7)","decl":{"start":{"line":139,"column":20},"end":{"line":139,"column":21}},"loc":{"start":{"line":140,"column":10},"end":{"line":140,"column":64}},"line":140},"8":{"name":"(anonymous_8)","decl":{"start":{"line":159,"column":19},"end":{"line":159,"column":20}},"loc":{"start":{"line":159,"column":25},"end":{"line":159,"column":40}},"line":159}},"branchMap":{"0":{"loc":{"start":{"line":26,"column":6},"end":{"line":28,"column":8}},"type":"binary-expr","locations":[{"start":{"line":26,"column":6},"end":{"line":26,"column":23}},{"start":{"line":27,"column":6},"end":{"line":27,"column":23}},{"start":{"line":28,"column":6},"end":{"line":28,"column":8}}],"line":26},"1":{"loc":{"start":{"line":31,"column":6},"end":{"line":33,"column":8}},"type":"binary-expr","locations":[{"start":{"line":31,"column":6},"end":{"line":31,"column":23}},{"start":{"line":32,"column":6},"end":{"line":32,"column":23}},{"start":{"line":33,"column":6},"end":{"line":33,"column":8}}],"line":31},"2":{"loc":{"start":{"line":35,"column":22},"end":{"line":35,"column":52}},"type":"binary-expr","locations":[{"start":{"line":35,"column":22},"end":{"line":35,"column":45}},{"start":{"line":35,"column":49},"end":{"line":35,"column":52}}],"line":35},"3":{"loc":{"start":{"line":36,"column":22},"end":{"line":36,"column":52}},"type":"binary-expr","locations":[{"start":{"line":36,"column":22},"end":{"line":36,"column":45}},{"start":{"line":36,"column":49},"end":{"line":36,"column":52}}],"line":36},"4":{
[...]
d":{"line":622,"column":73}},"type":"binary-expr","locations":[{"start":{"line":622,"column":16},"end":{"line":622,"column":44}},{"start":{"line":622,"column":48},"end":{"line":622,"column":73}}],"line":622},"62":{"loc":{"start":{"line":628,"column":9},"end":{"line":679,"column":9}},"type":"binary-expr","locations":[{"start":{"line":628,"column":9},"end":{"line":628,"column":22}},{"start":{"line":629,"column":10},"end":{"line":678,"column":17}}],"line":628},"63":{"loc":{"start":{"line":642,"column":17},"end":{"line":642,"column":62}},"type":"binary-expr","locations":[{"start":{"line":642,"column":17},"end":{"line":642,"column":46}},{"start":{"line":642,"column":50},"end":{"line":642,"column":62}}],"line":642},"64":{"loc":{"start":{"line":649,"column":17},"end":{"line":661,"column":17}},"type":"binary-expr","locations":[{"start":{"line":649,"column":17},"end":{"line":649,"column":45}},{"start":{"line":650,"column":18},"end":{"line":660,"column":21}}],"line":649},"65":{"loc":{"start":{"line":662,"column":17},"end":{"line":675,"column":17}},"type":"binary-expr","locations":[{"start":{"line":662,"column":17},"end":{"line":662,"column":35}},{"start":{"line":663,"column":18},"end":{"line":674,"column":21}}],"line":662},"66":{"loc":{"start":{"line":682,"column":9},"end":{"line":700,"column":9}},"type":"binary-expr","locations":[{"start":{"line":682,"column":9},"end":{"line":682,"column":31}},{"start":{"line":682,"column":35},"end":{"line":682,"column":57}},{"start":{"line":683,"column":10},"end":{"line":699,"column":22}}],"line":682},"67":{"loc":{"start":{"line":686,"column":14},"end":{"line":686,"column":55}},"type":"binary-expr","locations":[{"start":{"line":686,"column":14},"end":{"line":686,"column":21}},{"start":{"line":686,"column":25},"end":{"line":686,"column":55}}],"line":686}},"s":{"0":19,"1":19,"2":19,"3":19,"4":18,"5":18,"6":18,"7":18,"8":18,"9":18,"10":18,"11":18,"12":18,"13":18,"14":18,"15":12,"16":12,"17":12,"18":12,"19":12,"20":12,"21":12,"22":12,"23":18,"24":19,"25":10,"26":5,"27":0,"28":4,"29":0,"30":18,"31":5,"32":18,"33":15,"34":15,"35":4,"36":4,"37":4,"38":4,"39":18,"40":15,"41":15,"42":11,"43":4,"44":0,"45":4,"46":0,"47":4,"48":4,"49":1,"50":1,"51":0,"52":0,"53":1,"54":18,"55":5,"56":5,"57":0,"58":0,"59":18,"60":4,"61":4,"62":4,"63":4,"64":4,"65":4,"66":4,"67":8,"68":4,"69":4,"70":4,"71":4,"72":0,"73":0,"74":0,"75":0,"76":0,"77":0,"78":18,"79":5,"80":5,"81":5,"82":5,"83":0,"84":0,"85":0,"86":5,"87":5,"88":5,"89":5,"90":4,"91":5,"92":4,"93":7,"94":7,"95":7,"96":1,"97":1,"98":1,"99":1,"100":7,"101":0,"102":0,"103":7,"104":4,"105":4,"106":4,"107":4,"108":4,"109":4,"110":1,"111":5,"112":5,"113":5,"114":5,"115":5,"116":0,"117":0,"118":5,"119":18,"120":15,"121":18,"122":1,"123":1,"124":1,"125":1,"126":1,"127":1,"128":1,"129":1,"130":1,"131":2,"132":1,"133":1,"134":1,"135":1,"136":0,"137":0,"138":0,"139":0,"140":0,"141":0,"142":18,"143":18,"144":18,"145":18,"146":18,"147":0,"148":0,"149":0,"150":0,"151":0,"152":18,"153":10,"154":0,"155":0,"156":0,"157":0,"158":0,"159":0,"160":0,"161":0,"162":18,"163":7,"164":5,"165":0,"166":0,"167":2,"168":0,"169":18,"170":7,"171":2,"172":5,"173":5,"174":5,"175":0,"176":5,"177":0,"178":0,"179":18,"180":14,"181":6,"182":0,"183":6,"184":8,"185":8,"186":0,"187":8,"188":8,"189":2,"190":6,"191":18,"192":10,"193":6,"194":6,"195":6,"196":0,"197":0,"198":0,"199":4,"200":18,"201":10,"202":8,"203":1,"204":0,"205":7,"206":7,"207":7,"208":12,"209":0,"210":12,"211":12,"212":0,"213":12,"214":7,"215":0,"216":0,"217":1},"f":{"0":19,"1":12,"2":19,"3":5,"4":15,"5":15,"6":0,"7":0,"8":1,"9":5,"10":4,"11":8,"12":5,"13":7,"14":4,"15":0,"16":15,"17":1,"18":1,"19":2,"20":0,"21":0,"22":0,"23":0,"24":10,"25":0,"26":0,"27":0,"28":0,"29":0,"30":7,"31":7,"32":14,"33":10,"34":0,"35":12,"36":0,"37":12,"38":7,"39":0},"b":{"0":[10,5,0,4,0],"1":[0,0],"2":[4,11],"3":[15,5,4],"4":[4,0],"5":[4,0],"6":[11,4],"7":[15,5,4],"8":[0,4],"9":[0,4],"10":[1,3],"11":[1,0],"12":[0,5],"13":[5,0,0],"14":[4,0],"15":[4,4,4],"16":[0,5],"17":[5,1],"18":[4,1],"19":[5,5],"20":[4,1],"21":[5,5],"22":[1,6],"23":[7,6],"24":[1,0],"25":[1,1],"26":[0,7],"27":[7,7],"28":[7,7,1],"29":[4,0],"30":[5,0],"31":[15,0],"32":[1,0],"33":[2,1],"34":[1,0],"35":[0,1],"36":[1,1,1],"37":[0,0],"38":[0,0],"39":[0,0],"40":[5,0,0,2,0],"41":[2,5],"42":[0,5],"43":[6,8],"44":[0,6],"45":[0,8],"46":[8,8,8],"47":[2,6],"48":[6,4],"49":[6,0],"50":[0,0],"51":[10,8],"52":[1,7],"53":[7,0],"54":[7,7],"55":[0,12],"56":[12,12],"57":[7,5],"58":[12,2],"59":[7,3],"60":[12,0],"61":[12,7],"62":[7,7],"63":[7,2],"64":[7,7],"65":[7,3],"66":[7,7,7],"67":[7,0]},"_coverageSchema":"1a1c01bbd47fc00a2c39e90264f33305004495a9","hash":"db26771636f9c0d588f38e043c300bf03e5608cd"}
,"/Users/PlayerOne/T5V2/t5-crs/Frontend/Mobile/Dedale/src/services/Helper.ts": {"path":"/Users/PlayerOne/T5V2/t5-crs/Frontend/Mobile/Dedale/src/services/Helper.ts","statementMap":{"0":{"start":{"line":7,"column":28},"end":{"line":13,"column":1}},"1":{"start":{"line":8,"column":2},"end":{"line":12,"column":5}},"2":{"start":{"line":9,"column":14},"end":{"line":9,"column":36}},"3":{"start":{"line":10,"column":14},"end":{"line":10,"column":45}},"4":{"start":{"line":11,"column":4},"end":{"line":11,"column":26}},"5":{"start":{"line":18,"column":23},"end":{"line":21,"column":1}},"6":{"start":{"line":19,"column":2},"end":{"line":19,"column":21}},"7":{"start":{"line":19,"column":11},"end":{"line":19,"column":21}},"8":{"start":{"line":20,"column":2},"end":{"line":20,"column":28}},"9":{"start":{"line":23,"column":31},"end":{"line":38,"column":1}},"10":{"start":{"line":24,"column":19},"end":{"line":24,"column":69}},"11":{"start":{"line":25,"column":2},"end":{"line":28,"column":3}},"12":{"start":{"line":26,"column":4},"end":{"line":26,"column":82}},"13":{"start":{"line":27,"column":4},"end":{"line":27,"column":16}},"14":{"start":{"line":30,"column":12},"end":{"line":30,"column":54}},"15":{"start":{"line":32,"column":20},"end":{"line":35,"column":3}},"16":{"start":{"line":37,"column":2},"end":{"line":37,"column":19}},"17":{"start":{"line":41,"column":33},"end":{"line":45,"column":1}},"18":{"start":{"line":42,"column":13},"end":{"line":42,"column":20}},"19":{"start":{"line":43,"column":13},"end":{"line":43,"column":20}},"20":{"start":{"line":44,"column":2},"end":{"line":44,"column":38}},"21":{"start":{"line":47,"column":36},"end":{"line":56,"column":1}},"22":{"start":{"line":48,"column":2},"end":{"line":55,"column":3}},"23":{"start":{"line":49,"column":22},"end":{"line":49,"column":81}},"24":{"start":{"line":50,"column":26},"end":{"line":50,"column":299}},"25":{"start":{"line":51,"column":4},"end":{"line":51,"column":25}},"26":{"start":{"line":53,"column":4},"end":{"line":53,"column":56}},"27":{"start":{"line":54,"column":4},"end":{"line":54,"column":16}}},"fnMap":{"0":{"name":"(anonymous_0)","decl":{"start":{"line":7,"column":28},"end":{"line":7,"column":29}},"loc":{"start":{"line":7,"column":42},"end":{"line":13,"column":1}},"line":7},"1":{"name":"(anonymous_1)","decl":{"start":{"line":8,"column":65},"end":{"line":8,"column":66}},"loc":{"start":{"line":8,"column":72},"end":{"line":12,"column":3}},"line":8},"2":{"name":"(anonymous_2)","decl":{"start":{"line":18,"column":23},"end":{"line":18,"column":24}},"loc":{"start":{"line":18,"column":47},"end":{"line":21,"column":1}},"line":18},"3":{"name":"(anonymous_3)","decl":{"start":{"line":23,"column":31},"end":{"line":23,"column":32}},"loc":{"start":{"line":23,"column":43},"end":{"line":38,"column":1}},"line":23},"4":{"name":"(anonymous_4)","decl":{"start":{"line":41,"column":33},"end":{"line":41,"column":34}},"loc":{"start":{"line":41,"column":85},"end":{"line":45,"column":1}},"line":41},"5":{"name":"(anonymous_5)","decl":{"start":{"line":47,"column":36},"end":{"line":47,"column":37}},"loc":{"start":{"line":47,"column":83},"end":{"line":56,"column":1}},"line":47}},"branchMap":{"0":{"loc":{"start":{"line":10,"column":14},"end":{"line":10,"column":45}},"type":"cond-expr","locations":[{"start":{"line":10,"column":26},"end":{"line":10,"column":27}},{"start":{"line":10,"column":31},"end":{"line":10,"column":44}}],"line":10},"1":{"loc":{"start":{"line":19,"column":2},"end":{"line":19,"column":21}},"type":"if","locations":[{"start":{"line":19,"column":2},"end":{"line":19,"column":21}},{"start":{},"end":{}}],"line":19},"2":{"loc":{"start":{"line":25,"column":2},"end":{"line":28,"column":3}},"type":"if","locations":[{"start":{"line":25,"column":2},"end":{"line":28,"column":3}},{"start":{},"end":{}}],"line":25},"3":{"loc":{"start":{"line":50,"column":29},"end":{"line":50,"column":68}},"type":"cond-expr","locations":[{"start":{"line":50,"column":44},"end":{"line":50,"column":63}},{"start":{"line":50,"column":66},"end":{"line":50,"column":68}}],"line":50},"4":{"loc":{"start":{"line":50,"column":71},"end":{"line":50,"column":114}},"type":"cond-expr","locations":[{"start":{"line":50,"column":88},"end":{"line":50,"column":109}},{"start":{"line":50,"column":112},"end":{"line":50,"column":114}}],"line":50},"5":{"loc":{"start":{"line":50,"column":117},"end":{"line":50,"column":156}},"type":"cond-expr","locations":[{"start":{"line":50,"column":132},"end":{"line":50,"column":151}},{"start":{"line":50,"column":154},"end":{"line":50,"column":156}}],"line":50},"6":{"loc":{"start":{"line":50,"column":159},"end":{"line":50,"column":202}},"type":"cond-expr","locations":[{"start":{"line":50,"column":176},"end":{"line":50,"column":197}},{"start":{"line":50,"column":200},"end":{"line":50,"column":202}}],"line":50},"7":{"loc":{"start":{"line":50,"column":205},"end":{"line":50,"column":256}},"type":"cond-expr","locations":[{"start":{"line":50,"column":226},"end":{"line":50,"column":251}},{"start":{"line":50,"column":254},"end":{"line":50,"column":256}}],"line":50},"8":{"loc":{"start":{"line":50,"column":259},"end":{"line":50,"column":297}},"type":"cond-expr","locations":[{"start":{"line":50,"column":277},"end":{"line":50,"column":292}},{"start":{"line":50,"column":295},"end":{"line":50,"column":297}}],"line":50}},"s":{"0":1,"1":3,"2":93,"3":93,"4":93,"5":1,"6":2,"7":1,"8":1,"9":1,"10":2,"11":2,"12":1,"13":1,"14":1,"15":1,"16":1,"17":1,"18":2,"19":2,"20":2,"21":1,"22":3,"23":3,"24":2,"25":2,"26":1,"27":1},"f":{"0":3,"1":93,"2":2,"3":2,"4":2,"5":3},"b":{"0":[90,3],"1":[1,1],"2":[1,1],"3":[1,1],"4":[1,1],"5":[2,0],"6":[1,1],"7":[1,1],"8":[2,0]},"_coverageSchema":"1a1c01bbd47fc00a2c39e90264f33305004495a9","hash":"f0be31bdba9fc5f8e252e8af9670dd80e73ea27e"}
,"/Users/PlayerOne/T5V2/t5-crs/Frontend/Mobile/Dedale/src/services/ImageHelper.ts": {"path":"/Users/PlayerOne/T5V2/t5-crs/Frontend/Mobile/Dedale/src/services/ImageHelper.ts","statementMap":{"0":{"start":{"line":7,"column":11},"end":{"line":7,"column":24}},"1":{"start":{"line":9,"column":30},"end":{"line":28,"column":1}},"2":{"start":{"line":10,"column":4},"end":{"line":27,"column":5}},"3":{"start":{"line":11,"column":6},"end":{"line":11,"column":63}},"4":{"start":{"line":14,"column":21},"end":{"line":14,"column":46}},"5":{"start":{"line":15,"column":6},"end":{"line":15,"column":71}},"6":{"start":{"line":17,"column":24},"end":{"line":17,"column":38}},"7":{"start":{"line":18,"column":21},"end":{"line":21,"column":7}},"8":{"start":{"line":23,"column":6},"end":{"line":23,"column":20}},"9":{"start":{"line":25,"column":8},"end":{"line":25,"column":57}},"10":{"start":{"line":26,"column":8},"end":{"line":26,"column":20}},"11":{"start":{"line":30,"column":29},"end":{"line":37,"column":1}},"12":{"start":{"line":31,"column":17},"end":{"line":33,"column":4}},"13":{"start":{"line":34,"column":2},"end":{"line":34,"column":43}},"14":{"start":{"line":36,"column":2},"end":{"line":36,"column":16}},"15":{"start":{"line":39,"column":25},"end":{"line":60,"column":1}},"16":{"start":{"line":40,"column":2},"end":{"line":59,"column":3}},"17":{"start":{"line":41,"column":23},"end":{"line":41,"column":72}},"18":{"start":{"line":42,"column":4},"end":{"line":45,"column":5}},"19":{"start":{"line":43,"column":6},"end":{"line":43,"column":72}},"20":{"start":{"line":44,"column":6},"end":{"line":44,"column":13}},"21":{"start":{"line":47,"column":24},"end":{"line":50,"column":6}},"22":{"start":{"line":52,"column":16},"end":{"line":52,"column":55}},"23":{"start":{"line":53,"column":4},"end":{"line":55,"column":5}},"24":{"start":{"line":54,"column":6},"end":{"line":54,"column":17}},"25":{"start":{"line":57,"column":4},"end":{"line":57,"column":63}},"26":{"start":{"line":58,"column":4},"end":{"line":58,"column":63}}},"fnMap":{"0":{"name":"(anonymous_0)","decl":{"start":{"line":9,"column":30},"end":{"line":9,"column":31}},"loc":{"start":{"line":9,"column":71},"end":{"line":28,"column":1}},"line":9},"1":{"name":"(anonymous_1)","decl":{"start":{"line":30,"column":29},"end":{"line":30,"column":30}},"loc":{"start":{"line":30,"column":52},"end":{"line":37,"column":1}},"line":30},"2":{"name":"(anonymous_2)","decl":{"start":{"line":39,"column":25},"end":{"line":39,"column":26}},"loc":{"start":{"line":39,"column":37},"end":{"line":60,"column":1}},"line":39}},"branchMap":{"0":{"loc":{"start":{"line":42,"column":4},"end":{"line":45,"column":5}},"type":"if","locations":[{"start":{"line":42,"column":4},"end":{"line":45,"column":5}},{"start":{},"end":{}}],"line":42},"1":{"loc":{"start":{"line":52,"column":16},"end":{"line":52,"column":55}},"type":"binary-expr","locations":[{"start":{"line":52,"column":16},"end":{"line":52,"column":40}},{"start":{"line":52,"column":44},"end":{"line":52,"column":55}}],"line":52},"2":{"loc":{"start":{"line":53,"column":4},"end":{"line":55,"column":5}},"type":"if","locations":[{"start":{"line":53,"column":4},"end":{"line":55,"column":5}},{"start":{},"end":{}}],"line":53}},"s":{"0":1,"1":1,"2":2,"3":2,"4":2,"5":2,"6":2,"7":2,"8":1,"9":1,"10":1,"11":1,"12":3,"13":3,"14":3,"15":1,"16":4,"17":4,"18":3,"19":1,"20":1,"21":2,"22":2,"23":2,"24":1,"25":1,"26":1},"f":{"0":2,"1":3,"2":4},"b":{"0":[1,2],"1":[2,1],"2":[1,1]},"_coverageSchema":"1a1c01bbd47fc00a2c39e90264f33305004495a9","hash":"ab3b0206372675279f29702a7fbf71a5358c4fea"}
,"/Users/PlayerOne/T5V2/t5-crs/Frontend/Mobile/Dedale/src/services/databaseAcces.ts": {"path":"/Users/PlayerOne/T5V2/t5-crs/Frontend/Mobile/Dedale/src/services/databaseAcces.ts","statementMap":{"0":{"start":{"line":4,"column":29},"end":{"line":6,"column":1}},"1":{"start":{"line":5,"column":2},"end":{"line":5,"column":79}},"2":{"start":{"line":8,"column":29},"end":{"line":10,"column":1}},"3":{"start":{"line":9,"column":2},"end":{"line":9,"column":72}},"4":{"start":{"line":12,"column":26},"end":{"line":17,"column":1}},"5":{"start":{"line":13,"column":2},"end":{"line":16,"column":5}},"6":{"start":{"line":20,"column":29},"end":{"line":25,"column":1}},"7":{"start":{"line":21,"column":2},"end":{"line":24,"column":5}},"8":{"start":{"line":27,"column":29},"end":{"line":29,"column":1}},"9":{"start":{"line":28,"column":2},"end":{"line":28,"column":62}},"10":{"start":{"line":31,"column":26},"end":{"line":37,"column":1}},"11":{"start":{"line":32,"column":20},"end":{"line":32,"column":34}},"12":{"start":{"line":33,"column":2},"end":{"line":36,"column":4}},"13":{"start":{"line":40,"column":32},"end":{"line":51,"column":1}},"14":{"start":{"line":46,"column":2},"end":{"line":50,"column":5}},"15":{"start":{"line":53,"column":32},"end":{"line":55,"column":1}},"16":{"start":{"line":54,"column":2},"end":{"line":54,"column":68}},"17":{"start":{"line":57,"column":29},"end":{"line":82,"column":1}},"18":{"start":{"line":64,"column":23},"end":{"line":64,"column":37}},"19":{"start":{"line":65,"column":2},"end":{"line":68,"column":4}},"20":{"start":{"line":71,"column":2},"end":{"line":79,"column":3}},"21":{"start":{"line":72,"column":4},"end":{"line":78,"column":7}},"22":{"start":{"line":73,"column":22},"end":{"line":73,"column":36}},"23":{"start":{"line":74,"column":6},"end":{"line":77,"column":8}},"24":{"start":{"line":81,"column":2},"end":{"line":81,"column":22}},"25":{"start":{"line":85,"column":30},"end":{"line":85,"column":46}},"26":{"start":{"line":86,"column":30},"end":{"line":86,"column":46}},"27":{"start":{"line":87,"column":27},"end":{"line":87,"column":40}},"28":{"start":{"line":90,"column":38},"end":{"line":97,"column":1}},"29":{"start":{"line":96,"column":2},"end":{"line":96,"column":76}},"30":{"start":{"line":99,"column":27},"end":{"line":104,"column":1}},"31":{"start":{"line":102,"column":17},"end":{"line":102,"column":67}},"32":{"start":{"line":103,"column":2},"end":{"line":103,"column":16}},"33":{"start":{"line":106,"column":31},"end":{"line":115,"column":1}},"34":{"start":{"line":107,"column":2},"end":{"line":114,"column":3}},"35":{"start":{"line":108,"column":4},"end":{"line":111,"column":7}},"36":{"start":{"line":113,"column":4},"end":{"line":113,"column":76}}},"fnMap":{"0":{"name":"(anonymous_0)","decl":{"start":{"line":4,"column":29},"end":{"line":4,"column":30}},"loc":{"start":{"line":4,"column":77},"end":{"line":6,"column":1}},"line":4},"1":{"name":"(anonymous_1)","decl":{"start":{"line":8,"column":29},"end":{"line":8,"column":30}},"loc":{"start":{"line":8,"column":59},"end":{"line":10,"column":1}},"line":8},"2":{"name":"(anonymous_2)","decl":{"start":{"line":12,"column":26},"end":{"line":12,"column":27}},"loc":{"start":{"line":12,"column":71},"end":{"line":17,"column":1}},"line":12},"3":{"name":"(anonymous_3)","decl":{"start":{"line":20,"column":29},"end":{"line":20,"column":30}},"loc":{"start":{"line":20,"column":79},"end":{"line":25,"column":1}},"line":20},"4":{"name":"(anonymous_4)","decl":{"start":{"line":27,"column":29},"end":{"line":27,"column":30}},"loc":{"start":{"line":27,"column":61},"end":{"line":29,"column":1}},"line":27},"5":{"name":"(anonymous_5)","decl":{"start":{"line":31,"column":26},"end":{"line":31,"column":27}},"loc":{"start":{"line":31,"column":71},"end":{"line":37,"column":1}},"line":31},"6":{"name":"(anonymous_6)","decl":{"start":{"line":40,"column":32},"end":{"line":40,"column":33}},"loc":{"start":{"line":45,"column":5},"end":{"line":51,"column":1}},"line":45},"7":{"name":"(anonymous_7)","decl":{"start":{"line":53,"column":32},"end":{"line":53,"column":33}},"loc":{"start":{"line":53,"column":67},"end":{"line":55,"column":1}},"line":53},"8":{"name":"(anonymous_8)","decl":{"start":{"line":57,"column":29},"end":{"line":57,"column":30}},"loc":{"start":{"line":63,"column":5},"end":{"line":82,"column":1}},"line":63},"9":{"name":"(anonymous_9)","decl":{"start":{"line":72,"column":24},"end":{"line":72,"column":25}},"loc":{"start":{"line":72,"column":42},"end":{"line":78,"column":5}},"line":72},"10":{"name":"(anonymous_10)","decl":{"start":{"line":90,"column":38},"end":{"line":90,"column":39}},"loc":{"start":{"line":95,"column":5},"end":{"line":97,"column":1}},"line":95},"11":{"name":"(anonymous_11)","decl":{"start":{"line":99,"column":27},"end":{"line":99,"column":28}},"loc":{"start":{"line":99,"column":52},"end":{"line":104,"column":1}},"line":99},"12":{"name":"(anonymous_12)","decl":{"start":{"line":106,"column":31},"end":{"line":106,"column":32}},"loc":{"start":{"line":106,"column":61},"end":{"line":115,"column":1}},"line":106}},"branchMap":{"0":{"loc":{"start":{"line":71,"column":2},"end":{"line":79,"column":3}},"type":"if","locations":[{"start":{"line":71,"column":2},"end":{"line":79,"column":3}},{"start":{},"end":{}}],"line":71},"1":{"loc":{"start":{"line":71,"column":6},"end":{"line":71,"column":43}},"type":"binary-expr","locations":[{"start":{"line":71,"column":6},"end":{"line":71,"column":17}},{"start":{"line":71,"column":21},"end":{"line":71,"column":43}}],"line":71}},"s":{"0":1,"1":1,"2":1,"3":1,"4":1,"5":1,"6":1,"7":1,"8":1,"9":1,"10":1,"11":1,"12":1,"13":1,"14":1,"15":1,"16":1,"17":1,"18":2,"19":2,"20":2,"21":1,"22":2,"23":2,"24":2,"25":1,"26":1,"27":1,"28":1,"29":1,"30":1,"31":1,"32":1,"33":1,"34":2,"35":2,"36":1},"f":{"0":1,"1":1,"2":1,"3":1,"4":1,"5":1,"6":1,"7":1,"8":2,"9":2,"10":1,"11":1,"12":2},"b":{"0":[1,1],"1":[2,1]},"_coverageSchema":"1a1c01bbd47fc00a2c39e90264f33305004495a9","hash":"bddcc35648d812e600586cdfd6949efa0b8b7d9a"}
}
