TN:
SF:src/components/CustomButton.tsx
FN:11,CustomButton
FN:18,(anonymous_1)
FNF:2
FNH:0
FNDA:0,CustomButton
FNDA:0,(anonymous_1)
DA:18,0
DA:19,0
DA:21,0
DA:23,0
DA:25,0
DA:27,0
DA:31,0
LF:7
LH:0
BRDA:14,0,0,0
BRDA:15,1,0,0
BRDA:16,2,0,0
BRDA:19,3,0,0
BRDA:19,3,1,0
BRDA:19,3,2,0
BRDA:19,3,3,0
BRDA:38,4,0,0
BRDA:38,4,1,0
BRDA:39,5,0,0
BRDA:39,5,1,0
BRF:11
BRH:0
end_of_record
TN:
SF:src/components/EventItem.tsx
FN:12,hasCalculatedStatus
FN:18,EventItem
FN:23,(anonymous_2)
FN:80,(anonymous_3)
FNF:4
FNH:0
FNDA:0,hasCalculatedStatus
FNDA:0,EventItem
FNDA:0,(anonymous_2)
FNDA:0,(anonymous_3)
DA:15,0
DA:23,0
DA:25,0
DA:26,0
DA:27,0
DA:29,0
DA:35,0
DA:42,0
DA:51,0
DA:52,0
DA:53,0
DA:55,0
DA:56,0
DA:61,0
DA:62,0
DA:68,0
DA:76,0
DA:78,0
DA:80,0
LF:19
LH:0
BRDA:21,0,0,0
BRDA:25,1,0,0
BRDA:25,1,1,0
BRDA:27,2,0,0
BRDA:27,2,1,0
BRDA:27,2,2,0
BRDA:27,2,3,0
BRDA:55,3,0,0
BRDA:55,3,1,0
BRDA:61,4,0,0
BRDA:61,4,1,0
BRDA:104,5,0,0
BRDA:104,5,1,0
BRF:13
BRH:0
end_of_record
TN:
SF:src/components/Map.tsx
FN:19,(anonymous_0)
FN:28,(anonymous_1)
FN:39,(anonymous_2)
FN:69,OfflineMap
FN:110,(anonymous_4)
FN:132,(anonymous_5)
FN:140,(anonymous_6)
FN:141,(anonymous_7)
FN:143,(anonymous_8)
FN:199,(anonymous_9)
FN:230,(anonymous_10)
FN:248,(anonymous_11)
FN:255,(anonymous_12)
FN:265,(anonymous_13)
FNF:14
FNH:3
FNDA:5,(anonymous_0)
FNDA:5,(anonymous_1)
FNDA:3,(anonymous_2)
FNDA:0,OfflineMap
FNDA:0,(anonymous_4)
FNDA:0,(anonymous_5)
FNDA:0,(anonymous_6)
FNDA:0,(anonymous_7)
FNDA:0,(anonymous_8)
FNDA:0,(anonymous_9)
FNDA:0,(anonymous_10)
FNDA:0,(anonymous_11)
FNDA:0,(anonymous_12)
FNDA:0,(anonymous_13)
DA:19,1
DA:20,5
DA:22,4
DA:24,4
DA:25,1
DA:26,1
DA:28,1
DA:29,5
DA:30,5
DA:32,1
DA:35,3
DA:36,1
DA:37,1
DA:39,1
DA:40,3
DA:41,3
DA:43,1
DA:46,2
DA:47,1
DA:48,1
DA:50,1
DA:51,1
DA:57,1
DA:77,0
DA:89,0
DA:96,0
DA:100,0
DA:101,0
DA:102,0
DA:104,0
DA:105,0
DA:106,0
DA:107,0
DA:108,0
DA:110,0
DA:111,0
DA:112,0
DA:113,0
DA:115,0
DA:116,0
DA:117,0
DA:128,0
DA:132,0
DA:133,0
DA:134,0
DA:136,0
DA:140,0
DA:141,0
DA:142,0
DA:143,0
DA:144,0
DA:145,0
DA:146,0
DA:147,0
DA:148,0
DA:152,0
DA:153,0
DA:154,0
DA:155,0
DA:159,0
DA:160,0
DA:161,0
DA:162,0
DA:164,0
DA:167,0
DA:168,0
DA:172,0
DA:179,0
DA:180,0
DA:181,0
DA:183,0
DA:184,0
DA:185,0
DA:186,0
DA:187,0
DA:191,0
DA:195,0
DA:199,0
DA:200,0
DA:201,0
DA:213,0
DA:214,0
DA:225,0
DA:231,0
DA:232,0
DA:249,0
DA:256,0
DA:257,0
DA:259,0
DA:261,0
DA:262,0
DA:265,0
DA:268,0
DA:279,0
DA:280,0
DA:290,0
DA:291,0
DA:300,0
DA:318,1
LF:99
LH:24
BRDA:20,0,0,1
BRDA:20,0,1,4
BRDA:20,1,0,5
BRDA:20,1,1,4
BRDA:24,2,0,1
BRDA:24,2,1,3
BRDA:26,3,0,0
BRDA:26,3,1,1
BRDA:35,4,0,1
BRDA:35,4,1,2
BRDA:37,5,0,0
BRDA:37,5,1,1
BRDA:46,6,0,1
BRDA:46,6,1,1
BRDA:48,7,0,0
BRDA:48,7,1,1
BRDA:73,8,0,0
BRDA:74,9,0,0
BRDA:105,10,0,0
BRDA:105,10,1,0
BRDA:111,11,0,0
BRDA:111,11,1,0
BRDA:111,12,0,0
BRDA:111,12,1,0
BRDA:115,13,0,0
BRDA:115,13,1,0
BRDA:115,14,0,0
BRDA:115,14,1,0
BRDA:133,15,0,0
BRDA:133,15,1,0
BRDA:133,16,0,0
BRDA:133,16,1,0
BRDA:144,17,0,0
BRDA:144,17,1,0
BRDA:154,18,0,0
BRDA:154,18,1,0
BRDA:159,19,0,0
BRDA:159,19,1,0
BRDA:184,20,0,0
BRDA:184,20,1,0
BRDA:200,21,0,0
BRDA:200,21,1,0
BRDA:200,22,0,0
BRDA:200,22,1,0
BRDA:213,23,0,0
BRDA:213,23,1,0
BRDA:213,24,0,0
BRDA:213,24,1,0
BRDA:231,25,0,0
BRDA:231,25,1,0
BRDA:231,26,0,0
BRDA:231,26,1,0
BRDA:247,27,0,0
BRDA:247,27,1,0
BRDA:257,28,0,0
BRDA:257,28,1,0
BRDA:261,29,0,0
BRDA:261,29,1,0
BRDA:279,30,0,0
BRDA:279,30,1,0
BRDA:290,31,0,0
BRDA:290,31,1,0
BRDA:304,32,0,0
BRDA:304,32,1,0
BRDA:304,32,2,0
BRDA:309,33,0,0
BRDA:309,33,1,0
BRF:67
BRH:13
end_of_record
TN:
SF:src/components/WebSocketClient.tsx
FN:31,(anonymous_0)
FN:39,(anonymous_1)
FN:52,(anonymous_2)
FN:62,(anonymous_3)
FN:67,(anonymous_4)
FN:70,(anonymous_5)
FN:76,(anonymous_6)
FN:242,(anonymous_7)
FN:254,(anonymous_8)
FN:306,(anonymous_9)
FN:313,(anonymous_10)
FN:320,(anonymous_11)
FN:342,(anonymous_12)
FN:363,(anonymous_13)
FN:377,(anonymous_14)
FN:386,(anonymous_15)
FN:389,(anonymous_16)
FN:392,(anonymous_17)
FN:400,(anonymous_18)
FN:406,(anonymous_19)
FNF:20
FNH:9
FNDA:5,(anonymous_0)
FNDA:1,(anonymous_1)
FNDA:2,(anonymous_2)
FNDA:4,(anonymous_3)
FNDA:4,(anonymous_4)
FNDA:3,(anonymous_5)
FNDA:2,(anonymous_6)
FNDA:1,(anonymous_7)
FNDA:0,(anonymous_8)
FNDA:0,(anonymous_9)
FNDA:0,(anonymous_10)
FNDA:0,(anonymous_11)
FNDA:0,(anonymous_12)
FNDA:1,(anonymous_13)
FNDA:0,(anonymous_14)
FNDA:0,(anonymous_15)
FNDA:0,(anonymous_16)
FNDA:0,(anonymous_17)
FNDA:0,(anonymous_18)
FNDA:0,(anonymous_19)
DA:17,5
DA:18,5
DA:19,5
DA:24,5
DA:25,5
DA:32,5
DA:33,5
DA:44,1
DA:45,1
DA:46,1
DA:53,2
DA:54,2
DA:55,0
DA:65,4
DA:67,4
DA:68,4
DA:70,4
DA:71,3
DA:72,3
DA:73,3
DA:76,4
DA:77,2
DA:78,2
DA:81,2
DA:82,2
DA:83,1
DA:84,1
DA:85,1
DA:86,1
DA:87,1
DA:88,0
DA:89,0
DA:90,0
DA:91,0
DA:92,0
DA:93,0
DA:94,0
DA:99,1
DA:103,2
DA:104,1
DA:107,1
DA:108,1
DA:109,1
DA:110,1
DA:111,1
DA:113,0
DA:115,1
DA:116,1
DA:117,0
DA:118,0
DA:119,0
DA:120,0
DA:122,0
DA:123,1
DA:124,0
DA:125,0
DA:126,0
DA:127,0
DA:129,0
DA:133,1
DA:134,1
DA:137,1
DA:138,0
DA:141,0
DA:144,0
DA:147,0
DA:148,0
DA:149,0
DA:150,0
DA:151,0
DA:154,0
DA:157,0
DA:158,0
DA:159,0
DA:165,0
DA:166,0
DA:167,0
DA:168,0
DA:169,0
DA:170,0
DA:172,0
DA:173,0
DA:176,0
DA:178,0
DA:179,0
DA:180,0
DA:181,0
DA:185,0
DA:188,0
DA:189,0
DA:191,0
DA:193,0
DA:195,0
DA:199,1
DA:200,0
DA:201,0
DA:202,0
DA:203,0
DA:205,1
DA:207,0
DA:208,0
DA:209,0
DA:215,0
DA:216,0
DA:219,1
DA:221,1
DA:222,1
DA:223,1
DA:224,1
DA:227,0
DA:233,0
DA:234,0
DA:235,0
DA:242,4
DA:244,1
DA:245,1
DA:247,1
DA:248,1
DA:249,1
DA:250,1
DA:254,4
DA:255,0
DA:258,0
DA:259,0
DA:261,0
DA:262,0
DA:263,0
DA:266,0
DA:267,0
DA:268,0
DA:269,0
DA:271,0
DA:274,0
DA:276,0
DA:278,0
DA:279,0
DA:281,0
DA:282,0
DA:284,0
DA:287,0
DA:288,0
DA:291,0
DA:292,0
DA:296,0
DA:297,0
DA:307,0
DA:314,0
DA:321,0
DA:322,0
DA:323,0
DA:324,0
DA:327,0
DA:328,0
DA:329,0
DA:330,0
DA:335,0
DA:337,0
DA:338,0
DA:339,0
DA:342,0
DA:343,0
DA:344,0
DA:347,0
DA:348,0
DA:349,0
DA:354,0
DA:355,0
DA:364,1
DA:365,1
DA:366,1
DA:368,0
DA:378,0
DA:379,0
DA:389,0
DA:390,0
DA:392,0
DA:393,0
DA:394,0
DA:400,0
DA:401,0
DA:402,0
DA:403,0
DA:406,0
DA:407,0
DA:408,0
LF:185
LH:61
BRDA:54,0,0,0
BRDA:54,0,1,2
BRDA:86,1,0,0
BRDA:86,1,1,1
BRDA:87,2,0,0
BRDA:87,2,1,1
BRDA:88,3,0,0
BRDA:88,3,1,0
BRDA:89,4,0,0
BRDA:89,4,1,0
BRDA:91,5,0,0
BRDA:91,5,1,0
BRDA:93,6,0,0
BRDA:93,6,1,0
BRDA:94,7,0,0
BRDA:94,7,1,0
BRDA:103,8,0,1
BRDA:103,8,1,1
BRDA:109,9,0,1
BRDA:109,9,1,0
BRDA:116,10,0,0
BRDA:116,10,1,1
BRDA:119,11,0,0
BRDA:119,11,1,0
BRDA:123,12,0,0
BRDA:123,12,1,1
BRDA:126,13,0,0
BRDA:126,13,1,0
BRDA:137,14,0,0
BRDA:137,14,1,1
BRDA:138,15,0,0
BRDA:138,15,1,0
BRDA:138,15,2,0
BRDA:138,15,3,0
BRDA:138,15,4,0
BRDA:138,15,5,0
BRDA:147,16,0,0
BRDA:147,16,1,0
BRDA:147,17,0,0
BRDA:147,17,1,0
BRDA:150,18,0,0
BRDA:150,18,1,0
BRDA:157,19,0,0
BRDA:157,19,1,0
BRDA:166,20,0,0
BRDA:166,20,1,0
BRDA:167,21,0,0
BRDA:167,21,1,0
BRDA:168,22,0,0
BRDA:168,22,1,0
BRDA:169,23,0,0
BRDA:169,23,1,0
BRDA:169,24,0,0
BRDA:169,24,1,0
BRDA:172,25,0,0
BRDA:172,25,1,0
BRDA:180,26,0,0
BRDA:180,26,1,0
BRDA:188,27,0,0
BRDA:188,27,1,0
BRDA:199,28,0,0
BRDA:199,28,1,1
BRDA:202,29,0,0
BRDA:202,29,1,0
BRDA:205,30,0,0
BRDA:205,30,1,1
BRDA:205,31,0,1
BRDA:205,31,1,0
BRDA:215,32,0,0
BRDA:215,32,1,0
BRDA:219,33,0,1
BRDA:219,33,1,0
BRDA:223,34,0,1
BRDA:223,34,1,0
BRDA:234,35,0,0
BRDA:234,35,1,0
BRDA:244,36,0,1
BRDA:244,36,1,0
BRDA:249,37,0,1
BRDA:249,37,1,0
BRDA:259,38,0,0
BRDA:259,38,1,0
BRDA:259,38,2,0
BRDA:259,38,3,0
BRDA:259,38,4,0
BRDA:266,39,0,0
BRDA:266,39,1,0
BRDA:266,40,0,0
BRDA:266,40,1,0
BRDA:291,41,0,0
BRDA:291,41,1,0
BRDA:296,42,0,0
BRDA:296,42,1,0
BRDA:296,43,0,0
BRDA:296,43,1,0
BRDA:321,44,0,0
BRDA:321,44,1,0
BRDA:321,45,0,0
BRDA:321,45,1,0
BRDA:323,46,0,0
BRDA:323,46,1,0
BRDA:343,47,0,0
BRDA:343,47,1,0
BRDA:348,48,0,0
BRDA:348,48,1,0
BRDA:364,49,0,1
BRDA:364,49,1,0
BRDA:364,50,0,1
BRDA:364,50,1,1
BRDA:378,51,0,0
BRDA:378,51,1,0
BRF:111
BRH:19
end_of_record
TN:
SF:src/constants/colors.ts
FNF:0
FNH:0
DA:2,1
LF:1
LH:1
BRF:0
BRH:0
end_of_record
TN:
SF:src/context/EventContext.tsx
FN:34,calculateEventStatus
FN:67,sortEvents
FN:74,(anonymous_2)
FN:94,EventProvider
FN:99,(anonymous_4)
FN:106,(anonymous_5)
FN:121,(anonymous_6)
FN:123,(anonymous_7)
FN:127,(anonymous_8)
FN:147,useEvent
FNF:10
FNH:10
FNDA:6,calculateEventStatus
FNDA:4,sortEvents
FNDA:5,(anonymous_2)
FNDA:12,EventProvider
FNDA:5,(anonymous_4)
FNDA:6,(anonymous_5)
FNDA:2,(anonymous_6)
FNDA:1,(anonymous_7)
FNDA:5,(anonymous_8)
FNDA:14,useEvent
DA:29,1
DA:35,6
DA:36,6
DA:38,6
DA:39,6
DA:42,6
DA:47,6
DA:53,6
DA:54,2
DA:55,4
DA:56,3
DA:58,1
DA:68,4
DA:74,4
DA:77,5
DA:78,5
DA:81,1
DA:82,1
DA:84,1
DA:86,0
DA:89,1
DA:95,12
DA:96,12
DA:97,12
DA:99,12
DA:100,5
DA:101,5
DA:102,5
DA:103,5
DA:106,6
DA:112,4
DA:113,4
DA:115,1
DA:117,5
DA:121,12
DA:122,2
DA:123,2
DA:127,12
DA:128,5
DA:131,12
DA:148,14
DA:149,14
DA:150,2
DA:152,12
LF:44
LH:43
BRDA:38,0,0,6
BRDA:38,0,1,0
BRDA:38,0,2,0
BRDA:39,1,0,6
BRDA:39,1,1,0
BRDA:39,1,2,0
BRDA:53,2,0,2
BRDA:53,2,1,4
BRDA:53,3,0,6
BRDA:53,3,1,3
BRDA:55,4,0,3
BRDA:55,4,1,1
BRDA:78,5,0,4
BRDA:78,5,1,1
BRDA:84,6,0,0
BRDA:84,6,1,1
BRDA:122,7,0,0
BRDA:122,7,1,2
BRDA:123,8,0,2
BRDA:123,8,1,1
BRDA:149,9,0,2
BRDA:149,9,1,12
BRF:22
BRH:16
end_of_record
TN:
SF:src/context/GeometriesContext.tsx
FN:24,GeometriesProvider
FN:30,(anonymous_1)
FN:80,(anonymous_2)
FN:97,useGeometries
FNF:4
FNH:4
FNDA:5,GeometriesProvider
FNDA:3,(anonymous_1)
FNDA:2,(anonymous_2)
FNDA:5,useGeometries
DA:20,1
DA:25,5
DA:28,5
DA:30,5
DA:31,3
DA:32,3
DA:33,3
DA:36,3
DA:41,3
DA:45,3
DA:48,3
DA:49,4
DA:50,4
DA:51,4
DA:52,3
DA:54,4
DA:62,3
DA:63,0
DA:64,0
DA:65,0
DA:66,0
DA:68,0
DA:72,3
DA:74,0
DA:76,3
DA:80,5
DA:81,2
DA:84,5
DA:98,5
DA:99,5
DA:100,0
DA:102,5
LF:32
LH:25
BRDA:49,0,0,4
BRDA:49,0,1,0
BRDA:51,1,0,3
BRDA:51,1,1,1
BRDA:63,2,0,0
BRDA:63,2,1,0
BRDA:65,3,0,0
BRDA:65,3,1,0
BRDA:99,4,0,0
BRDA:99,4,1,5
BRF:10
BRH:4
end_of_record
TN:
SF:src/context/PointsContext.tsx
FN:20,PointsProvider
FN:26,(anonymous_1)
FN:46,(anonymous_2)
FN:57,(anonymous_3)
FN:70,usePoints
FNF:5
FNH:5
FNDA:5,PointsProvider
FNDA:3,(anonymous_1)
FNDA:1,(anonymous_2)
FNDA:2,(anonymous_3)
FNDA:5,usePoints
DA:18,1
DA:21,5
DA:24,5
DA:26,5
DA:27,3
DA:28,3
DA:29,3
DA:31,3
DA:34,3
DA:35,3
DA:36,4
DA:38,4
DA:39,3
DA:41,4
DA:45,3
DA:46,3
DA:49,3
DA:51,0
DA:53,3
DA:57,5
DA:58,2
DA:61,5
DA:71,5
DA:72,5
DA:73,0
DA:75,5
LF:26
LH:24
BRDA:36,0,0,4
BRDA:36,0,1,0
BRDA:38,1,0,3
BRDA:38,1,1,1
BRDA:72,2,0,0
BRDA:72,2,1,5
BRF:6
BRH:4
end_of_record
TN:
SF:src/context/WebSocketContext.tsx
FN:22,WebSocketProvider
FN:26,(anonymous_1)
FN:60,useWebSocket
FNF:3
FNH:3
FNDA:10,WebSocketProvider
FNDA:4,(anonymous_1)
FNDA:12,useWebSocket
DA:18,1
DA:23,10
DA:24,10
DA:26,10
DA:31,4
DA:32,1
DA:33,1
DA:35,3
DA:36,1
DA:37,1
DA:39,2
DA:40,2
DA:41,2
DA:42,1
DA:44,1
DA:47,1
DA:51,10
DA:61,12
DA:62,12
DA:63,2
DA:65,10
LF:21
LH:21
BRDA:31,0,0,1
BRDA:31,0,1,3
BRDA:35,1,0,1
BRDA:35,1,1,2
BRDA:45,2,0,1
BRDA:45,2,1,0
BRDA:62,3,0,2
BRDA:62,3,1,10
BRF:8
BRH:7
end_of_record
TN:
SF:src/screens/ConnectEvent.tsx
FN:15,sortEventsByStatus
FN:24,(anonymous_1)
FN:41,ConnectEvent
FN:47,(anonymous_3)
FN:51,(anonymous_4)
FN:114,(anonymous_5)
FN:138,(anonymous_6)
FN:139,(anonymous_7)
FN:159,(anonymous_8)
FNF:9
FNH:2
FNDA:2,sortEventsByStatus
FNDA:7,(anonymous_1)
FNDA:0,ConnectEvent
FNDA:0,(anonymous_3)
FNDA:0,(anonymous_4)
FNDA:0,(anonymous_5)
FNDA:0,(anonymous_6)
FNDA:0,(anonymous_7)
FNDA:0,(anonymous_8)
DA:18,2
DA:24,2
DA:25,7
DA:30,7
DA:35,7
DA:36,7
DA:37,7
DA:42,0
DA:43,0
DA:44,0
DA:45,0
DA:47,0
DA:48,0
DA:51,0
DA:52,0
DA:54,0
DA:58,0
DA:62,0
DA:66,0
DA:70,0
DA:76,0
DA:82,0
DA:83,0
DA:84,0
DA:85,0
DA:86,0
DA:87,0
DA:88,0
DA:89,0
DA:90,0
DA:91,0
DA:93,0
DA:94,0
DA:95,0
DA:96,0
DA:97,0
DA:98,0
DA:99,0
DA:100,0
DA:101,0
DA:102,0
DA:103,0
DA:105,0
DA:106,0
DA:109,0
DA:110,0
DA:114,0
DA:126,0
DA:138,0
DA:140,0
DA:159,0
LF:51
LH:7
BRDA:26,0,0,7
BRDA:26,0,1,7
BRDA:26,0,2,0
BRDA:31,1,0,7
BRDA:31,1,1,7
BRDA:31,1,2,0
BRDA:35,2,0,7
BRDA:35,2,1,0
BRDA:36,3,0,7
BRDA:36,3,1,1
BRDA:90,4,0,0
BRDA:90,4,1,0
BRDA:94,5,0,0
BRDA:94,5,1,0
BRDA:95,6,0,0
BRDA:95,6,1,0
BRDA:96,7,0,0
BRDA:96,7,1,0
BRDA:97,8,0,0
BRDA:97,8,1,0
BRDA:98,9,0,0
BRDA:98,9,1,0
BRDA:99,10,0,0
BRDA:99,10,1,0
BRDA:100,11,0,0
BRDA:100,11,1,0
BRDA:109,12,0,0
BRDA:109,12,1,0
BRF:28
BRH:7
end_of_record
TN:
SF:src/screens/RouteNavigation.tsx
FN:14,checkPointVisibility
FN:31,fetchRouteCoordinates
FN:35,(anonymous_2)
FN:40,(anonymous_3)
FN:49,(anonymous_4)
FN:59,(anonymous_5)
FN:62,RouteNavigation
FN:66,(anonymous_7)
FN:82,(anonymous_8)
FN:83,(anonymous_9)
FN:90,(anonymous_10)
FN:91,(anonymous_11)
FN:140,(anonymous_12)
FN:148,(anonymous_13)
FN:149,(anonymous_14)
FN:153,(anonymous_15)
FN:173,(anonymous_16)
FN:188,(anonymous_17)
FN:195,(anonymous_18)
FN:235,(anonymous_19)
FN:262,(anonymous_20)
FNF:21
FNH:5
FNDA:2,checkPointVisibility
FNDA:2,fetchRouteCoordinates
FNDA:0,(anonymous_2)
FNDA:4,(anonymous_3)
FNDA:3,(anonymous_4)
FNDA:2,(anonymous_5)
FNDA:0,RouteNavigation
FNDA:0,(anonymous_7)
FNDA:0,(anonymous_8)
FNDA:0,(anonymous_9)
FNDA:0,(anonymous_10)
FNDA:0,(anonymous_11)
FNDA:0,(anonymous_12)
FNDA:0,(anonymous_13)
FNDA:0,(anonymous_14)
FNDA:0,(anonymous_15)
FNDA:0,(anonymous_16)
FNDA:0,(anonymous_17)
FNDA:0,(anonymous_18)
FNDA:0,(anonymous_19)
FNDA:0,(anonymous_20)
DA:18,2
DA:19,2
DA:20,2
DA:21,2
DA:23,2
DA:34,2
DA:35,0
DA:38,2
DA:39,2
DA:40,4
DA:42,2
DA:44,2
DA:45,1
DA:47,1
DA:48,1
DA:49,3
DA:56,1
DA:59,2
DA:63,0
DA:64,0
DA:65,0
DA:66,0
DA:70,0
DA:71,0
DA:75,0
DA:76,0
DA:79,0
DA:80,0
DA:82,0
DA:83,0
DA:84,0
DA:85,0
DA:87,0
DA:90,0
DA:91,0
DA:92,0
DA:93,0
DA:94,0
DA:98,0
DA:101,0
DA:102,0
DA:106,0
DA:111,0
DA:113,0
DA:114,0
DA:121,0
DA:128,0
DA:132,0
DA:134,0
DA:141,0
DA:148,0
DA:149,0
DA:153,0
DA:154,0
DA:155,0
DA:156,0
DA:158,0
DA:164,0
DA:166,0
DA:173,0
DA:174,0
DA:175,0
DA:176,0
DA:178,0
DA:184,0
DA:188,0
DA:189,0
DA:190,0
DA:191,0
DA:192,0
DA:195,0
DA:196,0
DA:197,0
DA:198,0
DA:204,0
DA:207,0
DA:208,0
DA:215,0
DA:236,0
DA:262,0
LF:80
LH:17
BRDA:24,0,0,2
BRDA:24,0,1,2
BRDA:24,0,2,1
BRDA:24,0,3,1
BRDA:34,1,0,0
BRDA:34,1,1,2
BRDA:47,2,0,1
BRDA:47,2,1,0
BRDA:47,3,0,1
BRDA:47,3,1,1
BRDA:66,4,0,0
BRDA:66,4,1,0
BRDA:93,5,0,0
BRDA:93,5,1,0
BRDA:113,6,0,0
BRDA:113,6,1,0
BRDA:154,7,0,0
BRDA:154,7,1,0
BRDA:174,8,0,0
BRDA:174,8,1,0
BRDA:189,9,0,0
BRDA:189,9,1,0
BRDA:196,10,0,0
BRDA:196,10,1,0
BRDA:207,11,0,0
BRDA:207,11,1,0
BRDA:207,12,0,0
BRDA:207,12,1,0
BRDA:227,13,0,0
BRDA:227,13,1,0
BRDA:240,14,0,0
BRDA:240,14,1,0
BRDA:244,15,0,0
BRDA:244,15,1,0
BRDA:252,16,0,0
BRDA:252,16,1,0
BRDA:284,17,0,0
BRDA:284,17,1,0
BRDA:298,18,0,0
BRDA:298,18,1,0
BRF:40
BRH:8
end_of_record
TN:
SF:src/services/Helper.ts
FN:7,(anonymous_0)
FN:8,(anonymous_1)
FN:18,(anonymous_2)
FN:23,(anonymous_3)
FN:41,(anonymous_4)
FN:47,(anonymous_5)
FNF:6
FNH:6
FNDA:3,(anonymous_0)
FNDA:93,(anonymous_1)
FNDA:2,(anonymous_2)
FNDA:2,(anonymous_3)
FNDA:2,(anonymous_4)
FNDA:3,(anonymous_5)
DA:7,2
DA:8,3
DA:9,93
DA:10,93
DA:11,93
DA:18,2
DA:19,2
DA:20,1
DA:23,2
DA:24,2
DA:25,2
DA:26,1
DA:27,1
DA:30,1
DA:32,1
DA:37,1
DA:41,2
DA:42,2
DA:43,2
DA:44,2
DA:47,2
DA:48,3
DA:49,3
DA:50,2
DA:51,2
DA:53,1
DA:54,1
LF:27
LH:27
BRDA:10,0,0,90
BRDA:10,0,1,3
BRDA:19,1,0,1
BRDA:19,1,1,1
BRDA:25,2,0,1
BRDA:25,2,1,1
BRDA:50,3,0,1
BRDA:50,3,1,1
BRDA:50,4,0,1
BRDA:50,4,1,1
BRDA:50,5,0,2
BRDA:50,5,1,0
BRDA:50,6,0,1
BRDA:50,6,1,1
BRDA:50,7,0,1
BRDA:50,7,1,1
BRDA:50,8,0,2
BRDA:50,8,1,0
BRF:18
BRH:16
end_of_record
TN:
SF:src/services/databaseAcces.ts
FN:4,(anonymous_0)
FN:8,(anonymous_1)
FN:12,(anonymous_2)
FN:20,(anonymous_3)
FN:27,(anonymous_4)
FN:31,(anonymous_5)
FN:40,(anonymous_6)
FN:53,(anonymous_7)
FN:57,(anonymous_8)
FN:72,(anonymous_9)
FN:90,(anonymous_10)
FN:99,(anonymous_11)
FN:106,(anonymous_12)
FNF:13
FNH:13
FNDA:1,(anonymous_0)
FNDA:1,(anonymous_1)
FNDA:1,(anonymous_2)
FNDA:1,(anonymous_3)
FNDA:1,(anonymous_4)
FNDA:1,(anonymous_5)
FNDA:1,(anonymous_6)
FNDA:1,(anonymous_7)
FNDA:2,(anonymous_8)
FNDA:2,(anonymous_9)
FNDA:1,(anonymous_10)
FNDA:1,(anonymous_11)
FNDA:2,(anonymous_12)
DA:4,1
DA:5,1
DA:8,1
DA:9,1
DA:12,1
DA:13,1
DA:20,1
DA:21,1
DA:27,1
DA:28,1
DA:31,1
DA:32,1
DA:33,1
DA:40,1
DA:46,1
DA:53,1
DA:54,1
DA:57,1
DA:64,2
DA:65,2
DA:71,2
DA:72,1
DA:73,2
DA:74,2
DA:81,2
DA:85,1
DA:86,1
DA:87,1
DA:90,1
DA:96,1
DA:99,1
DA:102,1
DA:103,1
DA:106,1
DA:107,2
DA:108,2
DA:113,1
LF:37
LH:37
BRDA:71,0,0,1
BRDA:71,0,1,1
BRDA:71,1,0,2
BRDA:71,1,1,1
BRF:4
BRH:4
end_of_record
