TN:
SF:src/components/CoordinatesDisplay.tsx
FN:13,CoordinatesDisplay
FN:22,(anonymous_1)
FN:24,(anonymous_2)
FNF:3
FNH:0
FNDA:0,CoordinatesDisplay
FNDA:0,(anonymous_1)
FNDA:0,(anonymous_2)
DA:20,0
DA:22,0
DA:23,0
DA:24,0
DA:25,0
DA:26,0
DA:29,0
DA:33,0
LF:8
LH:0
BRDA:16,0,0,0
BRDA:17,1,0,0
BRDA:23,2,0,0
BRDA:23,2,1,0
BRDA:26,3,0,0
BRDA:26,3,1,0
BRDA:36,4,0,0
BRDA:36,4,1,0
BRDA:46,5,0,0
BRDA:46,5,1,0
BRF:10
BRH:0
end_of_record
TN:
SF:src/components/CustomButton.tsx
FN:11,CustomButton
FN:18,(anonymous_1)
FNF:2
FNH:0
FNDA:0,CustomButton
FNDA:0,(anonymous_1)
DA:18,0
DA:19,0
DA:21,0
DA:23,0
DA:25,0
DA:27,0
DA:31,0
LF:7
LH:0
BRDA:14,0,0,0
BRDA:15,1,0,0
BRDA:16,2,0,0
BRDA:19,3,0,0
BRDA:19,3,1,0
BRDA:19,3,2,0
BRDA:19,3,3,0
BRDA:38,4,0,0
BRDA:38,4,1,0
BRDA:39,5,0,0
BRDA:39,5,1,0
BRF:11
BRH:0
end_of_record
TN:
SF:src/components/EventItem.tsx
FN:12,hasCalculatedStatus
FN:18,EventItem
FN:23,(anonymous_2)
FN:80,(anonymous_3)
FNF:4
FNH:0
FNDA:0,hasCalculatedStatus
FNDA:0,EventItem
FNDA:0,(anonymous_2)
FNDA:0,(anonymous_3)
DA:15,0
DA:23,0
DA:25,0
DA:26,0
DA:27,0
DA:29,0
DA:35,0
DA:42,0
DA:51,0
DA:52,0
DA:53,0
DA:55,0
DA:56,0
DA:61,0
DA:62,0
DA:68,0
DA:76,0
DA:78,0
DA:80,0
LF:19
LH:0
BRDA:21,0,0,0
BRDA:25,1,0,0
BRDA:25,1,1,0
BRDA:27,2,0,0
BRDA:27,2,1,0
BRDA:27,2,2,0
BRDA:27,2,3,0
BRDA:55,3,0,0
BRDA:55,3,1,0
BRDA:61,4,0,0
BRDA:61,4,1,0
BRDA:104,5,0,0
BRDA:104,5,1,0
BRF:13
BRH:0
end_of_record
TN:
SF:src/components/Map.tsx
FN:19,(anonymous_0)
FN:28,(anonymous_1)
FN:39,(anonymous_2)
FN:69,OfflineMap
FN:110,(anonymous_4)
FN:132,(anonymous_5)
FN:140,(anonymous_6)
FN:141,(anonymous_7)
FN:143,(anonymous_8)
FN:199,(anonymous_9)
FN:230,(anonymous_10)
FN:248,(anonymous_11)
FN:255,(anonymous_12)
FN:265,(anonymous_13)
FNF:14
FNH:3
FNDA:5,(anonymous_0)
FNDA:5,(anonymous_1)
FNDA:3,(anonymous_2)
FNDA:0,OfflineMap
FNDA:0,(anonymous_4)
FNDA:0,(anonymous_5)
FNDA:0,(anonymous_6)
FNDA:0,(anonymous_7)
FNDA:0,(anonymous_8)
FNDA:0,(anonymous_9)
FNDA:0,(anonymous_10)
FNDA:0,(anonymous_11)
FNDA:0,(anonymous_12)
FNDA:0,(anonymous_13)
DA:19,2
DA:20,5
DA:22,4
DA:24,4
DA:25,1
DA:26,1
DA:28,1
DA:29,5
DA:30,5
DA:32,1
DA:35,3
DA:36,1
DA:37,1
DA:39,1
DA:40,3
DA:41,3
DA:43,1
DA:46,2
DA:47,1
DA:48,1
DA:50,1
DA:51,1
DA:57,1
DA:77,0
DA:89,0
DA:96,0
DA:100,0
DA:101,0
DA:102,0
DA:104,0
DA:105,0
DA:106,0
DA:107,0
DA:108,0
DA:110,0
DA:111,0
DA:112,0
DA:113,0
DA:115,0
DA:116,0
DA:117,0
DA:128,0
DA:132,0
DA:133,0
DA:134,0
DA:136,0
DA:140,0
DA:141,0
DA:142,0
DA:143,0
DA:144,0
DA:145,0
DA:146,0
DA:147,0
DA:148,0
DA:152,0
DA:153,0
DA:154,0
DA:155,0
DA:159,0
DA:160,0
DA:161,0
DA:162,0
DA:164,0
DA:167,0
DA:168,0
DA:172,0
DA:179,0
DA:180,0
DA:181,0
DA:183,0
DA:184,0
DA:185,0
DA:186,0
DA:187,0
DA:191,0
DA:195,0
DA:199,0
DA:200,0
DA:201,0
DA:213,0
DA:214,0
DA:225,0
DA:231,0
DA:232,0
DA:249,0
DA:256,0
DA:257,0
DA:259,0
DA:261,0
DA:262,0
DA:265,0
DA:268,0
DA:279,0
DA:280,0
DA:290,0
DA:291,0
DA:300,0
DA:318,2
LF:99
LH:24
BRDA:20,0,0,1
BRDA:20,0,1,4
BRDA:20,1,0,5
BRDA:20,1,1,4
BRDA:24,2,0,1
BRDA:24,2,1,3
BRDA:26,3,0,0
BRDA:26,3,1,1
BRDA:35,4,0,1
BRDA:35,4,1,2
BRDA:37,5,0,0
BRDA:37,5,1,1
BRDA:46,6,0,1
BRDA:46,6,1,1
BRDA:48,7,0,0
BRDA:48,7,1,1
BRDA:73,8,0,0
BRDA:74,9,0,0
BRDA:105,10,0,0
BRDA:105,10,1,0
BRDA:111,11,0,0
BRDA:111,11,1,0
BRDA:111,12,0,0
BRDA:111,12,1,0
BRDA:115,13,0,0
BRDA:115,13,1,0
BRDA:115,14,0,0
BRDA:115,14,1,0
BRDA:133,15,0,0
BRDA:133,15,1,0
BRDA:133,16,0,0
BRDA:133,16,1,0
BRDA:144,17,0,0
BRDA:144,17,1,0
BRDA:154,18,0,0
BRDA:154,18,1,0
BRDA:159,19,0,0
BRDA:159,19,1,0
BRDA:184,20,0,0
BRDA:184,20,1,0
BRDA:200,21,0,0
BRDA:200,21,1,0
BRDA:200,22,0,0
BRDA:200,22,1,0
BRDA:213,23,0,0
BRDA:213,23,1,0
BRDA:213,24,0,0
BRDA:213,24,1,0
BRDA:231,25,0,0
BRDA:231,25,1,0
BRDA:231,26,0,0
BRDA:231,26,1,0
BRDA:247,27,0,0
BRDA:247,27,1,0
BRDA:257,28,0,0
BRDA:257,28,1,0
BRDA:261,29,0,0
BRDA:261,29,1,0
BRDA:279,30,0,0
BRDA:279,30,1,0
BRDA:290,31,0,0
BRDA:290,31,1,0
BRDA:304,32,0,0
BRDA:304,32,1,0
BRDA:304,32,2,0
BRDA:309,33,0,0
BRDA:309,33,1,0
BRF:67
BRH:13
end_of_record
TN:
SF:src/components/ObstacleSelector.tsx
FN:34,ObstacleSelector
FN:51,(anonymous_1)
FN:62,(anonymous_2)
FN:74,(anonymous_3)
FN:91,(anonymous_4)
FN:92,(anonymous_5)
FN:95,(anonymous_6)
FN:101,(anonymous_7)
FN:128,(anonymous_8)
FN:143,(anonymous_9)
FN:146,(anonymous_10)
FN:199,(anonymous_11)
FN:208,(anonymous_12)
FNF:13
FNH:0
FNDA:0,ObstacleSelector
FNDA:0,(anonymous_1)
FNDA:0,(anonymous_2)
FNDA:0,(anonymous_3)
FNDA:0,(anonymous_4)
FNDA:0,(anonymous_5)
FNDA:0,(anonymous_6)
FNDA:0,(anonymous_7)
FNDA:0,(anonymous_8)
FNDA:0,(anonymous_9)
FNDA:0,(anonymous_10)
FNDA:0,(anonymous_11)
FNDA:0,(anonymous_12)
DA:41,0
DA:42,0
DA:46,0
DA:47,0
DA:48,0
DA:49,0
DA:51,0
DA:52,0
DA:53,0
DA:54,0
DA:55,0
DA:56,0
DA:57,0
DA:62,0
DA:63,0
DA:64,0
DA:65,0
DA:67,0
DA:74,0
DA:75,0
DA:77,0
DA:79,0
DA:85,0
DA:86,0
DA:87,0
DA:88,0
DA:91,0
DA:92,0
DA:95,0
DA:96,0
DA:97,0
DA:98,0
DA:101,0
DA:102,0
DA:103,0
DA:104,0
DA:105,0
DA:106,0
DA:109,0
DA:128,0
DA:144,0
DA:147,0
DA:148,0
DA:200,0
DA:208,0
LF:45
LH:0
BRDA:38,0,0,0
BRDA:39,1,0,0
BRDA:52,2,0,0
BRDA:52,2,1,0
BRDA:65,3,0,0
BRDA:65,3,1,0
BRDA:75,4,0,0
BRDA:75,4,1,0
BRDA:77,5,0,0
BRDA:77,5,1,0
BRDA:119,6,0,0
BRDA:119,6,1,0
BRDA:132,7,0,0
BRDA:132,7,1,0
BRDA:134,8,0,0
BRDA:134,8,1,0
BRDA:140,9,0,0
BRDA:140,9,1,0
BRDA:153,10,0,0
BRDA:153,10,1,0
BRDA:184,11,0,0
BRDA:184,11,1,0
BRDA:216,12,0,0
BRDA:216,12,1,0
BRDA:237,13,0,0
BRDA:237,13,1,0
BRF:26
BRH:0
end_of_record
TN:
SF:src/components/PointCard.tsx
FN:21,PointCard
FN:36,(anonymous_1)
FN:37,(anonymous_2)
FNF:3
FNH:0
FNDA:0,PointCard
FNDA:0,(anonymous_1)
FNDA:0,(anonymous_2)
DA:34,0
DA:36,0
DA:37,0
DA:38,0
DA:39,0
DA:42,0
DA:45,0
LF:7
LH:0
BRDA:28,0,0,0
BRDA:29,1,0,0
BRDA:30,2,0,0
BRDA:31,3,0,0
BRDA:32,4,0,0
BRDA:39,5,0,0
BRDA:39,5,1,0
BRDA:57,6,0,0
BRDA:57,6,1,0
BRDA:88,7,0,0
BRDA:88,7,1,0
BRDA:95,8,0,0
BRDA:95,8,1,0
BRDA:95,9,0,0
BRDA:95,9,1,0
BRDA:95,9,2,0
BRDA:101,10,0,0
BRDA:101,10,1,0
BRDA:101,10,2,0
BRDA:110,11,0,0
BRDA:110,11,1,0
BRF:21
BRH:0
end_of_record
TN:
SF:src/components/WebSocketClient.tsx
FN:23,(anonymous_0)
FN:31,(anonymous_1)
FN:44,(anonymous_2)
FN:54,(anonymous_3)
FN:57,(anonymous_4)
FN:60,(anonymous_5)
FN:66,(anonymous_6)
FN:129,(anonymous_7)
FN:136,(anonymous_8)
FN:183,(anonymous_9)
FN:190,(anonymous_10)
FN:212,(anonymous_11)
FN:233,(anonymous_12)
FN:247,(anonymous_13)
FN:256,(anonymous_14)
FN:259,(anonymous_15)
FN:262,(anonymous_16)
FN:270,(anonymous_17)
FN:276,(anonymous_18)
FNF:19
FNH:9
FNDA:5,(anonymous_0)
FNDA:1,(anonymous_1)
FNDA:2,(anonymous_2)
FNDA:4,(anonymous_3)
FNDA:4,(anonymous_4)
FNDA:3,(anonymous_5)
FNDA:2,(anonymous_6)
FNDA:1,(anonymous_7)
FNDA:0,(anonymous_8)
FNDA:0,(anonymous_9)
FNDA:0,(anonymous_10)
FNDA:0,(anonymous_11)
FNDA:1,(anonymous_12)
FNDA:0,(anonymous_13)
FNDA:0,(anonymous_14)
FNDA:0,(anonymous_15)
FNDA:0,(anonymous_16)
FNDA:0,(anonymous_17)
FNDA:0,(anonymous_18)
DA:13,5
DA:14,5
DA:15,5
DA:19,5
DA:24,5
DA:25,5
DA:36,1
DA:37,1
DA:38,1
DA:45,2
DA:46,2
DA:47,0
DA:55,4
DA:57,4
DA:58,4
DA:60,4
DA:61,3
DA:62,3
DA:63,3
DA:66,4
DA:67,2
DA:68,2
DA:71,2
DA:72,1
DA:75,1
DA:76,1
DA:77,1
DA:78,1
DA:79,1
DA:81,0
DA:83,1
DA:84,1
DA:85,0
DA:86,0
DA:87,0
DA:88,0
DA:90,0
DA:91,1
DA:92,0
DA:93,0
DA:94,0
DA:95,0
DA:97,0
DA:101,1
DA:102,1
DA:105,1
DA:106,0
DA:107,0
DA:108,0
DA:109,0
DA:111,1
DA:113,1
DA:114,1
DA:115,1
DA:116,1
DA:120,0
DA:121,0
DA:122,0
DA:129,4
DA:130,1
DA:131,1
DA:132,1
DA:133,1
DA:136,4
DA:137,0
DA:140,0
DA:141,0
DA:143,0
DA:144,0
DA:145,0
DA:147,0
DA:151,0
DA:152,0
DA:153,0
DA:154,0
DA:156,0
DA:158,0
DA:160,0
DA:161,0
DA:163,0
DA:164,0
DA:166,0
DA:169,0
DA:170,0
DA:173,0
DA:174,0
DA:184,0
DA:191,0
DA:192,0
DA:193,0
DA:194,0
DA:197,0
DA:198,0
DA:199,0
DA:200,0
DA:205,0
DA:207,0
DA:208,0
DA:209,0
DA:212,0
DA:213,0
DA:214,0
DA:217,0
DA:218,0
DA:219,0
DA:224,0
DA:225,0
DA:234,1
DA:235,1
DA:236,1
DA:238,0
DA:248,0
DA:249,0
DA:259,0
DA:260,0
DA:262,0
DA:263,0
DA:264,0
DA:270,0
DA:271,0
DA:272,0
DA:273,0
DA:276,0
DA:277,0
DA:278,0
LF:125
LH:48
BRDA:46,0,0,0
BRDA:46,0,1,2
BRDA:71,1,0,1
BRDA:71,1,1,1
BRDA:77,2,0,1
BRDA:77,2,1,0
BRDA:84,3,0,0
BRDA:84,3,1,1
BRDA:87,4,0,0
BRDA:87,4,1,0
BRDA:91,5,0,0
BRDA:91,5,1,1
BRDA:94,6,0,0
BRDA:94,6,1,0
BRDA:105,7,0,0
BRDA:105,7,1,1
BRDA:108,8,0,0
BRDA:108,8,1,0
BRDA:111,9,0,1
BRDA:111,9,1,0
BRDA:115,10,0,1
BRDA:115,10,1,0
BRDA:121,11,0,0
BRDA:121,11,1,0
BRDA:141,12,0,0
BRDA:141,12,1,0
BRDA:141,12,2,0
BRDA:141,12,3,0
BRDA:141,12,4,0
BRDA:151,13,0,0
BRDA:151,13,1,0
BRDA:173,14,0,0
BRDA:173,14,1,0
BRDA:173,15,0,0
BRDA:173,15,1,0
BRDA:191,16,0,0
BRDA:191,16,1,0
BRDA:191,17,0,0
BRDA:191,17,1,0
BRDA:193,18,0,0
BRDA:193,18,1,0
BRDA:213,19,0,0
BRDA:213,19,1,0
BRDA:218,20,0,0
BRDA:218,20,1,0
BRDA:234,21,0,1
BRDA:234,21,1,0
BRDA:234,22,0,1
BRDA:234,22,1,1
BRDA:248,23,0,0
BRDA:248,23,1,0
BRF:51
BRH:12
end_of_record
TN:
SF:src/context/EventContext.tsx
FN:34,calculateEventStatus
FN:67,sortEvents
FN:74,(anonymous_2)
FN:94,EventProvider
FN:99,(anonymous_4)
FN:106,(anonymous_5)
FN:121,(anonymous_6)
FN:123,(anonymous_7)
FN:127,(anonymous_8)
FN:147,useEvent
FNF:10
FNH:0
FNDA:0,calculateEventStatus
FNDA:0,sortEvents
FNDA:0,(anonymous_2)
FNDA:0,EventProvider
FNDA:0,(anonymous_4)
FNDA:0,(anonymous_5)
FNDA:0,(anonymous_6)
FNDA:0,(anonymous_7)
FNDA:0,(anonymous_8)
FNDA:0,useEvent
DA:29,1
DA:35,0
DA:36,0
DA:38,0
DA:39,0
DA:42,0
DA:47,0
DA:53,0
DA:54,0
DA:55,0
DA:56,0
DA:58,0
DA:68,0
DA:74,0
DA:77,0
DA:78,0
DA:81,0
DA:82,0
DA:84,0
DA:86,0
DA:89,0
DA:95,0
DA:96,0
DA:97,0
DA:99,0
DA:100,0
DA:101,0
DA:102,0
DA:103,0
DA:106,0
DA:112,0
DA:113,0
DA:115,0
DA:117,0
DA:121,0
DA:122,0
DA:123,0
DA:127,0
DA:128,0
DA:131,0
DA:148,0
DA:149,0
DA:150,0
DA:152,0
LF:44
LH:1
BRDA:53,0,0,0
BRDA:53,0,1,0
BRDA:53,1,0,0
BRDA:53,1,1,0
BRDA:55,2,0,0
BRDA:55,2,1,0
BRDA:78,3,0,0
BRDA:78,3,1,0
BRDA:84,4,0,0
BRDA:84,4,1,0
BRDA:122,5,0,0
BRDA:122,5,1,0
BRDA:123,6,0,0
BRDA:123,6,1,0
BRDA:149,7,0,0
BRDA:149,7,1,0
BRF:16
BRH:0
end_of_record
TN:
SF:src/context/GeometriesContext.tsx
FN:22,GeometriesProvider
FN:28,(anonymous_1)
FN:52,(anonymous_2)
FN:69,useGeometries
FNF:4
FNH:4
FNDA:5,GeometriesProvider
FNDA:3,(anonymous_1)
FNDA:2,(anonymous_2)
FNDA:5,useGeometries
DA:18,2
DA:23,5
DA:26,5
DA:28,5
DA:29,3
DA:30,3
DA:31,3
DA:32,3
DA:36,3
DA:37,3
DA:38,4
DA:39,3
DA:41,4
DA:44,3
DA:46,0
DA:48,3
DA:52,5
DA:53,2
DA:56,5
DA:70,5
DA:71,5
DA:72,0
DA:74,5
LF:23
LH:21
BRDA:38,0,0,3
BRDA:38,0,1,1
BRDA:71,1,0,0
BRDA:71,1,1,5
BRF:4
BRH:3
end_of_record
TN:
SF:src/context/PointsContext.tsx
FN:20,PointsProvider
FN:26,(anonymous_1)
FN:48,(anonymous_2)
FN:59,(anonymous_3)
FN:72,usePoints
FNF:5
FNH:5
FNDA:5,PointsProvider
FNDA:3,(anonymous_1)
FNDA:1,(anonymous_2)
FNDA:2,(anonymous_3)
FNDA:5,usePoints
DA:18,2
DA:21,5
DA:24,5
DA:26,5
DA:27,3
DA:28,3
DA:29,3
DA:31,3
DA:36,3
DA:37,3
DA:38,4
DA:40,4
DA:41,3
DA:43,4
DA:47,3
DA:48,3
DA:51,3
DA:53,0
DA:55,3
DA:59,5
DA:60,2
DA:63,5
DA:73,5
DA:74,5
DA:75,0
DA:77,5
LF:26
LH:24
BRDA:38,0,0,4
BRDA:38,0,1,0
BRDA:40,1,0,3
BRDA:40,1,1,1
BRDA:74,2,0,0
BRDA:74,2,1,5
BRF:6
BRH:4
end_of_record
TN:
SF:src/screens/ConnectEvent.tsx
FN:15,sortEventsByStatus
FN:22,(anonymous_1)
FN:32,ConnectEvent
FN:38,(anonymous_3)
FN:43,(anonymous_4)
FN:53,(anonymous_5)
FN:73,(anonymous_6)
FN:74,(anonymous_7)
FN:94,(anonymous_8)
FNF:9
FNH:2
FNDA:2,sortEventsByStatus
FNDA:7,(anonymous_1)
FNDA:0,ConnectEvent
FNDA:0,(anonymous_3)
FNDA:0,(anonymous_4)
FNDA:0,(anonymous_5)
FNDA:0,(anonymous_6)
FNDA:0,(anonymous_7)
FNDA:0,(anonymous_8)
DA:16,2
DA:22,2
DA:24,7
DA:25,7
DA:26,7
DA:27,7
DA:28,7
DA:33,0
DA:34,0
DA:35,0
DA:36,0
DA:38,0
DA:39,0
DA:43,0
DA:44,0
DA:45,0
DA:46,0
DA:49,0
DA:50,0
DA:53,0
DA:63,0
DA:73,0
DA:75,0
DA:94,0
LF:24
LH:7
BRDA:24,0,0,7
BRDA:24,0,1,7
BRDA:24,0,2,0
BRDA:25,1,0,7
BRDA:25,1,1,7
BRDA:25,1,2,0
BRDA:26,2,0,7
BRDA:26,2,1,0
BRDA:27,3,0,7
BRDA:27,3,1,1
BRDA:49,4,0,0
BRDA:49,4,1,0
BRF:12
BRH:7
end_of_record
TN:
SF:src/screens/RegisterPoint.tsx
FN:34,savePointToDB
FN:82,RegisterPointScreen
FN:104,(anonymous_2)
FN:108,(anonymous_3)
FN:145,(anonymous_4)
FN:160,(anonymous_5)
FN:168,(anonymous_6)
FN:169,(anonymous_7)
FN:170,(anonymous_8)
FN:174,(anonymous_9)
FN:263,(anonymous_10)
FN:281,(anonymous_11)
FN:342,(anonymous_12)
FN:354,(anonymous_13)
FN:382,(anonymous_14)
FN:392,(anonymous_15)
FN:411,(anonymous_16)
FN:412,(anonymous_17)
FN:419,(anonymous_18)
FN:433,(anonymous_19)
FN:458,(anonymous_20)
FN:473,(anonymous_21)
FNF:22
FNH:1
FNDA:2,savePointToDB
FNDA:0,RegisterPointScreen
FNDA:0,(anonymous_2)
FNDA:0,(anonymous_3)
FNDA:0,(anonymous_4)
FNDA:0,(anonymous_5)
FNDA:0,(anonymous_6)
FNDA:0,(anonymous_7)
FNDA:0,(anonymous_8)
FNDA:0,(anonymous_9)
FNDA:0,(anonymous_10)
FNDA:0,(anonymous_11)
FNDA:0,(anonymous_12)
FNDA:0,(anonymous_13)
FNDA:0,(anonymous_14)
FNDA:0,(anonymous_15)
FNDA:0,(anonymous_16)
FNDA:0,(anonymous_17)
FNDA:0,(anonymous_18)
FNDA:0,(anonymous_19)
FNDA:0,(anonymous_20)
FNDA:0,(anonymous_21)
DA:44,2
DA:48,2
DA:51,2
DA:52,1
DA:59,2
DA:60,1
DA:67,2
DA:68,1
DA:75,2
DA:76,2
DA:79,2
DA:83,0
DA:84,0
DA:85,0
DA:89,0
DA:93,0
DA:94,0
DA:95,0
DA:97,0
DA:98,0
DA:99,0
DA:100,0
DA:104,0
DA:105,0
DA:108,0
DA:109,0
DA:110,0
DA:111,0
DA:115,0
DA:118,0
DA:120,0
DA:125,0
DA:126,0
DA:127,0
DA:128,0
DA:129,0
DA:142,0
DA:145,0
DA:146,0
DA:147,0
DA:148,0
DA:149,0
DA:150,0
DA:153,0
DA:158,0
DA:159,0
DA:160,0
DA:163,0
DA:164,0
DA:168,0
DA:169,0
DA:170,0
DA:174,0
DA:179,0
DA:180,0
DA:185,0
DA:186,0
DA:187,0
DA:193,0
DA:194,0
DA:201,0
DA:202,0
DA:203,0
DA:204,0
DA:206,0
DA:211,0
DA:212,0
DA:221,0
DA:222,0
DA:229,0
DA:230,0
DA:231,0
DA:232,0
DA:237,0
DA:241,0
DA:249,0
DA:251,0
DA:255,0
DA:259,0
DA:263,0
DA:264,0
DA:267,0
DA:282,0
DA:283,0
DA:284,0
DA:342,0
DA:354,0
DA:382,0
DA:393,0
DA:411,0
DA:413,0
DA:419,0
DA:434,0
DA:435,0
DA:440,0
DA:441,0
DA:442,0
DA:443,0
DA:444,0
DA:445,0
DA:446,0
DA:447,0
DA:450,0
DA:459,0
DA:460,0
DA:461,0
DA:462,0
DA:473,0
LF:108
LH:11
BRDA:51,0,0,1
BRDA:51,0,1,1
BRDA:59,1,0,1
BRDA:59,1,1,1
BRDA:110,2,0,0
BRDA:110,2,1,0
BRDA:127,3,0,0
BRDA:127,3,1,0
BRDA:148,4,0,0
BRDA:148,4,1,0
BRDA:158,5,0,0
BRDA:158,5,1,0
BRDA:159,6,0,0
BRDA:159,6,1,0
BRDA:177,7,0,0
BRDA:186,8,0,0
BRDA:186,8,1,0
BRDA:186,9,0,0
BRDA:186,9,1,0
BRDA:193,10,0,0
BRDA:193,10,1,0
BRDA:201,11,0,0
BRDA:201,11,1,0
BRDA:211,12,0,0
BRDA:211,12,1,0
BRDA:211,12,2,0
BRDA:221,13,0,0
BRDA:221,13,1,0
BRDA:229,14,0,0
BRDA:229,14,1,0
BRDA:272,15,0,0
BRDA:272,15,1,0
BRDA:289,16,0,0
BRDA:289,16,1,0
BRDA:357,17,0,0
BRDA:357,17,1,0
BRDA:381,18,0,0
BRDA:381,18,1,0
BRDA:386,19,0,0
BRDA:386,19,1,0
BRDA:407,20,0,0
BRDA:407,20,1,0
BRDA:434,21,0,0
BRDA:434,21,1,0
BRDA:440,22,0,0
BRDA:440,22,1,0
BRF:46
BRH:4
end_of_record
TN:
SF:src/screens/RouteNavigation.tsx
FN:13,checkPointVisibility
FN:31,fetchRouteCoordinates
FN:35,(anonymous_2)
FN:39,(anonymous_3)
FN:47,(anonymous_4)
FN:58,(anonymous_5)
FN:61,RouteNavigation
FN:65,(anonymous_7)
FN:82,(anonymous_8)
FN:83,(anonymous_9)
FN:97,(anonymous_10)
FN:110,(anonymous_11)
FN:120,(anonymous_12)
FN:127,(anonymous_13)
FN:135,(anonymous_14)
FN:136,(anonymous_15)
FN:187,(anonymous_16)
FN:195,(anonymous_17)
FN:196,(anonymous_18)
FN:200,(anonymous_19)
FN:220,(anonymous_20)
FN:235,(anonymous_21)
FN:250,(anonymous_22)
FN:290,(anonymous_23)
FN:316,(anonymous_24)
FNF:25
FNH:5
FNDA:2,checkPointVisibility
FNDA:2,fetchRouteCoordinates
FNDA:0,(anonymous_2)
FNDA:4,(anonymous_3)
FNDA:3,(anonymous_4)
FNDA:2,(anonymous_5)
FNDA:0,RouteNavigation
FNDA:0,(anonymous_7)
FNDA:0,(anonymous_8)
FNDA:0,(anonymous_9)
FNDA:0,(anonymous_10)
FNDA:0,(anonymous_11)
FNDA:0,(anonymous_12)
FNDA:0,(anonymous_13)
FNDA:0,(anonymous_14)
FNDA:0,(anonymous_15)
FNDA:0,(anonymous_16)
FNDA:0,(anonymous_17)
FNDA:0,(anonymous_18)
FNDA:0,(anonymous_19)
FNDA:0,(anonymous_20)
FNDA:0,(anonymous_21)
FNDA:0,(anonymous_22)
FNDA:0,(anonymous_23)
FNDA:0,(anonymous_24)
DA:17,2
DA:18,2
DA:19,2
DA:20,2
DA:22,2
DA:34,2
DA:35,0
DA:38,2
DA:39,4
DA:40,2
DA:42,2
DA:43,1
DA:45,1
DA:46,1
DA:47,3
DA:54,1
DA:58,2
DA:62,0
DA:63,0
DA:64,0
DA:65,0
DA:69,0
DA:70,0
DA:74,0
DA:75,0
DA:78,0
DA:79,0
DA:82,0
DA:83,0
DA:84,0
DA:86,0
DA:87,0
DA:91,0
DA:94,0
DA:96,0
DA:97,0
DA:101,0
DA:105,0
DA:107,0
DA:109,0
DA:110,0
DA:115,0
DA:118,0
DA:119,0
DA:120,0
DA:124,0
DA:126,0
DA:127,0
DA:132,0
DA:135,0
DA:136,0
DA:137,0
DA:138,0
DA:139,0
DA:143,0
DA:146,0
DA:147,0
DA:151,0
DA:156,0
DA:159,0
DA:160,0
DA:167,0
DA:174,0
DA:178,0
DA:181,0
DA:188,0
DA:195,0
DA:196,0
DA:200,0
DA:201,0
DA:202,0
DA:203,0
DA:205,0
DA:211,0
DA:213,0
DA:220,0
DA:221,0
DA:222,0
DA:223,0
DA:225,0
DA:231,0
DA:235,0
DA:237,0
DA:238,0
DA:239,0
DA:242,0
DA:247,0
DA:250,0
DA:251,0
DA:252,0
DA:258,0
DA:261,0
DA:262,0
DA:269,0
DA:291,0
DA:316,0
LF:96
LH:16
BRDA:23,0,0,2
BRDA:23,0,1,2
BRDA:23,0,2,1
BRDA:23,0,3,1
BRDA:34,1,0,0
BRDA:34,1,1,2
BRDA:45,2,0,1
BRDA:45,2,1,0
BRDA:45,3,0,1
BRDA:45,3,1,1
BRDA:65,4,0,0
BRDA:65,4,1,0
BRDA:84,5,0,0
BRDA:84,5,1,0
BRDA:86,6,0,0
BRDA:86,6,1,0
BRDA:107,7,0,0
BRDA:107,7,1,0
BRDA:107,8,0,0
BRDA:107,8,1,0
BRDA:107,8,2,0
BRDA:138,9,0,0
BRDA:138,9,1,0
BRDA:159,10,0,0
BRDA:159,10,1,0
BRDA:201,11,0,0
BRDA:201,11,1,0
BRDA:221,12,0,0
BRDA:221,12,1,0
BRDA:242,13,0,0
BRDA:242,13,1,0
BRDA:242,13,2,0
BRDA:242,13,3,0
BRDA:261,14,0,0
BRDA:261,14,1,0
BRDA:261,15,0,0
BRDA:261,15,1,0
BRDA:281,16,0,0
BRDA:281,16,1,0
BRDA:294,17,0,0
BRDA:294,17,1,0
BRDA:297,18,0,0
BRDA:297,18,1,0
BRDA:306,19,0,0
BRDA:306,19,1,0
BRDA:336,20,0,0
BRDA:336,20,1,0
BRDA:345,21,0,0
BRDA:345,21,1,0
BRF:49
BRH:8
end_of_record
TN:
SF:src/services/Helper.ts
FN:4,(anonymous_0)
FN:22,(anonymous_1)
FN:28,(anonymous_2)
FNF:3
FNH:0
FNDA:0,(anonymous_0)
FNDA:0,(anonymous_1)
FNDA:0,(anonymous_2)
DA:4,1
DA:5,0
DA:6,0
DA:7,0
DA:8,0
DA:11,0
DA:13,0
DA:18,0
DA:22,1
DA:23,0
DA:24,0
DA:25,0
DA:28,1
DA:29,0
DA:30,0
DA:31,0
DA:32,0
DA:34,0
DA:35,0
LF:19
LH:3
BRDA:6,0,0,0
BRDA:6,0,1,0
BRDA:31,1,0,0
BRDA:31,1,1,0
BRDA:31,2,0,0
BRDA:31,2,1,0
BRDA:31,3,0,0
BRDA:31,3,1,0
BRDA:31,4,0,0
BRDA:31,4,1,0
BRDA:31,5,0,0
BRDA:31,5,1,0
BRDA:31,6,0,0
BRDA:31,6,1,0
BRF:14
BRH:0
end_of_record
TN:
SF:src/services/databaseAcces.ts
FN:1,(anonymous_0)
FN:5,(anonymous_1)
FN:9,(anonymous_2)
FN:13,(anonymous_3)
FN:17,(anonymous_4)
FN:21,(anonymous_5)
FN:25,(anonymous_6)
FN:29,(anonymous_7)
FN:33,(anonymous_8)
FN:37,(anonymous_9)
FN:41,(anonymous_10)
FN:46,(anonymous_11)
FNF:12
FNH:4
FNDA:0,(anonymous_0)
FNDA:0,(anonymous_1)
FNDA:1,(anonymous_2)
FNDA:0,(anonymous_3)
FNDA:0,(anonymous_4)
FNDA:0,(anonymous_5)
FNDA:0,(anonymous_6)
FNDA:0,(anonymous_7)
FNDA:0,(anonymous_8)
FNDA:1,(anonymous_9)
FNDA:1,(anonymous_10)
FNDA:1,(anonymous_11)
DA:1,1
DA:2,0
DA:5,1
DA:6,0
DA:9,1
DA:10,1
DA:13,1
DA:14,0
DA:17,1
DA:18,0
DA:21,1
DA:22,0
DA:25,1
DA:26,0
DA:29,1
DA:30,0
DA:33,1
DA:34,0
DA:37,1
DA:38,1
DA:41,1
DA:42,1
DA:43,1
DA:46,1
DA:47,1
DA:48,1
DA:53,1
LF:27
LH:19
BRF:0
BRH:0
end_of_record
